INFO:     Will watch for changes in these directories: ['/Users/rakesh_arrepu/code/Project-HHH/HHH/backend']
INFO:     Uvicorn running on http://127.0.0.1:8000 (Press CTRL+C to quit)
INFO:     Started reloader process [60941] using StatReload
INFO:     Started server process [61021]
INFO:     Waiting for application startup.
2025-10-25 21:15:00,615 INFO sqlalchemy.engine.Engine BEGIN (implicit)
2025-10-25 21:15:00,616 INFO sqlalchemy.engine.Engine PRAGMA main.table_info("roles")
2025-10-25 21:15:00,616 INFO sqlalchemy.engine.Engine [raw sql] ()
2025-10-25 21:15:00,617 INFO sqlalchemy.engine.Engine PRAGMA main.table_info("users")
2025-10-25 21:15:00,617 INFO sqlalchemy.engine.Engine [raw sql] ()
2025-10-25 21:15:00,617 INFO sqlalchemy.engine.Engine PRAGMA main.table_info("groups")
2025-10-25 21:15:00,617 INFO sqlalchemy.engine.Engine [raw sql] ()
2025-10-25 21:15:00,617 INFO sqlalchemy.engine.Engine PRAGMA main.table_info("group_members")
2025-10-25 21:15:00,617 INFO sqlalchemy.engine.Engine [raw sql] ()
2025-10-25 21:15:00,617 INFO sqlalchemy.engine.Engine PRAGMA main.table_info("section_entries")
2025-10-25 21:15:00,617 INFO sqlalchemy.engine.Engine [raw sql] ()
2025-10-25 21:15:00,617 INFO sqlalchemy.engine.Engine PRAGMA main.table_info("notifications")
2025-10-25 21:15:00,617 INFO sqlalchemy.engine.Engine [raw sql] ()
2025-10-25 21:15:00,617 INFO sqlalchemy.engine.Engine PRAGMA main.table_info("audit_logs")
2025-10-25 21:15:00,617 INFO sqlalchemy.engine.Engine [raw sql] ()
2025-10-25 21:15:00,617 INFO sqlalchemy.engine.Engine PRAGMA main.table_info("backup_logs")
2025-10-25 21:15:00,617 INFO sqlalchemy.engine.Engine [raw sql] ()
2025-10-25 21:15:00,617 INFO sqlalchemy.engine.Engine COMMIT
INFO:     Application startup complete.
INFO:     127.0.0.1:56293 - "GET /api/v1/auth/health HTTP/1.1" 200 OK
INFO:     127.0.0.1:56293 - "POST /api/v1/auth/login HTTP/1.1" 403 Forbidden
INFO:     127.0.0.1:56314 - "POST /api/v1/auth/login HTTP/1.1" 403 Forbidden
INFO:     127.0.0.1:56333 - "OPTIONS /api/v1/auth/register HTTP/1.1" 200 OK
2025-10-25 21:16:08,023 INFO sqlalchemy.engine.Engine BEGIN (implicit)
2025-10-25 21:16:08,030 INFO sqlalchemy.engine.Engine SELECT users.id AS users_id, users.email AS users_email, users.password_hash AS users_password_hash, users.name AS users_name, users.role_id AS users_role_id, users.totp_secret AS users_totp_secret, users.is_2fa_enabled AS users_is_2fa_enabled, users.created_at AS users_created_at, users.last_login AS users_last_login, users.deleted_at AS users_deleted_at 
FROM users 
WHERE users.email = ?
 LIMIT ? OFFSET ?
2025-10-25 21:16:08,030 INFO sqlalchemy.engine.Engine [generated in 0.00151s] ('test@example.com', 1, 0)
2025-10-25 21:16:08,046 INFO sqlalchemy.engine.Engine INSERT INTO users (id, email, password_hash, name, role_id, totp_secret, is_2fa_enabled, last_login, deleted_at) VALUES (?, ?, ?, ?, ?, ?, ?, ?, ?) RETURNING created_at
2025-10-25 21:16:08,046 INFO sqlalchemy.engine.Engine [generated in 0.00085s] ('0c4af15c-c21a-4d08-9831-1b4678e380cf', 'test@example.com', '$pbkdf2-sha256$29000$dm4tBSAkZCzFWEuJkRIi5A$JWSOVmdaP6FihVV71gCv6OU869p62R7t3564g8akfAw', 'Test User', None, None, 0, None, None)
2025-10-25 21:16:08,047 INFO sqlalchemy.engine.Engine COMMIT
2025-10-25 21:16:08,048 INFO sqlalchemy.engine.Engine BEGIN (implicit)
2025-10-25 21:16:08,048 INFO sqlalchemy.engine.Engine SELECT users.id, users.email, users.password_hash, users.name, users.role_id, users.totp_secret, users.is_2fa_enabled, users.created_at, users.last_login, users.deleted_at 
FROM users 
WHERE users.id = ?
2025-10-25 21:16:08,048 INFO sqlalchemy.engine.Engine [generated in 0.00008s] ('0c4af15c-c21a-4d08-9831-1b4678e380cf',)
INFO:     127.0.0.1:56335 - "POST /api/v1/auth/register HTTP/1.1" 201 Created
2025-10-25 21:16:08,050 INFO sqlalchemy.engine.Engine ROLLBACK
INFO:     127.0.0.1:56333 - "OPTIONS /graphql?query=query%20Health%20%7B%0A%20%20health%0A%7D&operationName=Health&variables=%7B%7D HTTP/1.1" 200 OK
INFO:     127.0.0.1:56335 - "GET /graphql?query=query%20Health%20%7B%0A%20%20health%0A%7D&operationName=Health&variables=%7B%7D HTTP/1.1" 200 OK
INFO:     127.0.0.1:56546 - "OPTIONS /api/v1/auth/login HTTP/1.1" 200 OK
WARNING:root:[AUTH_DEBUG] Called with email='test@example.com', normalized='test@example.com'
2025-10-25 21:16:58,148 INFO sqlalchemy.engine.Engine BEGIN (implicit)
INFO:sqlalchemy.engine.Engine:BEGIN (implicit)
2025-10-25 21:16:58,149 INFO sqlalchemy.engine.Engine SELECT users.id AS users_id, users.email AS users_email, users.password_hash AS users_password_hash, users.name AS users_name, users.role_id AS users_role_id, users.totp_secret AS users_totp_secret, users.is_2fa_enabled AS users_is_2fa_enabled, users.created_at AS users_created_at, users.last_login AS users_last_login, users.deleted_at AS users_deleted_at 
FROM users 
WHERE users.email = ?
 LIMIT ? OFFSET ?
INFO:sqlalchemy.engine.Engine:SELECT users.id AS users_id, users.email AS users_email, users.password_hash AS users_password_hash, users.name AS users_name, users.role_id AS users_role_id, users.totp_secret AS users_totp_secret, users.is_2fa_enabled AS users_is_2fa_enabled, users.created_at AS users_created_at, users.last_login AS users_last_login, users.deleted_at AS users_deleted_at 
FROM users 
WHERE users.email = ?
 LIMIT ? OFFSET ?
2025-10-25 21:16:58,150 INFO sqlalchemy.engine.Engine [cached since 50.12s ago] ('test@example.com', 1, 0)
INFO:sqlalchemy.engine.Engine:[cached since 50.12s ago] ('test@example.com', 1, 0)
WARNING:root:[AUTH_DEBUG] User found: True, DB user email: test@example.com
WARNING:root:[AUTH_DEBUG] Password hash check result for email='test@example.com': True
2025-10-25 21:16:58,173 INFO sqlalchemy.engine.Engine UPDATE users SET last_login=? WHERE users.id = ?
INFO:sqlalchemy.engine.Engine:UPDATE users SET last_login=? WHERE users.id = ?
2025-10-25 21:16:58,174 INFO sqlalchemy.engine.Engine [generated in 0.00031s] ('2025-10-25 15:46:58.167654', '0c4af15c-c21a-4d08-9831-1b4678e380cf')
INFO:sqlalchemy.engine.Engine:[generated in 0.00031s] ('2025-10-25 15:46:58.167654', '0c4af15c-c21a-4d08-9831-1b4678e380cf')
2025-10-25 21:16:58,174 INFO sqlalchemy.engine.Engine COMMIT
INFO:sqlalchemy.engine.Engine:COMMIT
2025-10-25 21:16:58,176 INFO sqlalchemy.engine.Engine BEGIN (implicit)
INFO:sqlalchemy.engine.Engine:BEGIN (implicit)
2025-10-25 21:16:58,177 INFO sqlalchemy.engine.Engine SELECT users.id, users.email, users.password_hash, users.name, users.role_id, users.totp_secret, users.is_2fa_enabled, users.created_at, users.last_login, users.deleted_at 
FROM users 
WHERE users.id = ?
INFO:sqlalchemy.engine.Engine:SELECT users.id, users.email, users.password_hash, users.name, users.role_id, users.totp_secret, users.is_2fa_enabled, users.created_at, users.last_login, users.deleted_at 
FROM users 
WHERE users.id = ?
2025-10-25 21:16:58,177 INFO sqlalchemy.engine.Engine [cached since 50.13s ago] ('0c4af15c-c21a-4d08-9831-1b4678e380cf',)
INFO:sqlalchemy.engine.Engine:[cached since 50.13s ago] ('0c4af15c-c21a-4d08-9831-1b4678e380cf',)
WARNING:root:[AUTH_DEBUG] Login successful for test@example.com
INFO:     127.0.0.1:56548 - "POST /api/v1/auth/login HTTP/1.1" 200 OK
2025-10-25 21:16:58,179 INFO sqlalchemy.engine.Engine ROLLBACK
INFO:sqlalchemy.engine.Engine:ROLLBACK
INFO:     127.0.0.1:56791 - "OPTIONS /graphql?query=query%20MyGroups%20%7B%0A%20%20myGroups%20%7B%0A%20%20%20%20id%0A%20%20%20%20name%0A%20%20%20%20description%0A%20%20%20%20timezone%0A%20%20%20%20created_at%0A%20%20%20%20__typename%0A%20%20%7D%0A%7D&operationName=MyGroups&variables=%7B%7D HTTP/1.1" 200 OK
ERROR:strawberry.execution:Cannot query field 'created_at' on type 'Group'. Did you mean 'createdAt'?

GraphQL request:7:5
6 |     timezone
7 |     created_at
  |     ^
8 |     __typename
INFO:     127.0.0.1:56793 - "GET /graphql?query=query%20MyGroups%20%7B%0A%20%20myGroups%20%7B%0A%20%20%20%20id%0A%20%20%20%20name%0A%20%20%20%20description%0A%20%20%20%20timezone%0A%20%20%20%20created_at%0A%20%20%20%20__typename%0A%20%20%7D%0A%7D&operationName=MyGroups&variables=%7B%7D HTTP/1.1" 200 OK
INFO:     127.0.0.1:56799 - "OPTIONS /graphql?query=query%20Profile%20%7B%0A%20%20me%20%7B%0A%20%20%20%20id%0A%20%20%20%20name%0A%20%20%20%20email%0A%20%20%20%20__typename%0A%20%20%7D%0A%20%20streak%0A%7D&operationName=Profile&variables=%7B%7D HTTP/1.1" 200 OK
ERROR:strawberry.execution:'user'

GraphQL request:2:3
1 | query Profile {
2 |   me {
  |   ^
3 |     id
Traceback (most recent call last):
  File "/Users/rakesh_arrepu/code/Project-HHH/HHH/.venv/lib/python3.13/site-packages/graphql/execution/execute.py", line 523, in execute_field
    result = resolve_fn(source, info, **args)
  File "/Users/rakesh_arrepu/code/Project-HHH/HHH/.venv/lib/python3.13/site-packages/strawberry/schema/schema_converter.py", line 778, in _resolver
    return _get_result_with_extensions(
        _source,
        strawberry_info,
        **kwargs,
    )
  File "/Users/rakesh_arrepu/code/Project-HHH/HHH/.venv/lib/python3.13/site-packages/strawberry/schema/schema_converter.py", line 765, in extension_resolver
    return reduce(
           ~~~~~~~
    ...<2 lines>...
        wrapped_get_result,
        ~~~~~~~~~~~~~~~~~~~
    )(_source, info, **field_kwargs)
    ~^^^^^^^^^^^^^^^^^^^^^^^^^^^^^^^
  File "/Users/rakesh_arrepu/code/Project-HHH/HHH/.venv/lib/python3.13/site-packages/strawberry/schema/schema_converter.py", line 760, in wrapped_get_result
    return _get_result(
        _source, info, field_args=field_args, field_kwargs=kwargs
    )
  File "/Users/rakesh_arrepu/code/Project-HHH/HHH/.venv/lib/python3.13/site-packages/strawberry/schema/schema_converter.py", line 717, in _get_result
    return field.get_result(
           ~~~~~~~~~~~~~~~~^
        _source, info=info, args=field_args, kwargs=field_kwargs
        ^^^^^^^^^^^^^^^^^^^^^^^^^^^^^^^^^^^^^^^^^^^^^^^^^^^^^^^^
    )
    ^
  File "/Users/rakesh_arrepu/code/Project-HHH/HHH/.venv/lib/python3.13/site-packages/strawberry/types/field.py", line 224, in get_result
    return self.base_resolver(*args, **kwargs)
           ~~~~~~~~~~~~~~~~~~^^^^^^^^^^^^^^^^^
  File "/Users/rakesh_arrepu/code/Project-HHH/HHH/.venv/lib/python3.13/site-packages/strawberry/types/fields/resolver.py", line 213, in __call__
    return self.wrapped_func(*args, **kwargs)
           ~~~~~~~~~~~~~~~~~^^^^^^^^^^^^^^^^^
  File "/Users/rakesh_arrepu/code/Project-HHH/HHH/backend/src/api/graphql/schema.py", line 257, in me
    user = info.context["user"]
           ~~~~~~~~~~~~^^^^^^^^
KeyError: 'user'
INFO:     127.0.0.1:56801 - "GET /graphql?query=query%20Profile%20%7B%0A%20%20me%20%7B%0A%20%20%20%20id%0A%20%20%20%20name%0A%20%20%20%20email%0A%20%20%20%20__typename%0A%20%20%7D%0A%20%20streak%0A%7D&operationName=Profile&variables=%7B%7D HTTP/1.1" 200 OK
ERROR:strawberry.execution:Cannot query field 'created_at' on type 'Group'. Did you mean 'createdAt'?

GraphQL request:7:5
6 |     timezone
7 |     created_at
  |     ^
8 |     __typename
INFO:     127.0.0.1:56801 - "GET /graphql?query=query%20MyGroups%20%7B%0A%20%20myGroups%20%7B%0A%20%20%20%20id%0A%20%20%20%20name%0A%20%20%20%20description%0A%20%20%20%20timezone%0A%20%20%20%20created_at%0A%20%20%20%20__typename%0A%20%20%7D%0A%7D&operationName=MyGroups&variables=%7B%7D HTTP/1.1" 200 OK
ERROR:strawberry.execution:'user'

GraphQL request:2:3
1 | query Profile {
2 |   me {
  |   ^
3 |     id
Traceback (most recent call last):
  File "/Users/rakesh_arrepu/code/Project-HHH/HHH/.venv/lib/python3.13/site-packages/graphql/execution/execute.py", line 523, in execute_field
    result = resolve_fn(source, info, **args)
  File "/Users/rakesh_arrepu/code/Project-HHH/HHH/.venv/lib/python3.13/site-packages/strawberry/schema/schema_converter.py", line 778, in _resolver
    return _get_result_with_extensions(
        _source,
        strawberry_info,
        **kwargs,
    )
  File "/Users/rakesh_arrepu/code/Project-HHH/HHH/.venv/lib/python3.13/site-packages/strawberry/schema/schema_converter.py", line 765, in extension_resolver
    return reduce(
           ~~~~~~~
    ...<2 lines>...
        wrapped_get_result,
        ~~~~~~~~~~~~~~~~~~~
    )(_source, info, **field_kwargs)
    ~^^^^^^^^^^^^^^^^^^^^^^^^^^^^^^^
  File "/Users/rakesh_arrepu/code/Project-HHH/HHH/.venv/lib/python3.13/site-packages/strawberry/schema/schema_converter.py", line 760, in wrapped_get_result
    return _get_result(
        _source, info, field_args=field_args, field_kwargs=kwargs
    )
  File "/Users/rakesh_arrepu/code/Project-HHH/HHH/.venv/lib/python3.13/site-packages/strawberry/schema/schema_converter.py", line 717, in _get_result
    return field.get_result(
           ~~~~~~~~~~~~~~~~^
        _source, info=info, args=field_args, kwargs=field_kwargs
        ^^^^^^^^^^^^^^^^^^^^^^^^^^^^^^^^^^^^^^^^^^^^^^^^^^^^^^^^
    )
    ^
  File "/Users/rakesh_arrepu/code/Project-HHH/HHH/.venv/lib/python3.13/site-packages/strawberry/types/field.py", line 224, in get_result
    return self.base_resolver(*args, **kwargs)
           ~~~~~~~~~~~~~~~~~~^^^^^^^^^^^^^^^^^
  File "/Users/rakesh_arrepu/code/Project-HHH/HHH/.venv/lib/python3.13/site-packages/strawberry/types/fields/resolver.py", line 213, in __call__
    return self.wrapped_func(*args, **kwargs)
           ~~~~~~~~~~~~~~~~~^^^^^^^^^^^^^^^^^
  File "/Users/rakesh_arrepu/code/Project-HHH/HHH/backend/src/api/graphql/schema.py", line 257, in me
    user = info.context["user"]
           ~~~~~~~~~~~~^^^^^^^^
KeyError: 'user'
INFO:     127.0.0.1:56835 - "GET /graphql?query=query%20Profile%20%7B%0A%20%20me%20%7B%0A%20%20%20%20id%0A%20%20%20%20name%0A%20%20%20%20email%0A%20%20%20%20__typename%0A%20%20%7D%0A%20%20streak%0A%7D&operationName=Profile&variables=%7B%7D HTTP/1.1" 200 OK
INFO:     127.0.0.1:61522 - "OPTIONS /graphql?query=query%20Profile%20%7B%0A%20%20me%20%7B%0A%20%20%20%20id%0A%20%20%20%20name%0A%20%20%20%20email%0A%20%20%20%20__typename%0A%20%20%7D%0A%20%20streak%0A%7D&operationName=Profile&variables=%7B%7D HTTP/1.1" 200 OK
ERROR:strawberry.execution:'user'

GraphQL request:2:3
1 | query Profile {
2 |   me {
  |   ^
3 |     id
Traceback (most recent call last):
  File "/Users/rakesh_arrepu/code/Project-HHH/HHH/.venv/lib/python3.13/site-packages/graphql/execution/execute.py", line 523, in execute_field
    result = resolve_fn(source, info, **args)
  File "/Users/rakesh_arrepu/code/Project-HHH/HHH/.venv/lib/python3.13/site-packages/strawberry/schema/schema_converter.py", line 778, in _resolver
    return _get_result_with_extensions(
        _source,
        strawberry_info,
        **kwargs,
    )
  File "/Users/rakesh_arrepu/code/Project-HHH/HHH/.venv/lib/python3.13/site-packages/strawberry/schema/schema_converter.py", line 765, in extension_resolver
    return reduce(
           ~~~~~~~
    ...<2 lines>...
        wrapped_get_result,
        ~~~~~~~~~~~~~~~~~~~
    )(_source, info, **field_kwargs)
    ~^^^^^^^^^^^^^^^^^^^^^^^^^^^^^^^
  File "/Users/rakesh_arrepu/code/Project-HHH/HHH/.venv/lib/python3.13/site-packages/strawberry/schema/schema_converter.py", line 760, in wrapped_get_result
    return _get_result(
        _source, info, field_args=field_args, field_kwargs=kwargs
    )
  File "/Users/rakesh_arrepu/code/Project-HHH/HHH/.venv/lib/python3.13/site-packages/strawberry/schema/schema_converter.py", line 717, in _get_result
    return field.get_result(
           ~~~~~~~~~~~~~~~~^
        _source, info=info, args=field_args, kwargs=field_kwargs
        ^^^^^^^^^^^^^^^^^^^^^^^^^^^^^^^^^^^^^^^^^^^^^^^^^^^^^^^^
    )
    ^
  File "/Users/rakesh_arrepu/code/Project-HHH/HHH/.venv/lib/python3.13/site-packages/strawberry/types/field.py", line 224, in get_result
    return self.base_resolver(*args, **kwargs)
           ~~~~~~~~~~~~~~~~~~^^^^^^^^^^^^^^^^^
  File "/Users/rakesh_arrepu/code/Project-HHH/HHH/.venv/lib/python3.13/site-packages/strawberry/types/fields/resolver.py", line 213, in __call__
    return self.wrapped_func(*args, **kwargs)
           ~~~~~~~~~~~~~~~~~^^^^^^^^^^^^^^^^^
  File "/Users/rakesh_arrepu/code/Project-HHH/HHH/backend/src/api/graphql/schema.py", line 257, in me
    user = info.context["user"]
           ~~~~~~~~~~~~^^^^^^^^
KeyError: 'user'
INFO:     127.0.0.1:61532 - "GET /graphql?query=query%20Profile%20%7B%0A%20%20me%20%7B%0A%20%20%20%20id%0A%20%20%20%20name%0A%20%20%20%20email%0A%20%20%20%20__typename%0A%20%20%7D%0A%20%20streak%0A%7D&operationName=Profile&variables=%7B%7D HTTP/1.1" 200 OK
WARNING:  StatReload detected changes in 'src/api/rest/v1/analytics.py'. Reloading...
INFO:     Shutting down
INFO:     Waiting for application shutdown.
INFO:     Application shutdown complete.
INFO:     Finished server process [61021]
INFO:     Started server process [61801]
INFO:     Waiting for application startup.
2025-10-25 22:06:54,724 INFO sqlalchemy.engine.Engine BEGIN (implicit)
2025-10-25 22:06:54,724 INFO sqlalchemy.engine.Engine PRAGMA main.table_info("roles")
2025-10-25 22:06:54,724 INFO sqlalchemy.engine.Engine [raw sql] ()
2025-10-25 22:06:54,725 INFO sqlalchemy.engine.Engine PRAGMA main.table_info("users")
2025-10-25 22:06:54,726 INFO sqlalchemy.engine.Engine [raw sql] ()
2025-10-25 22:06:54,726 INFO sqlalchemy.engine.Engine PRAGMA main.table_info("groups")
2025-10-25 22:06:54,726 INFO sqlalchemy.engine.Engine [raw sql] ()
2025-10-25 22:06:54,726 INFO sqlalchemy.engine.Engine PRAGMA main.table_info("group_members")
2025-10-25 22:06:54,726 INFO sqlalchemy.engine.Engine [raw sql] ()
2025-10-25 22:06:54,726 INFO sqlalchemy.engine.Engine PRAGMA main.table_info("section_entries")
2025-10-25 22:06:54,726 INFO sqlalchemy.engine.Engine [raw sql] ()
2025-10-25 22:06:54,726 INFO sqlalchemy.engine.Engine PRAGMA main.table_info("notifications")
2025-10-25 22:06:54,726 INFO sqlalchemy.engine.Engine [raw sql] ()
2025-10-25 22:06:54,726 INFO sqlalchemy.engine.Engine PRAGMA main.table_info("audit_logs")
2025-10-25 22:06:54,726 INFO sqlalchemy.engine.Engine [raw sql] ()
2025-10-25 22:06:54,726 INFO sqlalchemy.engine.Engine PRAGMA main.table_info("backup_logs")
2025-10-25 22:06:54,726 INFO sqlalchemy.engine.Engine [raw sql] ()
2025-10-25 22:06:54,726 INFO sqlalchemy.engine.Engine COMMIT
INFO:     Application startup complete.
WARNING:  StatReload detected changes in 'src/api/rest/v1/analytics.py'. Reloading...
INFO:     Shutting down
INFO:     Waiting for application shutdown.
INFO:     Application shutdown complete.
INFO:     Finished server process [61801]
INFO:     Started server process [63284]
INFO:     Waiting for application startup.
2025-10-25 22:12:23,660 INFO sqlalchemy.engine.Engine BEGIN (implicit)
2025-10-25 22:12:23,660 INFO sqlalchemy.engine.Engine PRAGMA main.table_info("roles")
2025-10-25 22:12:23,660 INFO sqlalchemy.engine.Engine [raw sql] ()
2025-10-25 22:12:23,662 INFO sqlalchemy.engine.Engine PRAGMA main.table_info("users")
2025-10-25 22:12:23,662 INFO sqlalchemy.engine.Engine [raw sql] ()
2025-10-25 22:12:23,662 INFO sqlalchemy.engine.Engine PRAGMA main.table_info("groups")
2025-10-25 22:12:23,662 INFO sqlalchemy.engine.Engine [raw sql] ()
2025-10-25 22:12:23,663 INFO sqlalchemy.engine.Engine PRAGMA main.table_info("group_members")
2025-10-25 22:12:23,663 INFO sqlalchemy.engine.Engine [raw sql] ()
2025-10-25 22:12:23,663 INFO sqlalchemy.engine.Engine PRAGMA main.table_info("section_entries")
2025-10-25 22:12:23,663 INFO sqlalchemy.engine.Engine [raw sql] ()
2025-10-25 22:12:23,663 INFO sqlalchemy.engine.Engine PRAGMA main.table_info("notifications")
2025-10-25 22:12:23,663 INFO sqlalchemy.engine.Engine [raw sql] ()
2025-10-25 22:12:23,663 INFO sqlalchemy.engine.Engine PRAGMA main.table_info("audit_logs")
2025-10-25 22:12:23,663 INFO sqlalchemy.engine.Engine [raw sql] ()
2025-10-25 22:12:23,663 INFO sqlalchemy.engine.Engine PRAGMA main.table_info("backup_logs")
2025-10-25 22:12:23,663 INFO sqlalchemy.engine.Engine [raw sql] ()
2025-10-25 22:12:23,663 INFO sqlalchemy.engine.Engine COMMIT
INFO:     Application startup complete.
WARNING:  StatReload detected changes in 'tests/integration/test_analytics_permissions.py'. Reloading...
INFO:     Shutting down
INFO:     Waiting for application shutdown.
INFO:     Application shutdown complete.
INFO:     Finished server process [63284]
INFO:     Started server process [63365]
INFO:     Waiting for application startup.
2025-10-25 22:13:49,259 INFO sqlalchemy.engine.Engine BEGIN (implicit)
2025-10-25 22:13:49,259 INFO sqlalchemy.engine.Engine PRAGMA main.table_info("roles")
2025-10-25 22:13:49,259 INFO sqlalchemy.engine.Engine [raw sql] ()
2025-10-25 22:13:49,261 INFO sqlalchemy.engine.Engine PRAGMA main.table_info("users")
2025-10-25 22:13:49,261 INFO sqlalchemy.engine.Engine [raw sql] ()
2025-10-25 22:13:49,261 INFO sqlalchemy.engine.Engine PRAGMA main.table_info("groups")
2025-10-25 22:13:49,261 INFO sqlalchemy.engine.Engine [raw sql] ()
2025-10-25 22:13:49,261 INFO sqlalchemy.engine.Engine PRAGMA main.table_info("group_members")
2025-10-25 22:13:49,261 INFO sqlalchemy.engine.Engine [raw sql] ()
2025-10-25 22:13:49,261 INFO sqlalchemy.engine.Engine PRAGMA main.table_info("section_entries")
2025-10-25 22:13:49,261 INFO sqlalchemy.engine.Engine [raw sql] ()
2025-10-25 22:13:49,261 INFO sqlalchemy.engine.Engine PRAGMA main.table_info("notifications")
2025-10-25 22:13:49,261 INFO sqlalchemy.engine.Engine [raw sql] ()
2025-10-25 22:13:49,261 INFO sqlalchemy.engine.Engine PRAGMA main.table_info("audit_logs")
2025-10-25 22:13:49,261 INFO sqlalchemy.engine.Engine [raw sql] ()
2025-10-25 22:13:49,261 INFO sqlalchemy.engine.Engine PRAGMA main.table_info("backup_logs")
2025-10-25 22:13:49,261 INFO sqlalchemy.engine.Engine [raw sql] ()
2025-10-25 22:13:49,261 INFO sqlalchemy.engine.Engine COMMIT
INFO:     Application startup complete.
WARNING:  StatReload detected changes in 'src/api/rest/v1/analytics.py'. Reloading...
INFO:     Shutting down
INFO:     Waiting for application shutdown.
INFO:     Application shutdown complete.
INFO:     Finished server process [63365]
INFO:     Started server process [63536]
INFO:     Waiting for application startup.
2025-10-25 22:14:59,011 INFO sqlalchemy.engine.Engine BEGIN (implicit)
2025-10-25 22:14:59,011 INFO sqlalchemy.engine.Engine PRAGMA main.table_info("roles")
2025-10-25 22:14:59,011 INFO sqlalchemy.engine.Engine [raw sql] ()
2025-10-25 22:14:59,012 INFO sqlalchemy.engine.Engine PRAGMA main.table_info("users")
2025-10-25 22:14:59,012 INFO sqlalchemy.engine.Engine [raw sql] ()
2025-10-25 22:14:59,013 INFO sqlalchemy.engine.Engine PRAGMA main.table_info("groups")
2025-10-25 22:14:59,013 INFO sqlalchemy.engine.Engine [raw sql] ()
2025-10-25 22:14:59,013 INFO sqlalchemy.engine.Engine PRAGMA main.table_info("group_members")
2025-10-25 22:14:59,013 INFO sqlalchemy.engine.Engine [raw sql] ()
2025-10-25 22:14:59,013 INFO sqlalchemy.engine.Engine PRAGMA main.table_info("section_entries")
2025-10-25 22:14:59,013 INFO sqlalchemy.engine.Engine [raw sql] ()
2025-10-25 22:14:59,013 INFO sqlalchemy.engine.Engine PRAGMA main.table_info("notifications")
2025-10-25 22:14:59,013 INFO sqlalchemy.engine.Engine [raw sql] ()
2025-10-25 22:14:59,013 INFO sqlalchemy.engine.Engine PRAGMA main.table_info("audit_logs")
2025-10-25 22:14:59,013 INFO sqlalchemy.engine.Engine [raw sql] ()
2025-10-25 22:14:59,013 INFO sqlalchemy.engine.Engine PRAGMA main.table_info("backup_logs")
2025-10-25 22:14:59,013 INFO sqlalchemy.engine.Engine [raw sql] ()
2025-10-25 22:14:59,013 INFO sqlalchemy.engine.Engine COMMIT
INFO:     Application startup complete.
WARNING:  StatReload detected changes in 'src/api/graphql/schema.py'. Reloading...
INFO:     Shutting down
INFO:     Waiting for application shutdown.
INFO:     Application shutdown complete.
INFO:     Finished server process [63536]
INFO:     Started server process [63569]
INFO:     Waiting for application startup.
2025-10-25 22:16:16,537 INFO sqlalchemy.engine.Engine BEGIN (implicit)
2025-10-25 22:16:16,537 INFO sqlalchemy.engine.Engine PRAGMA main.table_info("roles")
2025-10-25 22:16:16,537 INFO sqlalchemy.engine.Engine [raw sql] ()
2025-10-25 22:16:16,538 INFO sqlalchemy.engine.Engine PRAGMA main.table_info("users")
2025-10-25 22:16:16,538 INFO sqlalchemy.engine.Engine [raw sql] ()
2025-10-25 22:16:16,538 INFO sqlalchemy.engine.Engine PRAGMA main.table_info("groups")
2025-10-25 22:16:16,538 INFO sqlalchemy.engine.Engine [raw sql] ()
2025-10-25 22:16:16,538 INFO sqlalchemy.engine.Engine PRAGMA main.table_info("group_members")
2025-10-25 22:16:16,538 INFO sqlalchemy.engine.Engine [raw sql] ()
2025-10-25 22:16:16,538 INFO sqlalchemy.engine.Engine PRAGMA main.table_info("section_entries")
2025-10-25 22:16:16,538 INFO sqlalchemy.engine.Engine [raw sql] ()
2025-10-25 22:16:16,538 INFO sqlalchemy.engine.Engine PRAGMA main.table_info("notifications")
2025-10-25 22:16:16,539 INFO sqlalchemy.engine.Engine [raw sql] ()
2025-10-25 22:16:16,539 INFO sqlalchemy.engine.Engine PRAGMA main.table_info("audit_logs")
2025-10-25 22:16:16,539 INFO sqlalchemy.engine.Engine [raw sql] ()
2025-10-25 22:16:16,539 INFO sqlalchemy.engine.Engine PRAGMA main.table_info("backup_logs")
2025-10-25 22:16:16,539 INFO sqlalchemy.engine.Engine [raw sql] ()
2025-10-25 22:16:16,539 INFO sqlalchemy.engine.Engine COMMIT
INFO:     Application startup complete.
WARNING:  StatReload detected changes in 'tests/integration/test_analytics_permissions.py'. Reloading...
INFO:     Shutting down
INFO:     Waiting for application shutdown.
INFO:     Application shutdown complete.
INFO:     Finished server process [63569]
INFO:     Started server process [63739]
INFO:     Waiting for application startup.
2025-10-25 22:17:24,147 INFO sqlalchemy.engine.Engine BEGIN (implicit)
2025-10-25 22:17:24,147 INFO sqlalchemy.engine.Engine PRAGMA main.table_info("roles")
2025-10-25 22:17:24,148 INFO sqlalchemy.engine.Engine [raw sql] ()
2025-10-25 22:17:24,150 INFO sqlalchemy.engine.Engine PRAGMA main.table_info("users")
2025-10-25 22:17:24,150 INFO sqlalchemy.engine.Engine [raw sql] ()
2025-10-25 22:17:24,150 INFO sqlalchemy.engine.Engine PRAGMA main.table_info("groups")
2025-10-25 22:17:24,150 INFO sqlalchemy.engine.Engine [raw sql] ()
2025-10-25 22:17:24,150 INFO sqlalchemy.engine.Engine PRAGMA main.table_info("group_members")
2025-10-25 22:17:24,150 INFO sqlalchemy.engine.Engine [raw sql] ()
2025-10-25 22:17:24,150 INFO sqlalchemy.engine.Engine PRAGMA main.table_info("section_entries")
2025-10-25 22:17:24,150 INFO sqlalchemy.engine.Engine [raw sql] ()
2025-10-25 22:17:24,151 INFO sqlalchemy.engine.Engine PRAGMA main.table_info("notifications")
2025-10-25 22:17:24,151 INFO sqlalchemy.engine.Engine [raw sql] ()
2025-10-25 22:17:24,151 INFO sqlalchemy.engine.Engine PRAGMA main.table_info("audit_logs")
2025-10-25 22:17:24,151 INFO sqlalchemy.engine.Engine [raw sql] ()
2025-10-25 22:17:24,151 INFO sqlalchemy.engine.Engine PRAGMA main.table_info("backup_logs")
2025-10-25 22:17:24,151 INFO sqlalchemy.engine.Engine [raw sql] ()
2025-10-25 22:17:24,151 INFO sqlalchemy.engine.Engine COMMIT
INFO:     Application startup complete.
WARNING:  StatReload detected changes in 'tests/integration/test_analytics_permissions.py'. Reloading...
INFO:     Shutting down
INFO:     Waiting for application shutdown.
INFO:     Application shutdown complete.
INFO:     Finished server process [63739]
INFO:     Started server process [63909]
INFO:     Waiting for application startup.
2025-10-25 22:18:19,417 INFO sqlalchemy.engine.Engine BEGIN (implicit)
2025-10-25 22:18:19,418 INFO sqlalchemy.engine.Engine PRAGMA main.table_info("roles")
2025-10-25 22:18:19,418 INFO sqlalchemy.engine.Engine [raw sql] ()
2025-10-25 22:18:19,419 INFO sqlalchemy.engine.Engine PRAGMA main.table_info("users")
2025-10-25 22:18:19,419 INFO sqlalchemy.engine.Engine [raw sql] ()
2025-10-25 22:18:19,419 INFO sqlalchemy.engine.Engine PRAGMA main.table_info("groups")
2025-10-25 22:18:19,419 INFO sqlalchemy.engine.Engine [raw sql] ()
2025-10-25 22:18:19,419 INFO sqlalchemy.engine.Engine PRAGMA main.table_info("group_members")
2025-10-25 22:18:19,419 INFO sqlalchemy.engine.Engine [raw sql] ()
2025-10-25 22:18:19,419 INFO sqlalchemy.engine.Engine PRAGMA main.table_info("section_entries")
2025-10-25 22:18:19,419 INFO sqlalchemy.engine.Engine [raw sql] ()
2025-10-25 22:18:19,419 INFO sqlalchemy.engine.Engine PRAGMA main.table_info("notifications")
2025-10-25 22:18:19,419 INFO sqlalchemy.engine.Engine [raw sql] ()
2025-10-25 22:18:19,419 INFO sqlalchemy.engine.Engine PRAGMA main.table_info("audit_logs")
2025-10-25 22:18:19,419 INFO sqlalchemy.engine.Engine [raw sql] ()
2025-10-25 22:18:19,419 INFO sqlalchemy.engine.Engine PRAGMA main.table_info("backup_logs")
2025-10-25 22:18:19,419 INFO sqlalchemy.engine.Engine [raw sql] ()
2025-10-25 22:18:19,420 INFO sqlalchemy.engine.Engine COMMIT
INFO:     Application startup complete.
WARNING:  StatReload detected changes in 'main.py'. Reloading...
INFO:     Shutting down
INFO:     Waiting for application shutdown.
INFO:     Application shutdown complete.
INFO:     Finished server process [63909]
INFO:     Started server process [67151]
INFO:     Waiting for application startup.
2025-10-25 22:41:21,539 INFO sqlalchemy.engine.Engine BEGIN (implicit)
2025-10-25 22:41:21,539 INFO sqlalchemy.engine.Engine PRAGMA main.table_info("roles")
2025-10-25 22:41:21,539 INFO sqlalchemy.engine.Engine [raw sql] ()
2025-10-25 22:41:21,541 INFO sqlalchemy.engine.Engine PRAGMA main.table_info("users")
2025-10-25 22:41:21,541 INFO sqlalchemy.engine.Engine [raw sql] ()
2025-10-25 22:41:21,541 INFO sqlalchemy.engine.Engine PRAGMA main.table_info("groups")
2025-10-25 22:41:21,541 INFO sqlalchemy.engine.Engine [raw sql] ()
2025-10-25 22:41:21,541 INFO sqlalchemy.engine.Engine PRAGMA main.table_info("group_members")
2025-10-25 22:41:21,541 INFO sqlalchemy.engine.Engine [raw sql] ()
2025-10-25 22:41:21,541 INFO sqlalchemy.engine.Engine PRAGMA main.table_info("section_entries")
2025-10-25 22:41:21,541 INFO sqlalchemy.engine.Engine [raw sql] ()
2025-10-25 22:41:21,541 INFO sqlalchemy.engine.Engine PRAGMA main.table_info("notifications")
2025-10-25 22:41:21,541 INFO sqlalchemy.engine.Engine [raw sql] ()
2025-10-25 22:41:21,541 INFO sqlalchemy.engine.Engine PRAGMA main.table_info("audit_logs")
2025-10-25 22:41:21,541 INFO sqlalchemy.engine.Engine [raw sql] ()
2025-10-25 22:41:21,541 INFO sqlalchemy.engine.Engine PRAGMA main.table_info("backup_logs")
2025-10-25 22:41:21,541 INFO sqlalchemy.engine.Engine [raw sql] ()
2025-10-25 22:41:21,541 INFO sqlalchemy.engine.Engine COMMIT
INFO:     Application startup complete.
INFO:     127.0.0.1:55261 - "OPTIONS /graphql?query=query%20Profile%20%7B%0A%20%20me%20%7B%0A%20%20%20%20id%0A%20%20%20%20name%0A%20%20%20%20email%0A%20%20%20%20__typename%0A%20%20%7D%0A%20%20streak%0A%7D&operationName=Profile&variables=%7B%7D HTTP/1.1" 200 OK
'NoneType' object has no attribute 'id'

GraphQL request:2:3
1 | query Profile {
2 |   me {
  |   ^
3 |     id
Traceback (most recent call last):
  File "/Users/rakesh_arrepu/code/Project-HHH/HHH/.venv/lib/python3.13/site-packages/graphql/execution/execute.py", line 523, in execute_field
    result = resolve_fn(source, info, **args)
  File "/Users/rakesh_arrepu/code/Project-HHH/HHH/.venv/lib/python3.13/site-packages/strawberry/schema/schema_converter.py", line 778, in _resolver
    return _get_result_with_extensions(
        _source,
        strawberry_info,
        **kwargs,
    )
  File "/Users/rakesh_arrepu/code/Project-HHH/HHH/.venv/lib/python3.13/site-packages/strawberry/schema/schema_converter.py", line 765, in extension_resolver
    return reduce(
           ~~~~~~~
    ...<2 lines>...
        wrapped_get_result,
        ~~~~~~~~~~~~~~~~~~~
    )(_source, info, **field_kwargs)
    ~^^^^^^^^^^^^^^^^^^^^^^^^^^^^^^^
  File "/Users/rakesh_arrepu/code/Project-HHH/HHH/.venv/lib/python3.13/site-packages/strawberry/schema/schema_converter.py", line 760, in wrapped_get_result
    return _get_result(
        _source, info, field_args=field_args, field_kwargs=kwargs
    )
  File "/Users/rakesh_arrepu/code/Project-HHH/HHH/.venv/lib/python3.13/site-packages/strawberry/schema/schema_converter.py", line 717, in _get_result
    return field.get_result(
           ~~~~~~~~~~~~~~~~^
        _source, info=info, args=field_args, kwargs=field_kwargs
        ^^^^^^^^^^^^^^^^^^^^^^^^^^^^^^^^^^^^^^^^^^^^^^^^^^^^^^^^
    )
    ^
  File "/Users/rakesh_arrepu/code/Project-HHH/HHH/.venv/lib/python3.13/site-packages/strawberry/types/field.py", line 224, in get_result
    return self.base_resolver(*args, **kwargs)
           ~~~~~~~~~~~~~~~~~~^^^^^^^^^^^^^^^^^
  File "/Users/rakesh_arrepu/code/Project-HHH/HHH/.venv/lib/python3.13/site-packages/strawberry/types/fields/resolver.py", line 213, in __call__
    return self.wrapped_func(*args, **kwargs)
           ~~~~~~~~~~~~~~~~~^^^^^^^^^^^^^^^^^
  File "/Users/rakesh_arrepu/code/Project-HHH/HHH/backend/src/api/graphql/schema.py", line 258, in me
    return to_user_type(user)
  File "/Users/rakesh_arrepu/code/Project-HHH/HHH/backend/src/api/graphql/schema.py", line 224, in to_user_type
    id=str(user_model.id),
           ^^^^^^^^^^^^^
AttributeError: 'NoneType' object has no attribute 'id'
INFO:     127.0.0.1:55263 - "GET /graphql?query=query%20Profile%20%7B%0A%20%20me%20%7B%0A%20%20%20%20id%0A%20%20%20%20name%0A%20%20%20%20email%0A%20%20%20%20__typename%0A%20%20%7D%0A%20%20streak%0A%7D&operationName=Profile&variables=%7B%7D HTTP/1.1" 200 OK
WARNING:  StatReload detected changes in 'src/api/rest/v1/auth.py'. Reloading...
INFO:     Shutting down
INFO:     Waiting for application shutdown.
INFO:     Application shutdown complete.
INFO:     Finished server process [67151]
INFO:     Started server process [67264]
INFO:     Waiting for application startup.
2025-10-25 22:44:11,740 INFO sqlalchemy.engine.Engine BEGIN (implicit)
2025-10-25 22:44:11,740 INFO sqlalchemy.engine.Engine PRAGMA main.table_info("roles")
2025-10-25 22:44:11,741 INFO sqlalchemy.engine.Engine [raw sql] ()
2025-10-25 22:44:11,742 INFO sqlalchemy.engine.Engine PRAGMA main.table_info("users")
2025-10-25 22:44:11,742 INFO sqlalchemy.engine.Engine [raw sql] ()
2025-10-25 22:44:11,742 INFO sqlalchemy.engine.Engine PRAGMA main.table_info("groups")
2025-10-25 22:44:11,742 INFO sqlalchemy.engine.Engine [raw sql] ()
2025-10-25 22:44:11,742 INFO sqlalchemy.engine.Engine PRAGMA main.table_info("group_members")
2025-10-25 22:44:11,742 INFO sqlalchemy.engine.Engine [raw sql] ()
2025-10-25 22:44:11,742 INFO sqlalchemy.engine.Engine PRAGMA main.table_info("section_entries")
2025-10-25 22:44:11,742 INFO sqlalchemy.engine.Engine [raw sql] ()
2025-10-25 22:44:11,742 INFO sqlalchemy.engine.Engine PRAGMA main.table_info("notifications")
2025-10-25 22:44:11,742 INFO sqlalchemy.engine.Engine [raw sql] ()
2025-10-25 22:44:11,743 INFO sqlalchemy.engine.Engine PRAGMA main.table_info("audit_logs")
2025-10-25 22:44:11,743 INFO sqlalchemy.engine.Engine [raw sql] ()
2025-10-25 22:44:11,743 INFO sqlalchemy.engine.Engine PRAGMA main.table_info("backup_logs")
2025-10-25 22:44:11,743 INFO sqlalchemy.engine.Engine [raw sql] ()
2025-10-25 22:44:11,743 INFO sqlalchemy.engine.Engine COMMIT
INFO:     Application startup complete.
WARNING:  StatReload detected changes in 'tests/integration/test_auth_2fa.py'. Reloading...
INFO:     Shutting down
INFO:     Waiting for application shutdown.
INFO:     Application shutdown complete.
INFO:     Finished server process [67264]
INFO:     Started server process [67333]
INFO:     Waiting for application startup.
2025-10-25 22:46:25,337 INFO sqlalchemy.engine.Engine BEGIN (implicit)
2025-10-25 22:46:25,337 INFO sqlalchemy.engine.Engine PRAGMA main.table_info("roles")
2025-10-25 22:46:25,337 INFO sqlalchemy.engine.Engine [raw sql] ()
2025-10-25 22:46:25,338 INFO sqlalchemy.engine.Engine PRAGMA main.table_info("users")
2025-10-25 22:46:25,338 INFO sqlalchemy.engine.Engine [raw sql] ()
2025-10-25 22:46:25,338 INFO sqlalchemy.engine.Engine PRAGMA main.table_info("groups")
2025-10-25 22:46:25,338 INFO sqlalchemy.engine.Engine [raw sql] ()
2025-10-25 22:46:25,338 INFO sqlalchemy.engine.Engine PRAGMA main.table_info("group_members")
2025-10-25 22:46:25,338 INFO sqlalchemy.engine.Engine [raw sql] ()
2025-10-25 22:46:25,338 INFO sqlalchemy.engine.Engine PRAGMA main.table_info("section_entries")
2025-10-25 22:46:25,338 INFO sqlalchemy.engine.Engine [raw sql] ()
2025-10-25 22:46:25,338 INFO sqlalchemy.engine.Engine PRAGMA main.table_info("notifications")
2025-10-25 22:46:25,338 INFO sqlalchemy.engine.Engine [raw sql] ()
2025-10-25 22:46:25,339 INFO sqlalchemy.engine.Engine PRAGMA main.table_info("audit_logs")
2025-10-25 22:46:25,339 INFO sqlalchemy.engine.Engine [raw sql] ()
2025-10-25 22:46:25,339 INFO sqlalchemy.engine.Engine PRAGMA main.table_info("backup_logs")
2025-10-25 22:46:25,339 INFO sqlalchemy.engine.Engine [raw sql] ()
2025-10-25 22:46:25,339 INFO sqlalchemy.engine.Engine COMMIT
INFO:     Application startup complete.
WARNING:  StatReload detected changes in 'tests/integration/test_auth_2fa.py'. Reloading...
INFO:     Shutting down
INFO:     Waiting for application shutdown.
INFO:     Application shutdown complete.
INFO:     Finished server process [67333]
INFO:     Started server process [67569]
INFO:     Waiting for application startup.
2025-10-25 22:47:25,075 INFO sqlalchemy.engine.Engine BEGIN (implicit)
2025-10-25 22:47:25,075 INFO sqlalchemy.engine.Engine PRAGMA main.table_info("roles")
2025-10-25 22:47:25,075 INFO sqlalchemy.engine.Engine [raw sql] ()
2025-10-25 22:47:25,075 INFO sqlalchemy.engine.Engine PRAGMA main.table_info("users")
2025-10-25 22:47:25,075 INFO sqlalchemy.engine.Engine [raw sql] ()
2025-10-25 22:47:25,076 INFO sqlalchemy.engine.Engine PRAGMA main.table_info("groups")
2025-10-25 22:47:25,076 INFO sqlalchemy.engine.Engine [raw sql] ()
2025-10-25 22:47:25,076 INFO sqlalchemy.engine.Engine PRAGMA main.table_info("group_members")
2025-10-25 22:47:25,076 INFO sqlalchemy.engine.Engine [raw sql] ()
2025-10-25 22:47:25,076 INFO sqlalchemy.engine.Engine PRAGMA main.table_info("section_entries")
2025-10-25 22:47:25,076 INFO sqlalchemy.engine.Engine [raw sql] ()
2025-10-25 22:47:25,076 INFO sqlalchemy.engine.Engine PRAGMA main.table_info("notifications")
2025-10-25 22:47:25,076 INFO sqlalchemy.engine.Engine [raw sql] ()
2025-10-25 22:47:25,076 INFO sqlalchemy.engine.Engine PRAGMA main.table_info("audit_logs")
2025-10-25 22:47:25,076 INFO sqlalchemy.engine.Engine [raw sql] ()
2025-10-25 22:47:25,076 INFO sqlalchemy.engine.Engine PRAGMA main.table_info("backup_logs")
2025-10-25 22:47:25,076 INFO sqlalchemy.engine.Engine [raw sql] ()
2025-10-25 22:47:25,076 INFO sqlalchemy.engine.Engine COMMIT
INFO:     Application startup complete.
WARNING:  StatReload detected changes in 'tests/integration/test_auth_2fa.py'. Reloading...
INFO:     Shutting down
INFO:     Waiting for application shutdown.
INFO:     Application shutdown complete.
INFO:     Finished server process [67569]
INFO:     Started server process [67791]
INFO:     Waiting for application startup.
2025-10-25 22:48:22,754 INFO sqlalchemy.engine.Engine BEGIN (implicit)
2025-10-25 22:48:22,754 INFO sqlalchemy.engine.Engine PRAGMA main.table_info("roles")
2025-10-25 22:48:22,754 INFO sqlalchemy.engine.Engine [raw sql] ()
2025-10-25 22:48:22,754 INFO sqlalchemy.engine.Engine PRAGMA main.table_info("users")
2025-10-25 22:48:22,754 INFO sqlalchemy.engine.Engine [raw sql] ()
2025-10-25 22:48:22,754 INFO sqlalchemy.engine.Engine PRAGMA main.table_info("groups")
2025-10-25 22:48:22,754 INFO sqlalchemy.engine.Engine [raw sql] ()
2025-10-25 22:48:22,754 INFO sqlalchemy.engine.Engine PRAGMA main.table_info("group_members")
2025-10-25 22:48:22,754 INFO sqlalchemy.engine.Engine [raw sql] ()
2025-10-25 22:48:22,754 INFO sqlalchemy.engine.Engine PRAGMA main.table_info("section_entries")
2025-10-25 22:48:22,754 INFO sqlalchemy.engine.Engine [raw sql] ()
2025-10-25 22:48:22,754 INFO sqlalchemy.engine.Engine PRAGMA main.table_info("notifications")
2025-10-25 22:48:22,754 INFO sqlalchemy.engine.Engine [raw sql] ()
2025-10-25 22:48:22,755 INFO sqlalchemy.engine.Engine PRAGMA main.table_info("audit_logs")
2025-10-25 22:48:22,755 INFO sqlalchemy.engine.Engine [raw sql] ()
2025-10-25 22:48:22,755 INFO sqlalchemy.engine.Engine PRAGMA main.table_info("backup_logs")
2025-10-25 22:48:22,755 INFO sqlalchemy.engine.Engine [raw sql] ()
2025-10-25 22:48:22,755 INFO sqlalchemy.engine.Engine COMMIT
INFO:     Application startup complete.
WARNING:  StatReload detected changes in 'src/api/rest/v1/auth.py'. Reloading...
INFO:     Shutting down
INFO:     Waiting for application shutdown.
INFO:     Application shutdown complete.
INFO:     Finished server process [67791]
INFO:     Started server process [68006]
INFO:     Waiting for application startup.
2025-10-25 22:49:29,113 INFO sqlalchemy.engine.Engine BEGIN (implicit)
2025-10-25 22:49:29,113 INFO sqlalchemy.engine.Engine PRAGMA main.table_info("roles")
2025-10-25 22:49:29,113 INFO sqlalchemy.engine.Engine [raw sql] ()
2025-10-25 22:49:29,114 INFO sqlalchemy.engine.Engine PRAGMA main.table_info("users")
2025-10-25 22:49:29,114 INFO sqlalchemy.engine.Engine [raw sql] ()
2025-10-25 22:49:29,114 INFO sqlalchemy.engine.Engine PRAGMA main.table_info("groups")
2025-10-25 22:49:29,114 INFO sqlalchemy.engine.Engine [raw sql] ()
2025-10-25 22:49:29,114 INFO sqlalchemy.engine.Engine PRAGMA main.table_info("group_members")
2025-10-25 22:49:29,114 INFO sqlalchemy.engine.Engine [raw sql] ()
2025-10-25 22:49:29,114 INFO sqlalchemy.engine.Engine PRAGMA main.table_info("section_entries")
2025-10-25 22:49:29,114 INFO sqlalchemy.engine.Engine [raw sql] ()
2025-10-25 22:49:29,114 INFO sqlalchemy.engine.Engine PRAGMA main.table_info("notifications")
2025-10-25 22:49:29,114 INFO sqlalchemy.engine.Engine [raw sql] ()
2025-10-25 22:49:29,114 INFO sqlalchemy.engine.Engine PRAGMA main.table_info("audit_logs")
2025-10-25 22:49:29,114 INFO sqlalchemy.engine.Engine [raw sql] ()
2025-10-25 22:49:29,114 INFO sqlalchemy.engine.Engine PRAGMA main.table_info("backup_logs")
2025-10-25 22:49:29,114 INFO sqlalchemy.engine.Engine [raw sql] ()
2025-10-25 22:49:29,114 INFO sqlalchemy.engine.Engine COMMIT
INFO:     Application startup complete.
WARNING:  StatReload detected changes in 'tests/integration/test_auth_2fa.py'. Reloading...
INFO:     Shutting down
INFO:     Waiting for application shutdown.
INFO:     Application shutdown complete.
INFO:     Finished server process [68006]
INFO:     Started server process [68069]
INFO:     Waiting for application startup.
2025-10-25 22:51:00,416 INFO sqlalchemy.engine.Engine BEGIN (implicit)
2025-10-25 22:51:00,416 INFO sqlalchemy.engine.Engine PRAGMA main.table_info("roles")
2025-10-25 22:51:00,416 INFO sqlalchemy.engine.Engine [raw sql] ()
2025-10-25 22:51:00,417 INFO sqlalchemy.engine.Engine PRAGMA main.table_info("users")
2025-10-25 22:51:00,417 INFO sqlalchemy.engine.Engine [raw sql] ()
2025-10-25 22:51:00,417 INFO sqlalchemy.engine.Engine PRAGMA main.table_info("groups")
2025-10-25 22:51:00,417 INFO sqlalchemy.engine.Engine [raw sql] ()
2025-10-25 22:51:00,417 INFO sqlalchemy.engine.Engine PRAGMA main.table_info("group_members")
2025-10-25 22:51:00,417 INFO sqlalchemy.engine.Engine [raw sql] ()
2025-10-25 22:51:00,417 INFO sqlalchemy.engine.Engine PRAGMA main.table_info("section_entries")
2025-10-25 22:51:00,417 INFO sqlalchemy.engine.Engine [raw sql] ()
2025-10-25 22:51:00,417 INFO sqlalchemy.engine.Engine PRAGMA main.table_info("notifications")
2025-10-25 22:51:00,417 INFO sqlalchemy.engine.Engine [raw sql] ()
2025-10-25 22:51:00,417 INFO sqlalchemy.engine.Engine PRAGMA main.table_info("audit_logs")
2025-10-25 22:51:00,417 INFO sqlalchemy.engine.Engine [raw sql] ()
2025-10-25 22:51:00,417 INFO sqlalchemy.engine.Engine PRAGMA main.table_info("backup_logs")
2025-10-25 22:51:00,417 INFO sqlalchemy.engine.Engine [raw sql] ()
2025-10-25 22:51:00,418 INFO sqlalchemy.engine.Engine COMMIT
INFO:     Application startup complete.
WARNING:  StatReload detected changes in 'tests/integration/test_admin_apis.py'. Reloading...
INFO:     Shutting down
INFO:     Waiting for application shutdown.
INFO:     Application shutdown complete.
INFO:     Finished server process [68069]
INFO:     Started server process [68346]
INFO:     Waiting for application startup.
2025-10-25 22:53:03,420 INFO sqlalchemy.engine.Engine BEGIN (implicit)
2025-10-25 22:53:03,420 INFO sqlalchemy.engine.Engine PRAGMA main.table_info("roles")
2025-10-25 22:53:03,421 INFO sqlalchemy.engine.Engine [raw sql] ()
2025-10-25 22:53:03,422 INFO sqlalchemy.engine.Engine PRAGMA main.table_info("users")
2025-10-25 22:53:03,422 INFO sqlalchemy.engine.Engine [raw sql] ()
2025-10-25 22:53:03,422 INFO sqlalchemy.engine.Engine PRAGMA main.table_info("groups")
2025-10-25 22:53:03,422 INFO sqlalchemy.engine.Engine [raw sql] ()
2025-10-25 22:53:03,422 INFO sqlalchemy.engine.Engine PRAGMA main.table_info("group_members")
2025-10-25 22:53:03,422 INFO sqlalchemy.engine.Engine [raw sql] ()
2025-10-25 22:53:03,422 INFO sqlalchemy.engine.Engine PRAGMA main.table_info("section_entries")
2025-10-25 22:53:03,422 INFO sqlalchemy.engine.Engine [raw sql] ()
2025-10-25 22:53:03,422 INFO sqlalchemy.engine.Engine PRAGMA main.table_info("notifications")
2025-10-25 22:53:03,422 INFO sqlalchemy.engine.Engine [raw sql] ()
2025-10-25 22:53:03,422 INFO sqlalchemy.engine.Engine PRAGMA main.table_info("audit_logs")
2025-10-25 22:53:03,422 INFO sqlalchemy.engine.Engine [raw sql] ()
2025-10-25 22:53:03,422 INFO sqlalchemy.engine.Engine PRAGMA main.table_info("backup_logs")
2025-10-25 22:53:03,422 INFO sqlalchemy.engine.Engine [raw sql] ()
2025-10-25 22:53:03,423 INFO sqlalchemy.engine.Engine COMMIT
INFO:     Application startup complete.
WARNING:  StatReload detected changes in 'src/services/backup.py'. Reloading...
INFO:     Shutting down
INFO:     Waiting for application shutdown.
INFO:     Application shutdown complete.
INFO:     Finished server process [68346]
INFO:     Started server process [68621]
INFO:     Waiting for application startup.
2025-10-25 22:56:04,042 INFO sqlalchemy.engine.Engine BEGIN (implicit)
2025-10-25 22:56:04,042 INFO sqlalchemy.engine.Engine PRAGMA main.table_info("roles")
2025-10-25 22:56:04,042 INFO sqlalchemy.engine.Engine [raw sql] ()
2025-10-25 22:56:04,043 INFO sqlalchemy.engine.Engine PRAGMA main.table_info("users")
2025-10-25 22:56:04,043 INFO sqlalchemy.engine.Engine [raw sql] ()
2025-10-25 22:56:04,043 INFO sqlalchemy.engine.Engine PRAGMA main.table_info("groups")
2025-10-25 22:56:04,043 INFO sqlalchemy.engine.Engine [raw sql] ()
2025-10-25 22:56:04,043 INFO sqlalchemy.engine.Engine PRAGMA main.table_info("group_members")
2025-10-25 22:56:04,043 INFO sqlalchemy.engine.Engine [raw sql] ()
2025-10-25 22:56:04,043 INFO sqlalchemy.engine.Engine PRAGMA main.table_info("section_entries")
2025-10-25 22:56:04,043 INFO sqlalchemy.engine.Engine [raw sql] ()
2025-10-25 22:56:04,043 INFO sqlalchemy.engine.Engine PRAGMA main.table_info("notifications")
2025-10-25 22:56:04,043 INFO sqlalchemy.engine.Engine [raw sql] ()
2025-10-25 22:56:04,043 INFO sqlalchemy.engine.Engine PRAGMA main.table_info("audit_logs")
2025-10-25 22:56:04,043 INFO sqlalchemy.engine.Engine [raw sql] ()
2025-10-25 22:56:04,043 INFO sqlalchemy.engine.Engine PRAGMA main.table_info("backup_logs")
2025-10-25 22:56:04,043 INFO sqlalchemy.engine.Engine [raw sql] ()
2025-10-25 22:56:04,043 INFO sqlalchemy.engine.Engine COMMIT
INFO:     Application startup complete.
WARNING:  StatReload detected changes in 'tests/integration/test_admin_apis.py'. Reloading...
INFO:     Shutting down
INFO:     Waiting for application shutdown.
INFO:     Application shutdown complete.
INFO:     Finished server process [68621]
INFO:     Started server process [68667]
INFO:     Waiting for application startup.
2025-10-25 22:57:34,372 INFO sqlalchemy.engine.Engine BEGIN (implicit)
2025-10-25 22:57:34,372 INFO sqlalchemy.engine.Engine PRAGMA main.table_info("roles")
2025-10-25 22:57:34,372 INFO sqlalchemy.engine.Engine [raw sql] ()
2025-10-25 22:57:34,373 INFO sqlalchemy.engine.Engine PRAGMA main.table_info("users")
2025-10-25 22:57:34,373 INFO sqlalchemy.engine.Engine [raw sql] ()
2025-10-25 22:57:34,373 INFO sqlalchemy.engine.Engine PRAGMA main.table_info("groups")
2025-10-25 22:57:34,373 INFO sqlalchemy.engine.Engine [raw sql] ()
2025-10-25 22:57:34,373 INFO sqlalchemy.engine.Engine PRAGMA main.table_info("group_members")
2025-10-25 22:57:34,373 INFO sqlalchemy.engine.Engine [raw sql] ()
2025-10-25 22:57:34,373 INFO sqlalchemy.engine.Engine PRAGMA main.table_info("section_entries")
2025-10-25 22:57:34,373 INFO sqlalchemy.engine.Engine [raw sql] ()
2025-10-25 22:57:34,373 INFO sqlalchemy.engine.Engine PRAGMA main.table_info("notifications")
2025-10-25 22:57:34,373 INFO sqlalchemy.engine.Engine [raw sql] ()
2025-10-25 22:57:34,373 INFO sqlalchemy.engine.Engine PRAGMA main.table_info("audit_logs")
2025-10-25 22:57:34,373 INFO sqlalchemy.engine.Engine [raw sql] ()
2025-10-25 22:57:34,373 INFO sqlalchemy.engine.Engine PRAGMA main.table_info("backup_logs")
2025-10-25 22:57:34,373 INFO sqlalchemy.engine.Engine [raw sql] ()
2025-10-25 22:57:34,373 INFO sqlalchemy.engine.Engine COMMIT
INFO:     Application startup complete.
WARNING:  StatReload detected changes in 'tests/integration/test_admin_apis.py'. Reloading...
INFO:     Shutting down
INFO:     Waiting for application shutdown.
INFO:     Application shutdown complete.
INFO:     Finished server process [68667]
INFO:     Started server process [68917]
INFO:     Waiting for application startup.
2025-10-25 22:59:31,620 INFO sqlalchemy.engine.Engine BEGIN (implicit)
2025-10-25 22:59:31,620 INFO sqlalchemy.engine.Engine PRAGMA main.table_info("roles")
2025-10-25 22:59:31,620 INFO sqlalchemy.engine.Engine [raw sql] ()
2025-10-25 22:59:31,621 INFO sqlalchemy.engine.Engine PRAGMA main.table_info("users")
2025-10-25 22:59:31,621 INFO sqlalchemy.engine.Engine [raw sql] ()
2025-10-25 22:59:31,621 INFO sqlalchemy.engine.Engine PRAGMA main.table_info("groups")
2025-10-25 22:59:31,621 INFO sqlalchemy.engine.Engine [raw sql] ()
2025-10-25 22:59:31,621 INFO sqlalchemy.engine.Engine PRAGMA main.table_info("group_members")
2025-10-25 22:59:31,621 INFO sqlalchemy.engine.Engine [raw sql] ()
2025-10-25 22:59:31,621 INFO sqlalchemy.engine.Engine PRAGMA main.table_info("section_entries")
2025-10-25 22:59:31,621 INFO sqlalchemy.engine.Engine [raw sql] ()
2025-10-25 22:59:31,621 INFO sqlalchemy.engine.Engine PRAGMA main.table_info("notifications")
2025-10-25 22:59:31,621 INFO sqlalchemy.engine.Engine [raw sql] ()
2025-10-25 22:59:31,621 INFO sqlalchemy.engine.Engine PRAGMA main.table_info("audit_logs")
2025-10-25 22:59:31,621 INFO sqlalchemy.engine.Engine [raw sql] ()
2025-10-25 22:59:31,621 INFO sqlalchemy.engine.Engine PRAGMA main.table_info("backup_logs")
2025-10-25 22:59:31,621 INFO sqlalchemy.engine.Engine [raw sql] ()
2025-10-25 22:59:31,621 INFO sqlalchemy.engine.Engine COMMIT
INFO:     Application startup complete.
WARNING:  StatReload detected changes in 'src/services/backup.py'. Reloading...
INFO:     Shutting down
INFO:     Waiting for application shutdown.
INFO:     Application shutdown complete.
INFO:     Finished server process [68917]
INFO:     Started server process [68965]
INFO:     Waiting for application startup.
2025-10-25 23:00:38,467 INFO sqlalchemy.engine.Engine BEGIN (implicit)
2025-10-25 23:00:38,467 INFO sqlalchemy.engine.Engine PRAGMA main.table_info("roles")
2025-10-25 23:00:38,467 INFO sqlalchemy.engine.Engine [raw sql] ()
2025-10-25 23:00:38,467 INFO sqlalchemy.engine.Engine PRAGMA main.table_info("users")
2025-10-25 23:00:38,467 INFO sqlalchemy.engine.Engine [raw sql] ()
2025-10-25 23:00:38,467 INFO sqlalchemy.engine.Engine PRAGMA main.table_info("groups")
2025-10-25 23:00:38,467 INFO sqlalchemy.engine.Engine [raw sql] ()
2025-10-25 23:00:38,467 INFO sqlalchemy.engine.Engine PRAGMA main.table_info("group_members")
2025-10-25 23:00:38,467 INFO sqlalchemy.engine.Engine [raw sql] ()
2025-10-25 23:00:38,467 INFO sqlalchemy.engine.Engine PRAGMA main.table_info("section_entries")
2025-10-25 23:00:38,467 INFO sqlalchemy.engine.Engine [raw sql] ()
2025-10-25 23:00:38,468 INFO sqlalchemy.engine.Engine PRAGMA main.table_info("notifications")
2025-10-25 23:00:38,468 INFO sqlalchemy.engine.Engine [raw sql] ()
2025-10-25 23:00:38,468 INFO sqlalchemy.engine.Engine PRAGMA main.table_info("audit_logs")
2025-10-25 23:00:38,468 INFO sqlalchemy.engine.Engine [raw sql] ()
2025-10-25 23:00:38,468 INFO sqlalchemy.engine.Engine PRAGMA main.table_info("backup_logs")
2025-10-25 23:00:38,468 INFO sqlalchemy.engine.Engine [raw sql] ()
2025-10-25 23:00:38,468 INFO sqlalchemy.engine.Engine COMMIT
INFO:     Application startup complete.
WARNING:  StatReload detected changes in 'src/services/gdpr.py'. Reloading...
INFO:     Shutting down
INFO:     Waiting for application shutdown.
INFO:     Application shutdown complete.
INFO:     Finished server process [68965]
INFO:     Started server process [69209]
INFO:     Waiting for application startup.
2025-10-25 23:01:47,938 INFO sqlalchemy.engine.Engine BEGIN (implicit)
2025-10-25 23:01:47,938 INFO sqlalchemy.engine.Engine PRAGMA main.table_info("roles")
2025-10-25 23:01:47,938 INFO sqlalchemy.engine.Engine [raw sql] ()
2025-10-25 23:01:47,938 INFO sqlalchemy.engine.Engine PRAGMA main.table_info("users")
2025-10-25 23:01:47,938 INFO sqlalchemy.engine.Engine [raw sql] ()
2025-10-25 23:01:47,938 INFO sqlalchemy.engine.Engine PRAGMA main.table_info("groups")
2025-10-25 23:01:47,938 INFO sqlalchemy.engine.Engine [raw sql] ()
2025-10-25 23:01:47,938 INFO sqlalchemy.engine.Engine PRAGMA main.table_info("group_members")
2025-10-25 23:01:47,938 INFO sqlalchemy.engine.Engine [raw sql] ()
2025-10-25 23:01:47,939 INFO sqlalchemy.engine.Engine PRAGMA main.table_info("section_entries")
2025-10-25 23:01:47,939 INFO sqlalchemy.engine.Engine [raw sql] ()
2025-10-25 23:01:47,939 INFO sqlalchemy.engine.Engine PRAGMA main.table_info("notifications")
2025-10-25 23:01:47,939 INFO sqlalchemy.engine.Engine [raw sql] ()
2025-10-25 23:01:47,939 INFO sqlalchemy.engine.Engine PRAGMA main.table_info("audit_logs")
2025-10-25 23:01:47,939 INFO sqlalchemy.engine.Engine [raw sql] ()
2025-10-25 23:01:47,939 INFO sqlalchemy.engine.Engine PRAGMA main.table_info("backup_logs")
2025-10-25 23:01:47,939 INFO sqlalchemy.engine.Engine [raw sql] ()
2025-10-25 23:01:47,939 INFO sqlalchemy.engine.Engine COMMIT
INFO:     Application startup complete.
INFO:     127.0.0.1:60781 - "OPTIONS /graphql?query=query%20Profile%20%7B%0A%20%20me%20%7B%0A%20%20%20%20id%0A%20%20%20%20name%0A%20%20%20%20email%0A%20%20%20%20__typename%0A%20%20%7D%0A%20%20streak%0A%7D&operationName=Profile&variables=%7B%7D HTTP/1.1" 200 OK
'NoneType' object has no attribute 'id'

GraphQL request:2:3
1 | query Profile {
2 |   me {
  |   ^
3 |     id
Traceback (most recent call last):
  File "/Users/rakesh_arrepu/code/Project-HHH/HHH/.venv/lib/python3.13/site-packages/graphql/execution/execute.py", line 523, in execute_field
    result = resolve_fn(source, info, **args)
  File "/Users/rakesh_arrepu/code/Project-HHH/HHH/.venv/lib/python3.13/site-packages/strawberry/schema/schema_converter.py", line 778, in _resolver
    return _get_result_with_extensions(
        _source,
        strawberry_info,
        **kwargs,
    )
  File "/Users/rakesh_arrepu/code/Project-HHH/HHH/.venv/lib/python3.13/site-packages/strawberry/schema/schema_converter.py", line 765, in extension_resolver
    return reduce(
           ~~~~~~~
    ...<2 lines>...
        wrapped_get_result,
        ~~~~~~~~~~~~~~~~~~~
    )(_source, info, **field_kwargs)
    ~^^^^^^^^^^^^^^^^^^^^^^^^^^^^^^^
  File "/Users/rakesh_arrepu/code/Project-HHH/HHH/.venv/lib/python3.13/site-packages/strawberry/schema/schema_converter.py", line 760, in wrapped_get_result
    return _get_result(
        _source, info, field_args=field_args, field_kwargs=kwargs
    )
  File "/Users/rakesh_arrepu/code/Project-HHH/HHH/.venv/lib/python3.13/site-packages/strawberry/schema/schema_converter.py", line 717, in _get_result
    return field.get_result(
           ~~~~~~~~~~~~~~~~^
        _source, info=info, args=field_args, kwargs=field_kwargs
        ^^^^^^^^^^^^^^^^^^^^^^^^^^^^^^^^^^^^^^^^^^^^^^^^^^^^^^^^
    )
    ^
  File "/Users/rakesh_arrepu/code/Project-HHH/HHH/.venv/lib/python3.13/site-packages/strawberry/types/field.py", line 224, in get_result
    return self.base_resolver(*args, **kwargs)
           ~~~~~~~~~~~~~~~~~~^^^^^^^^^^^^^^^^^
  File "/Users/rakesh_arrepu/code/Project-HHH/HHH/.venv/lib/python3.13/site-packages/strawberry/types/fields/resolver.py", line 213, in __call__
    return self.wrapped_func(*args, **kwargs)
           ~~~~~~~~~~~~~~~~~^^^^^^^^^^^^^^^^^
  File "/Users/rakesh_arrepu/code/Project-HHH/HHH/backend/src/api/graphql/schema.py", line 258, in me
    return to_user_type(user)
  File "/Users/rakesh_arrepu/code/Project-HHH/HHH/backend/src/api/graphql/schema.py", line 224, in to_user_type
    id=str(user_model.id),
           ^^^^^^^^^^^^^
AttributeError: 'NoneType' object has no attribute 'id'
INFO:     127.0.0.1:60785 - "GET /graphql?query=query%20Profile%20%7B%0A%20%20me%20%7B%0A%20%20%20%20id%0A%20%20%20%20name%0A%20%20%20%20email%0A%20%20%20%20__typename%0A%20%20%7D%0A%20%20streak%0A%7D&operationName=Profile&variables=%7B%7D HTTP/1.1" 200 OK
WARNING:  StatReload detected changes in 'src/api/graphql/schema.py'. Reloading...
INFO:     Shutting down
INFO:     Waiting for application shutdown.
INFO:     Application shutdown complete.
INFO:     Finished server process [69209]
INFO:     Started server process [71134]
INFO:     Waiting for application startup.
2025-10-25 23:30:05,836 INFO sqlalchemy.engine.Engine BEGIN (implicit)
2025-10-25 23:30:05,840 INFO sqlalchemy.engine.Engine PRAGMA main.table_info("roles")
2025-10-25 23:30:05,840 INFO sqlalchemy.engine.Engine [raw sql] ()
2025-10-25 23:30:05,847 INFO sqlalchemy.engine.Engine PRAGMA main.table_info("users")
2025-10-25 23:30:05,848 INFO sqlalchemy.engine.Engine [raw sql] ()
2025-10-25 23:30:05,849 INFO sqlalchemy.engine.Engine PRAGMA main.table_info("groups")
2025-10-25 23:30:05,849 INFO sqlalchemy.engine.Engine [raw sql] ()
2025-10-25 23:30:05,849 INFO sqlalchemy.engine.Engine PRAGMA main.table_info("group_members")
2025-10-25 23:30:05,849 INFO sqlalchemy.engine.Engine [raw sql] ()
2025-10-25 23:30:05,849 INFO sqlalchemy.engine.Engine PRAGMA main.table_info("section_entries")
2025-10-25 23:30:05,849 INFO sqlalchemy.engine.Engine [raw sql] ()
2025-10-25 23:30:05,850 INFO sqlalchemy.engine.Engine PRAGMA main.table_info("notifications")
2025-10-25 23:30:05,850 INFO sqlalchemy.engine.Engine [raw sql] ()
2025-10-25 23:30:05,850 INFO sqlalchemy.engine.Engine PRAGMA main.table_info("audit_logs")
2025-10-25 23:30:05,850 INFO sqlalchemy.engine.Engine [raw sql] ()
2025-10-25 23:30:05,851 INFO sqlalchemy.engine.Engine PRAGMA main.table_info("backup_logs")
2025-10-25 23:30:05,851 INFO sqlalchemy.engine.Engine [raw sql] ()
2025-10-25 23:30:05,851 INFO sqlalchemy.engine.Engine COMMIT
INFO:     Application startup complete.
WARNING:  StatReload detected changes in 'src/services/group.py'. Reloading...
INFO:     Shutting down
INFO:     Waiting for application shutdown.
INFO:     Application shutdown complete.
INFO:     Finished server process [71134]
INFO:     Started server process [71201]
INFO:     Waiting for application startup.
2025-10-25 23:31:44,056 INFO sqlalchemy.engine.Engine BEGIN (implicit)
2025-10-25 23:31:44,057 INFO sqlalchemy.engine.Engine PRAGMA main.table_info("roles")
2025-10-25 23:31:44,057 INFO sqlalchemy.engine.Engine [raw sql] ()
2025-10-25 23:31:44,058 INFO sqlalchemy.engine.Engine PRAGMA main.table_info("users")
2025-10-25 23:31:44,058 INFO sqlalchemy.engine.Engine [raw sql] ()
2025-10-25 23:31:44,058 INFO sqlalchemy.engine.Engine PRAGMA main.table_info("groups")
2025-10-25 23:31:44,058 INFO sqlalchemy.engine.Engine [raw sql] ()
2025-10-25 23:31:44,058 INFO sqlalchemy.engine.Engine PRAGMA main.table_info("group_members")
2025-10-25 23:31:44,058 INFO sqlalchemy.engine.Engine [raw sql] ()
2025-10-25 23:31:44,058 INFO sqlalchemy.engine.Engine PRAGMA main.table_info("section_entries")
2025-10-25 23:31:44,058 INFO sqlalchemy.engine.Engine [raw sql] ()
2025-10-25 23:31:44,058 INFO sqlalchemy.engine.Engine PRAGMA main.table_info("notifications")
2025-10-25 23:31:44,058 INFO sqlalchemy.engine.Engine [raw sql] ()
2025-10-25 23:31:44,058 INFO sqlalchemy.engine.Engine PRAGMA main.table_info("audit_logs")
2025-10-25 23:31:44,058 INFO sqlalchemy.engine.Engine [raw sql] ()
2025-10-25 23:31:44,058 INFO sqlalchemy.engine.Engine PRAGMA main.table_info("backup_logs")
2025-10-25 23:31:44,058 INFO sqlalchemy.engine.Engine [raw sql] ()
2025-10-25 23:31:44,059 INFO sqlalchemy.engine.Engine COMMIT
INFO:     Application startup complete.
INFO:     127.0.0.1:63385 - "OPTIONS /graphql?query=query%20GlobalAnalytics%20%7B%0A%20%20globalAnalytics%20%7B%0A%20%20%20%20period%20%7B%0A%20%20%20%20%20%20start%0A%20%20%20%20%20%20end%0A%20%20%20%20%20%20__typename%0A%20%20%20%20%7D%0A%20%20%20%20totalUsers%0A%20%20%20%20totalGroups%0A%20%20%20%20totalEntries%0A%20%20%20%20newUsers%0A%20%20%20%20activeUsers%0A%20%20%20%20activeGroups%0A%20%20%20%20engagementRate%0A%20%20%20%20__typename%0A%20%20%7D%0A%7D&operationName=GlobalAnalytics&variables=%7B%7D HTTP/1.1" 400 Bad Request
INFO:     127.0.0.1:63387 - "OPTIONS /graphql?query=query%20Streak(%24groupId%3A%20String)%20%7B%0A%20%20streak(groupId%3A%20%24groupId)%0A%7D&operationName=Streak&variables=%7B%7D HTTP/1.1" 400 Bad Request
INFO:     127.0.0.1:63388 - "OPTIONS /graphql?query=query%20DailyProgress(%24date%3A%20Date!%2C%20%24groupId%3A%20String)%20%7B%0A%20%20dailyProgress(date%3A%20%24date%2C%20groupId%3A%20%24groupId)%20%7B%0A%20%20%20%20date%0A%20%20%20%20totalEntries%0A%20%20%20%20completedSections%0A%20%20%20%20totalSections%0A%20%20%20%20progressPercentage%0A%20%20%20%20__typename%0A%20%20%7D%0A%7D&operationName=DailyProgress&variables=%7B%22date%22%3A%222025-10-25%22%7D HTTP/1.1" 400 Bad Request
INFO:     127.0.0.1:63389 - "OPTIONS /graphql?query=query%20Health%20%7B%0A%20%20health%0A%7D&operationName=Health&variables=%7B%7D HTTP/1.1" 400 Bad Request
INFO:     127.0.0.1:63393 - "OPTIONS /graphql?query=query%20MyGroups%20%7B%0A%20%20myGroups%20%7B%0A%20%20%20%20id%0A%20%20%20%20name%0A%20%20%20%20description%0A%20%20%20%20timezone%0A%20%20%20%20created_at%0A%20%20%20%20__typename%0A%20%20%7D%0A%7D&operationName=MyGroups&variables=%7B%7D HTTP/1.1" 400 Bad Request
INFO:     127.0.0.1:63393 - "OPTIONS /graphql?query=query%20Profile%20%7B%0A%20%20me%20%7B%0A%20%20%20%20id%0A%20%20%20%20name%0A%20%20%20%20email%0A%20%20%20%20__typename%0A%20%20%7D%0A%20%20streak%0A%7D&operationName=Profile&variables=%7B%7D HTTP/1.1" 400 Bad Request
WARNING:  StatReload detected changes in 'src/api/rest/v1/backup.py'. Reloading...
INFO:     Shutting down
INFO:     Waiting for application shutdown.
INFO:     Application shutdown complete.
INFO:     Finished server process [71201]
Process SpawnProcess-24:
Traceback (most recent call last):
  File "/Library/Frameworks/Python.framework/Versions/3.13/lib/python3.13/multiprocessing/process.py", line 313, in _bootstrap
    self.run()
    ~~~~~~~~^^
  File "/Library/Frameworks/Python.framework/Versions/3.13/lib/python3.13/multiprocessing/process.py", line 108, in run
    self._target(*self._args, **self._kwargs)
    ~~~~~~~~~~~~^^^^^^^^^^^^^^^^^^^^^^^^^^^^^
  File "/Users/rakesh_arrepu/code/Project-HHH/HHH/.venv/lib/python3.13/site-packages/uvicorn/_subprocess.py", line 76, in subprocess_started
    target(sockets=sockets)
    ~~~~~~^^^^^^^^^^^^^^^^^
  File "/Users/rakesh_arrepu/code/Project-HHH/HHH/.venv/lib/python3.13/site-packages/uvicorn/server.py", line 61, in run
    return asyncio.run(self.serve(sockets=sockets))
           ~~~~~~~~~~~^^^^^^^^^^^^^^^^^^^^^^^^^^^^^
  File "/Library/Frameworks/Python.framework/Versions/3.13/lib/python3.13/asyncio/runners.py", line 195, in run
    return runner.run(main)
           ~~~~~~~~~~^^^^^^
  File "/Library/Frameworks/Python.framework/Versions/3.13/lib/python3.13/asyncio/runners.py", line 118, in run
    return self._loop.run_until_complete(task)
           ~~~~~~~~~~~~~~~~~~~~~~~~~~~~~^^^^^^
  File "/Library/Frameworks/Python.framework/Versions/3.13/lib/python3.13/asyncio/base_events.py", line 725, in run_until_complete
    return future.result()
           ~~~~~~~~~~~~~^^
  File "/Users/rakesh_arrepu/code/Project-HHH/HHH/.venv/lib/python3.13/site-packages/uvicorn/server.py", line 68, in serve
    config.load()
    ~~~~~~~~~~~^^
  File "/Users/rakesh_arrepu/code/Project-HHH/HHH/.venv/lib/python3.13/site-packages/uvicorn/config.py", line 467, in load
    self.loaded_app = import_from_string(self.app)
                      ~~~~~~~~~~~~~~~~~~^^^^^^^^^^
  File "/Users/rakesh_arrepu/code/Project-HHH/HHH/.venv/lib/python3.13/site-packages/uvicorn/importer.py", line 21, in import_from_string
    module = importlib.import_module(module_str)
  File "/Library/Frameworks/Python.framework/Versions/3.13/lib/python3.13/importlib/__init__.py", line 88, in import_module
    return _bootstrap._gcd_import(name[level:], package, level)
           ~~~~~~~~~~~~~~~~~~~~~~^^^^^^^^^^^^^^^^^^^^^^^^^^^^^^
  File "<frozen importlib._bootstrap>", line 1387, in _gcd_import
  File "<frozen importlib._bootstrap>", line 1360, in _find_and_load
  File "<frozen importlib._bootstrap>", line 1331, in _find_and_load_unlocked
  File "<frozen importlib._bootstrap>", line 935, in _load_unlocked
  File "<frozen importlib._bootstrap_external>", line 1026, in exec_module
  File "<frozen importlib._bootstrap>", line 488, in _call_with_frames_removed
  File "/Users/rakesh_arrepu/code/Project-HHH/HHH/backend/main.py", line 18, in <module>
    from api.rest.v1.backup import router as backup_router  # type: ignore  # noqa: E402
    ^^^^^^^^^^^^^^^^^^^^^^^^^^^^^^^^^^^^^^^^^^^^^^^^^^^^^^
  File "/Users/rakesh_arrepu/code/Project-HHH/HHH/backend/src/api/rest/v1/backup.py", line 55
    request: Request,
    ^^^^^^^^^^^^^^^^
SyntaxError: parameter without a default follows parameter with a default
WARNING:  StatReload detected changes in 'src/api/rest/v1/backup.py'. Reloading...
INFO:     Started server process [73571]
INFO:     Waiting for application startup.
2025-10-25 23:41:42,430 INFO sqlalchemy.engine.Engine BEGIN (implicit)
2025-10-25 23:41:42,430 INFO sqlalchemy.engine.Engine PRAGMA main.table_info("roles")
2025-10-25 23:41:42,430 INFO sqlalchemy.engine.Engine [raw sql] ()
2025-10-25 23:41:42,432 INFO sqlalchemy.engine.Engine PRAGMA main.table_info("users")
2025-10-25 23:41:42,432 INFO sqlalchemy.engine.Engine [raw sql] ()
2025-10-25 23:41:42,432 INFO sqlalchemy.engine.Engine PRAGMA main.table_info("groups")
2025-10-25 23:41:42,432 INFO sqlalchemy.engine.Engine [raw sql] ()
2025-10-25 23:41:42,433 INFO sqlalchemy.engine.Engine PRAGMA main.table_info("group_members")
2025-10-25 23:41:42,433 INFO sqlalchemy.engine.Engine [raw sql] ()
2025-10-25 23:41:42,433 INFO sqlalchemy.engine.Engine PRAGMA main.table_info("section_entries")
2025-10-25 23:41:42,433 INFO sqlalchemy.engine.Engine [raw sql] ()
2025-10-25 23:41:42,433 INFO sqlalchemy.engine.Engine PRAGMA main.table_info("notifications")
2025-10-25 23:41:42,433 INFO sqlalchemy.engine.Engine [raw sql] ()
2025-10-25 23:41:42,433 INFO sqlalchemy.engine.Engine PRAGMA main.table_info("audit_logs")
2025-10-25 23:41:42,433 INFO sqlalchemy.engine.Engine [raw sql] ()
2025-10-25 23:41:42,433 INFO sqlalchemy.engine.Engine PRAGMA main.table_info("backup_logs")
2025-10-25 23:41:42,433 INFO sqlalchemy.engine.Engine [raw sql] ()
2025-10-25 23:41:42,434 INFO sqlalchemy.engine.Engine COMMIT
INFO:     Application startup complete.
WARNING:  StatReload detected changes in 'src/api/graphql/schema.py'. Reloading...
INFO:     Shutting down
INFO:     Waiting for application shutdown.
INFO:     Application shutdown complete.
INFO:     Finished server process [73571]
INFO:     Started server process [73640]
INFO:     Waiting for application startup.
2025-10-25 23:42:44,059 INFO sqlalchemy.engine.Engine BEGIN (implicit)
2025-10-25 23:42:44,059 INFO sqlalchemy.engine.Engine PRAGMA main.table_info("roles")
2025-10-25 23:42:44,060 INFO sqlalchemy.engine.Engine [raw sql] ()
2025-10-25 23:42:44,061 INFO sqlalchemy.engine.Engine PRAGMA main.table_info("users")
2025-10-25 23:42:44,061 INFO sqlalchemy.engine.Engine [raw sql] ()
2025-10-25 23:42:44,061 INFO sqlalchemy.engine.Engine PRAGMA main.table_info("groups")
2025-10-25 23:42:44,061 INFO sqlalchemy.engine.Engine [raw sql] ()
2025-10-25 23:42:44,061 INFO sqlalchemy.engine.Engine PRAGMA main.table_info("group_members")
2025-10-25 23:42:44,061 INFO sqlalchemy.engine.Engine [raw sql] ()
2025-10-25 23:42:44,061 INFO sqlalchemy.engine.Engine PRAGMA main.table_info("section_entries")
2025-10-25 23:42:44,061 INFO sqlalchemy.engine.Engine [raw sql] ()
2025-10-25 23:42:44,061 INFO sqlalchemy.engine.Engine PRAGMA main.table_info("notifications")
2025-10-25 23:42:44,061 INFO sqlalchemy.engine.Engine [raw sql] ()
2025-10-25 23:42:44,061 INFO sqlalchemy.engine.Engine PRAGMA main.table_info("audit_logs")
2025-10-25 23:42:44,061 INFO sqlalchemy.engine.Engine [raw sql] ()
2025-10-25 23:42:44,061 INFO sqlalchemy.engine.Engine PRAGMA main.table_info("backup_logs")
2025-10-25 23:42:44,061 INFO sqlalchemy.engine.Engine [raw sql] ()
2025-10-25 23:42:44,061 INFO sqlalchemy.engine.Engine COMMIT
INFO:     Application startup complete.
WARNING:  StatReload detected changes in 'src/core/exceptions.py'. Reloading...
INFO:     Shutting down
INFO:     Waiting for application shutdown.
INFO:     Application shutdown complete.
INFO:     Finished server process [73640]
INFO:     Started server process [84675]
INFO:     Waiting for application startup.
2025-10-27 00:14:55,185 INFO sqlalchemy.engine.Engine BEGIN (implicit)
2025-10-27 00:14:55,185 INFO sqlalchemy.engine.Engine PRAGMA main.table_info("roles")
2025-10-27 00:14:55,185 INFO sqlalchemy.engine.Engine [raw sql] ()
2025-10-27 00:14:55,187 INFO sqlalchemy.engine.Engine PRAGMA main.table_info("users")
2025-10-27 00:14:55,187 INFO sqlalchemy.engine.Engine [raw sql] ()
2025-10-27 00:14:55,187 INFO sqlalchemy.engine.Engine PRAGMA main.table_info("groups")
2025-10-27 00:14:55,187 INFO sqlalchemy.engine.Engine [raw sql] ()
2025-10-27 00:14:55,187 INFO sqlalchemy.engine.Engine PRAGMA main.table_info("group_members")
2025-10-27 00:14:55,187 INFO sqlalchemy.engine.Engine [raw sql] ()
2025-10-27 00:14:55,187 INFO sqlalchemy.engine.Engine PRAGMA main.table_info("section_entries")
2025-10-27 00:14:55,187 INFO sqlalchemy.engine.Engine [raw sql] ()
2025-10-27 00:14:55,187 INFO sqlalchemy.engine.Engine PRAGMA main.table_info("notifications")
2025-10-27 00:14:55,187 INFO sqlalchemy.engine.Engine [raw sql] ()
2025-10-27 00:14:55,187 INFO sqlalchemy.engine.Engine PRAGMA main.table_info("audit_logs")
2025-10-27 00:14:55,187 INFO sqlalchemy.engine.Engine [raw sql] ()
2025-10-27 00:14:55,187 INFO sqlalchemy.engine.Engine PRAGMA main.table_info("backup_logs")
2025-10-27 00:14:55,187 INFO sqlalchemy.engine.Engine [raw sql] ()
2025-10-27 00:14:55,187 INFO sqlalchemy.engine.Engine COMMIT
INFO:     Application startup complete.
WARNING:  StatReload detected changes in 'src/api/rest/v1/backup.py'. Reloading...
INFO:     Shutting down
INFO:     Waiting for application shutdown.
INFO:     Application shutdown complete.
INFO:     Finished server process [84675]
Process SpawnProcess-28:
Traceback (most recent call last):
  File "/Library/Frameworks/Python.framework/Versions/3.13/lib/python3.13/multiprocessing/process.py", line 313, in _bootstrap
    self.run()
    ~~~~~~~~^^
  File "/Library/Frameworks/Python.framework/Versions/3.13/lib/python3.13/multiprocessing/process.py", line 108, in run
    self._target(*self._args, **self._kwargs)
    ~~~~~~~~~~~~^^^^^^^^^^^^^^^^^^^^^^^^^^^^^
  File "/Users/rakesh_arrepu/code/Project-HHH/HHH/.venv/lib/python3.13/site-packages/uvicorn/_subprocess.py", line 76, in subprocess_started
    target(sockets=sockets)
    ~~~~~~^^^^^^^^^^^^^^^^^
  File "/Users/rakesh_arrepu/code/Project-HHH/HHH/.venv/lib/python3.13/site-packages/uvicorn/server.py", line 61, in run
    return asyncio.run(self.serve(sockets=sockets))
           ~~~~~~~~~~~^^^^^^^^^^^^^^^^^^^^^^^^^^^^^
  File "/Library/Frameworks/Python.framework/Versions/3.13/lib/python3.13/asyncio/runners.py", line 195, in run
    return runner.run(main)
           ~~~~~~~~~~^^^^^^
  File "/Library/Frameworks/Python.framework/Versions/3.13/lib/python3.13/asyncio/runners.py", line 118, in run
    return self._loop.run_until_complete(task)
           ~~~~~~~~~~~~~~~~~~~~~~~~~~~~~^^^^^^
  File "/Library/Frameworks/Python.framework/Versions/3.13/lib/python3.13/asyncio/base_events.py", line 725, in run_until_complete
    return future.result()
           ~~~~~~~~~~~~~^^
  File "/Users/rakesh_arrepu/code/Project-HHH/HHH/.venv/lib/python3.13/site-packages/uvicorn/server.py", line 68, in serve
    config.load()
    ~~~~~~~~~~~^^
  File "/Users/rakesh_arrepu/code/Project-HHH/HHH/.venv/lib/python3.13/site-packages/uvicorn/config.py", line 467, in load
    self.loaded_app = import_from_string(self.app)
                      ~~~~~~~~~~~~~~~~~~^^^^^^^^^^
  File "/Users/rakesh_arrepu/code/Project-HHH/HHH/.venv/lib/python3.13/site-packages/uvicorn/importer.py", line 21, in import_from_string
    module = importlib.import_module(module_str)
  File "/Library/Frameworks/Python.framework/Versions/3.13/lib/python3.13/importlib/__init__.py", line 88, in import_module
    return _bootstrap._gcd_import(name[level:], package, level)
           ~~~~~~~~~~~~~~~~~~~~~~^^^^^^^^^^^^^^^^^^^^^^^^^^^^^^
  File "<frozen importlib._bootstrap>", line 1387, in _gcd_import
  File "<frozen importlib._bootstrap>", line 1360, in _find_and_load
  File "<frozen importlib._bootstrap>", line 1331, in _find_and_load_unlocked
  File "<frozen importlib._bootstrap>", line 935, in _load_unlocked
  File "<frozen importlib._bootstrap_external>", line 1026, in exec_module
  File "<frozen importlib._bootstrap>", line 488, in _call_with_frames_removed
  File "/Users/rakesh_arrepu/code/Project-HHH/HHH/backend/main.py", line 18, in <module>
    from api.rest.v1.backup import router as backup_router  # type: ignore  # noqa: E402
    ^^^^^^^^^^^^^^^^^^^^^^^^^^^^^^^^^^^^^^^^^^^^^^^^^^^^^^
  File "/Users/rakesh_arrepu/code/Project-HHH/HHH/backend/src/api/rest/v1/backup.py", line 37
    except Exception as e:
    ^^^^^^
SyntaxError: invalid syntax
WARNING:  StatReload detected changes in 'src/api/rest/v1/backup.py'. Reloading...
INFO:     Started server process [84765]
INFO:     Waiting for application startup.
2025-10-27 00:16:42,858 INFO sqlalchemy.engine.Engine BEGIN (implicit)
2025-10-27 00:16:42,858 INFO sqlalchemy.engine.Engine PRAGMA main.table_info("roles")
2025-10-27 00:16:42,858 INFO sqlalchemy.engine.Engine [raw sql] ()
2025-10-27 00:16:42,860 INFO sqlalchemy.engine.Engine PRAGMA main.table_info("users")
2025-10-27 00:16:42,860 INFO sqlalchemy.engine.Engine [raw sql] ()
2025-10-27 00:16:42,860 INFO sqlalchemy.engine.Engine PRAGMA main.table_info("groups")
2025-10-27 00:16:42,860 INFO sqlalchemy.engine.Engine [raw sql] ()
2025-10-27 00:16:42,860 INFO sqlalchemy.engine.Engine PRAGMA main.table_info("group_members")
2025-10-27 00:16:42,860 INFO sqlalchemy.engine.Engine [raw sql] ()
2025-10-27 00:16:42,860 INFO sqlalchemy.engine.Engine PRAGMA main.table_info("section_entries")
2025-10-27 00:16:42,860 INFO sqlalchemy.engine.Engine [raw sql] ()
2025-10-27 00:16:42,860 INFO sqlalchemy.engine.Engine PRAGMA main.table_info("notifications")
2025-10-27 00:16:42,860 INFO sqlalchemy.engine.Engine [raw sql] ()
2025-10-27 00:16:42,860 INFO sqlalchemy.engine.Engine PRAGMA main.table_info("audit_logs")
2025-10-27 00:16:42,860 INFO sqlalchemy.engine.Engine [raw sql] ()
2025-10-27 00:16:42,860 INFO sqlalchemy.engine.Engine PRAGMA main.table_info("backup_logs")
2025-10-27 00:16:42,860 INFO sqlalchemy.engine.Engine [raw sql] ()
2025-10-27 00:16:42,860 INFO sqlalchemy.engine.Engine COMMIT
INFO:     Application startup complete.
WARNING:  StatReload detected changes in 'src/api/middleware/rate_limit.py'. Reloading...
INFO:     Shutting down
INFO:     Waiting for application shutdown.
INFO:     Application shutdown complete.
INFO:     Finished server process [84765]
INFO:     Started server process [86130]
INFO:     Waiting for application startup.
2025-10-27 00:34:16,817 INFO sqlalchemy.engine.Engine BEGIN (implicit)
2025-10-27 00:34:16,817 INFO sqlalchemy.engine.Engine PRAGMA main.table_info("roles")
2025-10-27 00:34:16,817 INFO sqlalchemy.engine.Engine [raw sql] ()
2025-10-27 00:34:16,819 INFO sqlalchemy.engine.Engine PRAGMA main.table_info("users")
2025-10-27 00:34:16,819 INFO sqlalchemy.engine.Engine [raw sql] ()
2025-10-27 00:34:16,820 INFO sqlalchemy.engine.Engine PRAGMA main.table_info("groups")
2025-10-27 00:34:16,820 INFO sqlalchemy.engine.Engine [raw sql] ()
2025-10-27 00:34:16,821 INFO sqlalchemy.engine.Engine PRAGMA main.table_info("group_members")
2025-10-27 00:34:16,821 INFO sqlalchemy.engine.Engine [raw sql] ()
2025-10-27 00:34:16,821 INFO sqlalchemy.engine.Engine PRAGMA main.table_info("section_entries")
2025-10-27 00:34:16,821 INFO sqlalchemy.engine.Engine [raw sql] ()
2025-10-27 00:34:16,821 INFO sqlalchemy.engine.Engine PRAGMA main.table_info("notifications")
2025-10-27 00:34:16,821 INFO sqlalchemy.engine.Engine [raw sql] ()
2025-10-27 00:34:16,821 INFO sqlalchemy.engine.Engine PRAGMA main.table_info("audit_logs")
2025-10-27 00:34:16,821 INFO sqlalchemy.engine.Engine [raw sql] ()
2025-10-27 00:34:16,821 INFO sqlalchemy.engine.Engine PRAGMA main.table_info("backup_logs")
2025-10-27 00:34:16,821 INFO sqlalchemy.engine.Engine [raw sql] ()
2025-10-27 00:34:16,821 INFO sqlalchemy.engine.Engine COMMIT
INFO:     Application startup complete.
WARNING:  StatReload detected changes in 'src/api/rest/v1/audit.py'. Reloading...
INFO:     Shutting down
INFO:     Waiting for application shutdown.
INFO:     Application shutdown complete.
INFO:     Finished server process [86130]
INFO:     Started server process [86189]
INFO:     Waiting for application startup.
2025-10-27 00:35:13,966 INFO sqlalchemy.engine.Engine BEGIN (implicit)
2025-10-27 00:35:13,966 INFO sqlalchemy.engine.Engine PRAGMA main.table_info("roles")
2025-10-27 00:35:13,966 INFO sqlalchemy.engine.Engine [raw sql] ()
2025-10-27 00:35:13,968 INFO sqlalchemy.engine.Engine PRAGMA main.table_info("users")
2025-10-27 00:35:13,968 INFO sqlalchemy.engine.Engine [raw sql] ()
2025-10-27 00:35:13,969 INFO sqlalchemy.engine.Engine PRAGMA main.table_info("groups")
2025-10-27 00:35:13,969 INFO sqlalchemy.engine.Engine [raw sql] ()
2025-10-27 00:35:13,970 INFO sqlalchemy.engine.Engine PRAGMA main.table_info("group_members")
2025-10-27 00:35:13,970 INFO sqlalchemy.engine.Engine [raw sql] ()
2025-10-27 00:35:13,970 INFO sqlalchemy.engine.Engine PRAGMA main.table_info("section_entries")
2025-10-27 00:35:13,970 INFO sqlalchemy.engine.Engine [raw sql] ()
2025-10-27 00:35:13,971 INFO sqlalchemy.engine.Engine PRAGMA main.table_info("notifications")
2025-10-27 00:35:13,971 INFO sqlalchemy.engine.Engine [raw sql] ()
2025-10-27 00:35:13,972 INFO sqlalchemy.engine.Engine PRAGMA main.table_info("audit_logs")
2025-10-27 00:35:13,972 INFO sqlalchemy.engine.Engine [raw sql] ()
2025-10-27 00:35:13,973 INFO sqlalchemy.engine.Engine PRAGMA main.table_info("backup_logs")
2025-10-27 00:35:13,973 INFO sqlalchemy.engine.Engine [raw sql] ()
2025-10-27 00:35:13,974 INFO sqlalchemy.engine.Engine COMMIT
INFO:     Application startup complete.
WARNING:  StatReload detected changes in 'main.py'. Reloading...
INFO:     Shutting down
INFO:     Waiting for application shutdown.
INFO:     Application shutdown complete.
INFO:     Finished server process [86189]
INFO:     Started server process [86249]
INFO:     Waiting for application startup.
2025-10-27 00:36:08,213 INFO sqlalchemy.engine.Engine BEGIN (implicit)
2025-10-27 00:36:08,214 INFO sqlalchemy.engine.Engine PRAGMA main.table_info("roles")
2025-10-27 00:36:08,214 INFO sqlalchemy.engine.Engine [raw sql] ()
2025-10-27 00:36:08,216 INFO sqlalchemy.engine.Engine PRAGMA main.table_info("users")
2025-10-27 00:36:08,216 INFO sqlalchemy.engine.Engine [raw sql] ()
2025-10-27 00:36:08,216 INFO sqlalchemy.engine.Engine PRAGMA main.table_info("groups")
2025-10-27 00:36:08,216 INFO sqlalchemy.engine.Engine [raw sql] ()
2025-10-27 00:36:08,216 INFO sqlalchemy.engine.Engine PRAGMA main.table_info("group_members")
2025-10-27 00:36:08,216 INFO sqlalchemy.engine.Engine [raw sql] ()
2025-10-27 00:36:08,216 INFO sqlalchemy.engine.Engine PRAGMA main.table_info("section_entries")
2025-10-27 00:36:08,217 INFO sqlalchemy.engine.Engine [raw sql] ()
2025-10-27 00:36:08,217 INFO sqlalchemy.engine.Engine PRAGMA main.table_info("notifications")
2025-10-27 00:36:08,217 INFO sqlalchemy.engine.Engine [raw sql] ()
2025-10-27 00:36:08,217 INFO sqlalchemy.engine.Engine PRAGMA main.table_info("audit_logs")
2025-10-27 00:36:08,217 INFO sqlalchemy.engine.Engine [raw sql] ()
2025-10-27 00:36:08,217 INFO sqlalchemy.engine.Engine PRAGMA main.table_info("backup_logs")
2025-10-27 00:36:08,217 INFO sqlalchemy.engine.Engine [raw sql] ()
2025-10-27 00:36:08,223 INFO sqlalchemy.engine.Engine COMMIT
INFO:     Application startup complete.
WARNING:  StatReload detected changes in 'src/api/rest/v1/gdpr.py'. Reloading...
INFO:     Shutting down
INFO:     Waiting for application shutdown.
INFO:     Application shutdown complete.
INFO:     Finished server process [86249]
INFO:     Started server process [86376]
INFO:     Waiting for application startup.
2025-10-27 00:52:02,295 INFO sqlalchemy.engine.Engine BEGIN (implicit)
2025-10-27 00:52:02,295 INFO sqlalchemy.engine.Engine PRAGMA main.table_info("roles")
2025-10-27 00:52:02,295 INFO sqlalchemy.engine.Engine [raw sql] ()
2025-10-27 00:52:02,297 INFO sqlalchemy.engine.Engine PRAGMA main.table_info("users")
2025-10-27 00:52:02,297 INFO sqlalchemy.engine.Engine [raw sql] ()
2025-10-27 00:52:02,297 INFO sqlalchemy.engine.Engine PRAGMA main.table_info("groups")
2025-10-27 00:52:02,297 INFO sqlalchemy.engine.Engine [raw sql] ()
2025-10-27 00:52:02,297 INFO sqlalchemy.engine.Engine PRAGMA main.table_info("group_members")
2025-10-27 00:52:02,297 INFO sqlalchemy.engine.Engine [raw sql] ()
2025-10-27 00:52:02,297 INFO sqlalchemy.engine.Engine PRAGMA main.table_info("section_entries")
2025-10-27 00:52:02,297 INFO sqlalchemy.engine.Engine [raw sql] ()
2025-10-27 00:52:02,297 INFO sqlalchemy.engine.Engine PRAGMA main.table_info("notifications")
2025-10-27 00:52:02,297 INFO sqlalchemy.engine.Engine [raw sql] ()
2025-10-27 00:52:02,297 INFO sqlalchemy.engine.Engine PRAGMA main.table_info("audit_logs")
2025-10-27 00:52:02,297 INFO sqlalchemy.engine.Engine [raw sql] ()
2025-10-27 00:52:02,297 INFO sqlalchemy.engine.Engine PRAGMA main.table_info("backup_logs")
2025-10-27 00:52:02,297 INFO sqlalchemy.engine.Engine [raw sql] ()
2025-10-27 00:52:02,298 INFO sqlalchemy.engine.Engine COMMIT
INFO:     Application startup complete.
WARNING:  StatReload detected changes in 'src/api/rest/v1/gdpr.py'. Reloading...
INFO:     Shutting down
INFO:     Waiting for application shutdown.
INFO:     Application shutdown complete.
INFO:     Finished server process [86376]
INFO:     Started server process [86873]
INFO:     Waiting for application startup.
2025-10-27 03:23:52,741 INFO sqlalchemy.engine.Engine BEGIN (implicit)
2025-10-27 03:23:52,741 INFO sqlalchemy.engine.Engine PRAGMA main.table_info("roles")
2025-10-27 03:23:52,741 INFO sqlalchemy.engine.Engine [raw sql] ()
2025-10-27 03:23:52,742 INFO sqlalchemy.engine.Engine PRAGMA main.table_info("users")
2025-10-27 03:23:52,742 INFO sqlalchemy.engine.Engine [raw sql] ()
2025-10-27 03:23:52,743 INFO sqlalchemy.engine.Engine PRAGMA main.table_info("groups")
2025-10-27 03:23:52,743 INFO sqlalchemy.engine.Engine [raw sql] ()
2025-10-27 03:23:52,743 INFO sqlalchemy.engine.Engine PRAGMA main.table_info("group_members")
2025-10-27 03:23:52,743 INFO sqlalchemy.engine.Engine [raw sql] ()
2025-10-27 03:23:52,743 INFO sqlalchemy.engine.Engine PRAGMA main.table_info("section_entries")
2025-10-27 03:23:52,743 INFO sqlalchemy.engine.Engine [raw sql] ()
2025-10-27 03:23:52,743 INFO sqlalchemy.engine.Engine PRAGMA main.table_info("notifications")
2025-10-27 03:23:52,743 INFO sqlalchemy.engine.Engine [raw sql] ()
2025-10-27 03:23:52,743 INFO sqlalchemy.engine.Engine PRAGMA main.table_info("audit_logs")
2025-10-27 03:23:52,743 INFO sqlalchemy.engine.Engine [raw sql] ()
2025-10-27 03:23:52,743 INFO sqlalchemy.engine.Engine PRAGMA main.table_info("backup_logs")
2025-10-27 03:23:52,743 INFO sqlalchemy.engine.Engine [raw sql] ()
2025-10-27 03:23:52,743 INFO sqlalchemy.engine.Engine COMMIT
INFO:     Application startup complete.
WARNING:  StatReload detected changes in 'src/core/exceptions.py'. Reloading...
INFO:     Shutting down
INFO:     Waiting for application shutdown.
INFO:     Application shutdown complete.
INFO:     Finished server process [86873]
INFO:     Started server process [95074]
INFO:     Waiting for application startup.
2025-10-27 09:41:38,797 INFO sqlalchemy.engine.Engine BEGIN (implicit)
2025-10-27 09:41:38,797 INFO sqlalchemy.engine.Engine PRAGMA main.table_info("roles")
2025-10-27 09:41:38,797 INFO sqlalchemy.engine.Engine [raw sql] ()
2025-10-27 09:41:38,799 INFO sqlalchemy.engine.Engine PRAGMA main.table_info("users")
2025-10-27 09:41:38,799 INFO sqlalchemy.engine.Engine [raw sql] ()
2025-10-27 09:41:38,799 INFO sqlalchemy.engine.Engine PRAGMA main.table_info("groups")
2025-10-27 09:41:38,799 INFO sqlalchemy.engine.Engine [raw sql] ()
2025-10-27 09:41:38,799 INFO sqlalchemy.engine.Engine PRAGMA main.table_info("group_members")
2025-10-27 09:41:38,799 INFO sqlalchemy.engine.Engine [raw sql] ()
2025-10-27 09:41:38,799 INFO sqlalchemy.engine.Engine PRAGMA main.table_info("section_entries")
2025-10-27 09:41:38,799 INFO sqlalchemy.engine.Engine [raw sql] ()
2025-10-27 09:41:38,799 INFO sqlalchemy.engine.Engine PRAGMA main.table_info("notifications")
2025-10-27 09:41:38,799 INFO sqlalchemy.engine.Engine [raw sql] ()
2025-10-27 09:41:38,799 INFO sqlalchemy.engine.Engine PRAGMA main.table_info("audit_logs")
2025-10-27 09:41:38,799 INFO sqlalchemy.engine.Engine [raw sql] ()
2025-10-27 09:41:38,799 INFO sqlalchemy.engine.Engine PRAGMA main.table_info("backup_logs")
2025-10-27 09:41:38,799 INFO sqlalchemy.engine.Engine [raw sql] ()
2025-10-27 09:41:38,799 INFO sqlalchemy.engine.Engine COMMIT
INFO:     Application startup complete.
WARNING:  StatReload detected changes in 'src/api/rest/v1/backup.py'. Reloading...
INFO:     Shutting down
INFO:     Waiting for application shutdown.
INFO:     Application shutdown complete.
INFO:     Finished server process [95074]
INFO:     Started server process [95279]
INFO:     Waiting for application startup.
2025-10-27 09:43:16,103 INFO sqlalchemy.engine.Engine BEGIN (implicit)
2025-10-27 09:43:16,104 INFO sqlalchemy.engine.Engine PRAGMA main.table_info("roles")
2025-10-27 09:43:16,104 INFO sqlalchemy.engine.Engine [raw sql] ()
2025-10-27 09:43:16,105 INFO sqlalchemy.engine.Engine PRAGMA main.table_info("users")
2025-10-27 09:43:16,105 INFO sqlalchemy.engine.Engine [raw sql] ()
2025-10-27 09:43:16,105 INFO sqlalchemy.engine.Engine PRAGMA main.table_info("groups")
2025-10-27 09:43:16,105 INFO sqlalchemy.engine.Engine [raw sql] ()
2025-10-27 09:43:16,105 INFO sqlalchemy.engine.Engine PRAGMA main.table_info("group_members")
2025-10-27 09:43:16,105 INFO sqlalchemy.engine.Engine [raw sql] ()
2025-10-27 09:43:16,105 INFO sqlalchemy.engine.Engine PRAGMA main.table_info("section_entries")
2025-10-27 09:43:16,105 INFO sqlalchemy.engine.Engine [raw sql] ()
2025-10-27 09:43:16,105 INFO sqlalchemy.engine.Engine PRAGMA main.table_info("notifications")
2025-10-27 09:43:16,105 INFO sqlalchemy.engine.Engine [raw sql] ()
2025-10-27 09:43:16,105 INFO sqlalchemy.engine.Engine PRAGMA main.table_info("audit_logs")
2025-10-27 09:43:16,105 INFO sqlalchemy.engine.Engine [raw sql] ()
2025-10-27 09:43:16,105 INFO sqlalchemy.engine.Engine PRAGMA main.table_info("backup_logs")
2025-10-27 09:43:16,105 INFO sqlalchemy.engine.Engine [raw sql] ()
2025-10-27 09:43:16,105 INFO sqlalchemy.engine.Engine COMMIT
INFO:     Application startup complete.
WARNING:  StatReload detected changes in 'src/api/rest/v1/gdpr.py'. Reloading...
INFO:     Shutting down
INFO:     Waiting for application shutdown.
INFO:     Application shutdown complete.
INFO:     Finished server process [95279]
INFO:     Started server process [95341]
INFO:     Waiting for application startup.
2025-10-27 09:43:58,146 INFO sqlalchemy.engine.Engine BEGIN (implicit)
2025-10-27 09:43:58,146 INFO sqlalchemy.engine.Engine PRAGMA main.table_info("roles")
2025-10-27 09:43:58,146 INFO sqlalchemy.engine.Engine [raw sql] ()
2025-10-27 09:43:58,147 INFO sqlalchemy.engine.Engine PRAGMA main.table_info("users")
2025-10-27 09:43:58,147 INFO sqlalchemy.engine.Engine [raw sql] ()
2025-10-27 09:43:58,147 INFO sqlalchemy.engine.Engine PRAGMA main.table_info("groups")
2025-10-27 09:43:58,147 INFO sqlalchemy.engine.Engine [raw sql] ()
2025-10-27 09:43:58,147 INFO sqlalchemy.engine.Engine PRAGMA main.table_info("group_members")
2025-10-27 09:43:58,147 INFO sqlalchemy.engine.Engine [raw sql] ()
2025-10-27 09:43:58,147 INFO sqlalchemy.engine.Engine PRAGMA main.table_info("section_entries")
2025-10-27 09:43:58,147 INFO sqlalchemy.engine.Engine [raw sql] ()
2025-10-27 09:43:58,147 INFO sqlalchemy.engine.Engine PRAGMA main.table_info("notifications")
2025-10-27 09:43:58,147 INFO sqlalchemy.engine.Engine [raw sql] ()
2025-10-27 09:43:58,147 INFO sqlalchemy.engine.Engine PRAGMA main.table_info("audit_logs")
2025-10-27 09:43:58,147 INFO sqlalchemy.engine.Engine [raw sql] ()
2025-10-27 09:43:58,147 INFO sqlalchemy.engine.Engine PRAGMA main.table_info("backup_logs")
2025-10-27 09:43:58,147 INFO sqlalchemy.engine.Engine [raw sql] ()
2025-10-27 09:43:58,148 INFO sqlalchemy.engine.Engine COMMIT
INFO:     Application startup complete.
WARNING:  StatReload detected changes in 'src/api/rest/v1/gdpr.py'. Reloading...
INFO:     Shutting down
INFO:     Waiting for application shutdown.
INFO:     Application shutdown complete.
INFO:     Finished server process [95341]
INFO:     Started server process [95401]
INFO:     Waiting for application startup.
2025-10-27 09:44:20,737 INFO sqlalchemy.engine.Engine BEGIN (implicit)
2025-10-27 09:44:20,738 INFO sqlalchemy.engine.Engine PRAGMA main.table_info("roles")
2025-10-27 09:44:20,738 INFO sqlalchemy.engine.Engine [raw sql] ()
2025-10-27 09:44:20,739 INFO sqlalchemy.engine.Engine PRAGMA main.table_info("users")
2025-10-27 09:44:20,739 INFO sqlalchemy.engine.Engine [raw sql] ()
2025-10-27 09:44:20,739 INFO sqlalchemy.engine.Engine PRAGMA main.table_info("groups")
2025-10-27 09:44:20,739 INFO sqlalchemy.engine.Engine [raw sql] ()
2025-10-27 09:44:20,739 INFO sqlalchemy.engine.Engine PRAGMA main.table_info("group_members")
2025-10-27 09:44:20,739 INFO sqlalchemy.engine.Engine [raw sql] ()
2025-10-27 09:44:20,739 INFO sqlalchemy.engine.Engine PRAGMA main.table_info("section_entries")
2025-10-27 09:44:20,739 INFO sqlalchemy.engine.Engine [raw sql] ()
2025-10-27 09:44:20,739 INFO sqlalchemy.engine.Engine PRAGMA main.table_info("notifications")
2025-10-27 09:44:20,739 INFO sqlalchemy.engine.Engine [raw sql] ()
2025-10-27 09:44:20,739 INFO sqlalchemy.engine.Engine PRAGMA main.table_info("audit_logs")
2025-10-27 09:44:20,739 INFO sqlalchemy.engine.Engine [raw sql] ()
2025-10-27 09:44:20,739 INFO sqlalchemy.engine.Engine PRAGMA main.table_info("backup_logs")
2025-10-27 09:44:20,739 INFO sqlalchemy.engine.Engine [raw sql] ()
2025-10-27 09:44:20,739 INFO sqlalchemy.engine.Engine COMMIT
INFO:     Application startup complete.
WARNING:  StatReload detected changes in 'src/api/middleware/correlation.py'. Reloading...
INFO:     Shutting down
INFO:     Waiting for application shutdown.
INFO:     Application shutdown complete.
INFO:     Finished server process [95401]
INFO:     Started server process [95599]
INFO:     Waiting for application startup.
2025-10-27 09:44:47,768 INFO sqlalchemy.engine.Engine BEGIN (implicit)
2025-10-27 09:44:47,768 INFO sqlalchemy.engine.Engine PRAGMA main.table_info("roles")
2025-10-27 09:44:47,768 INFO sqlalchemy.engine.Engine [raw sql] ()
2025-10-27 09:44:47,769 INFO sqlalchemy.engine.Engine PRAGMA main.table_info("users")
2025-10-27 09:44:47,769 INFO sqlalchemy.engine.Engine [raw sql] ()
2025-10-27 09:44:47,769 INFO sqlalchemy.engine.Engine PRAGMA main.table_info("groups")
2025-10-27 09:44:47,769 INFO sqlalchemy.engine.Engine [raw sql] ()
2025-10-27 09:44:47,769 INFO sqlalchemy.engine.Engine PRAGMA main.table_info("group_members")
2025-10-27 09:44:47,769 INFO sqlalchemy.engine.Engine [raw sql] ()
2025-10-27 09:44:47,769 INFO sqlalchemy.engine.Engine PRAGMA main.table_info("section_entries")
2025-10-27 09:44:47,769 INFO sqlalchemy.engine.Engine [raw sql] ()
2025-10-27 09:44:47,769 INFO sqlalchemy.engine.Engine PRAGMA main.table_info("notifications")
2025-10-27 09:44:47,769 INFO sqlalchemy.engine.Engine [raw sql] ()
2025-10-27 09:44:47,769 INFO sqlalchemy.engine.Engine PRAGMA main.table_info("audit_logs")
2025-10-27 09:44:47,769 INFO sqlalchemy.engine.Engine [raw sql] ()
2025-10-27 09:44:47,770 INFO sqlalchemy.engine.Engine PRAGMA main.table_info("backup_logs")
2025-10-27 09:44:47,770 INFO sqlalchemy.engine.Engine [raw sql] ()
2025-10-27 09:44:47,770 INFO sqlalchemy.engine.Engine COMMIT
INFO:     Application startup complete.
WARNING:  StatReload detected changes in 'src/api/rest/v1/audit.py'. Reloading...
INFO:     Shutting down
INFO:     Waiting for application shutdown.
INFO:     Application shutdown complete.
INFO:     Finished server process [95599]
INFO:     Started server process [95868]
INFO:     Waiting for application startup.
2025-10-27 09:45:31,178 INFO sqlalchemy.engine.Engine BEGIN (implicit)
2025-10-27 09:45:31,178 INFO sqlalchemy.engine.Engine PRAGMA main.table_info("roles")
2025-10-27 09:45:31,178 INFO sqlalchemy.engine.Engine [raw sql] ()
2025-10-27 09:45:31,179 INFO sqlalchemy.engine.Engine PRAGMA main.table_info("users")
2025-10-27 09:45:31,179 INFO sqlalchemy.engine.Engine [raw sql] ()
2025-10-27 09:45:31,179 INFO sqlalchemy.engine.Engine PRAGMA main.table_info("groups")
2025-10-27 09:45:31,179 INFO sqlalchemy.engine.Engine [raw sql] ()
2025-10-27 09:45:31,179 INFO sqlalchemy.engine.Engine PRAGMA main.table_info("group_members")
2025-10-27 09:45:31,179 INFO sqlalchemy.engine.Engine [raw sql] ()
2025-10-27 09:45:31,180 INFO sqlalchemy.engine.Engine PRAGMA main.table_info("section_entries")
2025-10-27 09:45:31,180 INFO sqlalchemy.engine.Engine [raw sql] ()
2025-10-27 09:45:31,180 INFO sqlalchemy.engine.Engine PRAGMA main.table_info("notifications")
2025-10-27 09:45:31,180 INFO sqlalchemy.engine.Engine [raw sql] ()
2025-10-27 09:45:31,180 INFO sqlalchemy.engine.Engine PRAGMA main.table_info("audit_logs")
2025-10-27 09:45:31,180 INFO sqlalchemy.engine.Engine [raw sql] ()
2025-10-27 09:45:31,180 INFO sqlalchemy.engine.Engine PRAGMA main.table_info("backup_logs")
2025-10-27 09:45:31,180 INFO sqlalchemy.engine.Engine [raw sql] ()
2025-10-27 09:45:31,180 INFO sqlalchemy.engine.Engine COMMIT
INFO:     Application startup complete.
WARNING:  StatReload detected changes in 'main.py'. Reloading...
INFO:     Shutting down
INFO:     Waiting for application shutdown.
INFO:     Application shutdown complete.
INFO:     Finished server process [95868]
Process SpawnProcess-41:
Traceback (most recent call last):
  File "/Library/Frameworks/Python.framework/Versions/3.13/lib/python3.13/multiprocessing/process.py", line 313, in _bootstrap
    self.run()
    ~~~~~~~~^^
  File "/Library/Frameworks/Python.framework/Versions/3.13/lib/python3.13/multiprocessing/process.py", line 108, in run
    self._target(*self._args, **self._kwargs)
    ~~~~~~~~~~~~^^^^^^^^^^^^^^^^^^^^^^^^^^^^^
  File "/Users/rakesh_arrepu/code/Project-HHH/HHH/.venv/lib/python3.13/site-packages/uvicorn/_subprocess.py", line 76, in subprocess_started
    target(sockets=sockets)
    ~~~~~~^^^^^^^^^^^^^^^^^
  File "/Users/rakesh_arrepu/code/Project-HHH/HHH/.venv/lib/python3.13/site-packages/uvicorn/server.py", line 61, in run
    return asyncio.run(self.serve(sockets=sockets))
           ~~~~~~~~~~~^^^^^^^^^^^^^^^^^^^^^^^^^^^^^
  File "/Library/Frameworks/Python.framework/Versions/3.13/lib/python3.13/asyncio/runners.py", line 195, in run
    return runner.run(main)
           ~~~~~~~~~~^^^^^^
  File "/Library/Frameworks/Python.framework/Versions/3.13/lib/python3.13/asyncio/runners.py", line 118, in run
    return self._loop.run_until_complete(task)
           ~~~~~~~~~~~~~~~~~~~~~~~~~~~~~^^^^^^
  File "/Library/Frameworks/Python.framework/Versions/3.13/lib/python3.13/asyncio/base_events.py", line 725, in run_until_complete
    return future.result()
           ~~~~~~~~~~~~~^^
  File "/Users/rakesh_arrepu/code/Project-HHH/HHH/.venv/lib/python3.13/site-packages/uvicorn/server.py", line 68, in serve
    config.load()
    ~~~~~~~~~~~^^
  File "/Users/rakesh_arrepu/code/Project-HHH/HHH/.venv/lib/python3.13/site-packages/uvicorn/config.py", line 467, in load
    self.loaded_app = import_from_string(self.app)
                      ~~~~~~~~~~~~~~~~~~^^^^^^^^^^
  File "/Users/rakesh_arrepu/code/Project-HHH/HHH/.venv/lib/python3.13/site-packages/uvicorn/importer.py", line 21, in import_from_string
    module = importlib.import_module(module_str)
  File "/Library/Frameworks/Python.framework/Versions/3.13/lib/python3.13/importlib/__init__.py", line 88, in import_module
    return _bootstrap._gcd_import(name[level:], package, level)
           ~~~~~~~~~~~~~~~~~~~~~~^^^^^^^^^^^^^^^^^^^^^^^^^^^^^^
  File "<frozen importlib._bootstrap>", line 1387, in _gcd_import
  File "<frozen importlib._bootstrap>", line 1360, in _find_and_load
  File "<frozen importlib._bootstrap>", line 1331, in _find_and_load_unlocked
  File "<frozen importlib._bootstrap>", line 935, in _load_unlocked
  File "<frozen importlib._bootstrap_external>", line 1026, in exec_module
  File "<frozen importlib._bootstrap>", line 488, in _call_with_frames_removed
  File "/Users/rakesh_arrepu/code/Project-HHH/HHH/backend/main.py", line 99, in <module>
    graphql_app = GraphQLRouter(schema, context_getter=get_graphql_context, error_formatter=graphql_error_formatter)
  File "/Users/rakesh_arrepu/code/Project-HHH/HHH/.venv/lib/python3.13/site-packages/strawberry/fastapi/router.py", line 161, in __init__
    super().__init__(
    ~~~~~~~~~~~~~~~~^
        prefix=prefix,
        ^^^^^^^^^^^^^^
    ...<16 lines>...
        **kwargs,
        ^^^^^^^^^
    )
    ^
TypeError: APIRouter.__init__() got an unexpected keyword argument 'error_formatter'
WARNING:  StatReload detected changes in 'src/core/exceptions.py'. Reloading...
Process SpawnProcess-42:
Traceback (most recent call last):
  File "/Library/Frameworks/Python.framework/Versions/3.13/lib/python3.13/multiprocessing/process.py", line 313, in _bootstrap
    self.run()
    ~~~~~~~~^^
  File "/Library/Frameworks/Python.framework/Versions/3.13/lib/python3.13/multiprocessing/process.py", line 108, in run
    self._target(*self._args, **self._kwargs)
    ~~~~~~~~~~~~^^^^^^^^^^^^^^^^^^^^^^^^^^^^^
  File "/Users/rakesh_arrepu/code/Project-HHH/HHH/.venv/lib/python3.13/site-packages/uvicorn/_subprocess.py", line 76, in subprocess_started
    target(sockets=sockets)
    ~~~~~~^^^^^^^^^^^^^^^^^
  File "/Users/rakesh_arrepu/code/Project-HHH/HHH/.venv/lib/python3.13/site-packages/uvicorn/server.py", line 61, in run
    return asyncio.run(self.serve(sockets=sockets))
           ~~~~~~~~~~~^^^^^^^^^^^^^^^^^^^^^^^^^^^^^
  File "/Library/Frameworks/Python.framework/Versions/3.13/lib/python3.13/asyncio/runners.py", line 195, in run
    return runner.run(main)
           ~~~~~~~~~~^^^^^^
  File "/Library/Frameworks/Python.framework/Versions/3.13/lib/python3.13/asyncio/runners.py", line 118, in run
    return self._loop.run_until_complete(task)
           ~~~~~~~~~~~~~~~~~~~~~~~~~~~~~^^^^^^
  File "/Library/Frameworks/Python.framework/Versions/3.13/lib/python3.13/asyncio/base_events.py", line 725, in run_until_complete
    return future.result()
           ~~~~~~~~~~~~~^^
  File "/Users/rakesh_arrepu/code/Project-HHH/HHH/.venv/lib/python3.13/site-packages/uvicorn/server.py", line 68, in serve
    config.load()
    ~~~~~~~~~~~^^
  File "/Users/rakesh_arrepu/code/Project-HHH/HHH/.venv/lib/python3.13/site-packages/uvicorn/config.py", line 467, in load
    self.loaded_app = import_from_string(self.app)
                      ~~~~~~~~~~~~~~~~~~^^^^^^^^^^
  File "/Users/rakesh_arrepu/code/Project-HHH/HHH/.venv/lib/python3.13/site-packages/uvicorn/importer.py", line 21, in import_from_string
    module = importlib.import_module(module_str)
  File "/Library/Frameworks/Python.framework/Versions/3.13/lib/python3.13/importlib/__init__.py", line 88, in import_module
    return _bootstrap._gcd_import(name[level:], package, level)
           ~~~~~~~~~~~~~~~~~~~~~~^^^^^^^^^^^^^^^^^^^^^^^^^^^^^^
  File "<frozen importlib._bootstrap>", line 1387, in _gcd_import
  File "<frozen importlib._bootstrap>", line 1360, in _find_and_load
  File "<frozen importlib._bootstrap>", line 1331, in _find_and_load_unlocked
  File "<frozen importlib._bootstrap>", line 935, in _load_unlocked
  File "<frozen importlib._bootstrap_external>", line 1026, in exec_module
  File "<frozen importlib._bootstrap>", line 488, in _call_with_frames_removed
  File "/Users/rakesh_arrepu/code/Project-HHH/HHH/backend/main.py", line 99, in <module>
    graphql_app = GraphQLRouter(schema, context_getter=get_graphql_context, error_formatter=graphql_error_formatter)
  File "/Users/rakesh_arrepu/code/Project-HHH/HHH/.venv/lib/python3.13/site-packages/strawberry/fastapi/router.py", line 161, in __init__
    super().__init__(
    ~~~~~~~~~~~~~~~~^
        prefix=prefix,
        ^^^^^^^^^^^^^^
    ...<16 lines>...
        **kwargs,
        ^^^^^^^^^
    )
    ^
TypeError: APIRouter.__init__() got an unexpected keyword argument 'error_formatter'
WARNING:  StatReload detected changes in 'src/api/rest/v1/backup.py'. Reloading...
Process SpawnProcess-43:
Traceback (most recent call last):
  File "/Library/Frameworks/Python.framework/Versions/3.13/lib/python3.13/multiprocessing/process.py", line 313, in _bootstrap
    self.run()
    ~~~~~~~~^^
  File "/Library/Frameworks/Python.framework/Versions/3.13/lib/python3.13/multiprocessing/process.py", line 108, in run
    self._target(*self._args, **self._kwargs)
    ~~~~~~~~~~~~^^^^^^^^^^^^^^^^^^^^^^^^^^^^^
  File "/Users/rakesh_arrepu/code/Project-HHH/HHH/.venv/lib/python3.13/site-packages/uvicorn/_subprocess.py", line 76, in subprocess_started
    target(sockets=sockets)
    ~~~~~~^^^^^^^^^^^^^^^^^
  File "/Users/rakesh_arrepu/code/Project-HHH/HHH/.venv/lib/python3.13/site-packages/uvicorn/server.py", line 61, in run
    return asyncio.run(self.serve(sockets=sockets))
           ~~~~~~~~~~~^^^^^^^^^^^^^^^^^^^^^^^^^^^^^
  File "/Library/Frameworks/Python.framework/Versions/3.13/lib/python3.13/asyncio/runners.py", line 195, in run
    return runner.run(main)
           ~~~~~~~~~~^^^^^^
  File "/Library/Frameworks/Python.framework/Versions/3.13/lib/python3.13/asyncio/runners.py", line 118, in run
    return self._loop.run_until_complete(task)
           ~~~~~~~~~~~~~~~~~~~~~~~~~~~~~^^^^^^
  File "/Library/Frameworks/Python.framework/Versions/3.13/lib/python3.13/asyncio/base_events.py", line 725, in run_until_complete
    return future.result()
           ~~~~~~~~~~~~~^^
  File "/Users/rakesh_arrepu/code/Project-HHH/HHH/.venv/lib/python3.13/site-packages/uvicorn/server.py", line 68, in serve
    config.load()
    ~~~~~~~~~~~^^
  File "/Users/rakesh_arrepu/code/Project-HHH/HHH/.venv/lib/python3.13/site-packages/uvicorn/config.py", line 467, in load
    self.loaded_app = import_from_string(self.app)
                      ~~~~~~~~~~~~~~~~~~^^^^^^^^^^
  File "/Users/rakesh_arrepu/code/Project-HHH/HHH/.venv/lib/python3.13/site-packages/uvicorn/importer.py", line 21, in import_from_string
    module = importlib.import_module(module_str)
  File "/Library/Frameworks/Python.framework/Versions/3.13/lib/python3.13/importlib/__init__.py", line 88, in import_module
    return _bootstrap._gcd_import(name[level:], package, level)
           ~~~~~~~~~~~~~~~~~~~~~~^^^^^^^^^^^^^^^^^^^^^^^^^^^^^^
  File "<frozen importlib._bootstrap>", line 1387, in _gcd_import
  File "<frozen importlib._bootstrap>", line 1360, in _find_and_load
  File "<frozen importlib._bootstrap>", line 1331, in _find_and_load_unlocked
  File "<frozen importlib._bootstrap>", line 935, in _load_unlocked
  File "<frozen importlib._bootstrap_external>", line 1026, in exec_module
  File "<frozen importlib._bootstrap>", line 488, in _call_with_frames_removed
  File "/Users/rakesh_arrepu/code/Project-HHH/HHH/backend/main.py", line 99, in <module>
    graphql_app = GraphQLRouter(schema, context_getter=get_graphql_context, error_formatter=graphql_error_formatter)
  File "/Users/rakesh_arrepu/code/Project-HHH/HHH/.venv/lib/python3.13/site-packages/strawberry/fastapi/router.py", line 161, in __init__
    super().__init__(
    ~~~~~~~~~~~~~~~~^
        prefix=prefix,
        ^^^^^^^^^^^^^^
    ...<16 lines>...
        **kwargs,
        ^^^^^^^^^
    )
    ^
TypeError: APIRouter.__init__() got an unexpected keyword argument 'error_formatter'
WARNING:  StatReload detected changes in 'main.py'. Reloading...
Process SpawnProcess-44:
Traceback (most recent call last):
  File "/Library/Frameworks/Python.framework/Versions/3.13/lib/python3.13/multiprocessing/process.py", line 313, in _bootstrap
    self.run()
    ~~~~~~~~^^
  File "/Library/Frameworks/Python.framework/Versions/3.13/lib/python3.13/multiprocessing/process.py", line 108, in run
    self._target(*self._args, **self._kwargs)
    ~~~~~~~~~~~~^^^^^^^^^^^^^^^^^^^^^^^^^^^^^
  File "/Users/rakesh_arrepu/code/Project-HHH/HHH/.venv/lib/python3.13/site-packages/uvicorn/_subprocess.py", line 76, in subprocess_started
    target(sockets=sockets)
    ~~~~~~^^^^^^^^^^^^^^^^^
  File "/Users/rakesh_arrepu/code/Project-HHH/HHH/.venv/lib/python3.13/site-packages/uvicorn/server.py", line 61, in run
    return asyncio.run(self.serve(sockets=sockets))
           ~~~~~~~~~~~^^^^^^^^^^^^^^^^^^^^^^^^^^^^^
  File "/Library/Frameworks/Python.framework/Versions/3.13/lib/python3.13/asyncio/runners.py", line 195, in run
    return runner.run(main)
           ~~~~~~~~~~^^^^^^
  File "/Library/Frameworks/Python.framework/Versions/3.13/lib/python3.13/asyncio/runners.py", line 118, in run
    return self._loop.run_until_complete(task)
           ~~~~~~~~~~~~~~~~~~~~~~~~~~~~~^^^^^^
  File "/Library/Frameworks/Python.framework/Versions/3.13/lib/python3.13/asyncio/base_events.py", line 725, in run_until_complete
    return future.result()
           ~~~~~~~~~~~~~^^
  File "/Users/rakesh_arrepu/code/Project-HHH/HHH/.venv/lib/python3.13/site-packages/uvicorn/server.py", line 68, in serve
    config.load()
    ~~~~~~~~~~~^^
  File "/Users/rakesh_arrepu/code/Project-HHH/HHH/.venv/lib/python3.13/site-packages/uvicorn/config.py", line 467, in load
    self.loaded_app = import_from_string(self.app)
                      ~~~~~~~~~~~~~~~~~~^^^^^^^^^^
  File "/Users/rakesh_arrepu/code/Project-HHH/HHH/.venv/lib/python3.13/site-packages/uvicorn/importer.py", line 21, in import_from_string
    module = importlib.import_module(module_str)
  File "/Library/Frameworks/Python.framework/Versions/3.13/lib/python3.13/importlib/__init__.py", line 88, in import_module
    return _bootstrap._gcd_import(name[level:], package, level)
           ~~~~~~~~~~~~~~~~~~~~~~^^^^^^^^^^^^^^^^^^^^^^^^^^^^^^
  File "<frozen importlib._bootstrap>", line 1387, in _gcd_import
  File "<frozen importlib._bootstrap>", line 1360, in _find_and_load
  File "<frozen importlib._bootstrap>", line 1331, in _find_and_load_unlocked
  File "<frozen importlib._bootstrap>", line 935, in _load_unlocked
  File "<frozen importlib._bootstrap_external>", line 1026, in exec_module
  File "<frozen importlib._bootstrap>", line 488, in _call_with_frames_removed
  File "/Users/rakesh_arrepu/code/Project-HHH/HHH/backend/main.py", line 169, in <module>
    graphql_app = GraphQLRouter(schema, context_getter=get_graphql_context, error_formatter=graphql_error_formatter)
  File "/Users/rakesh_arrepu/code/Project-HHH/HHH/.venv/lib/python3.13/site-packages/strawberry/fastapi/router.py", line 161, in __init__
    super().__init__(
    ~~~~~~~~~~~~~~~~^
        prefix=prefix,
        ^^^^^^^^^^^^^^
    ...<16 lines>...
        **kwargs,
        ^^^^^^^^^
    )
    ^
TypeError: APIRouter.__init__() got an unexpected keyword argument 'error_formatter'
WARNING:  StatReload detected changes in 'src/core/exceptions.py'. Reloading...
Process SpawnProcess-45:
Traceback (most recent call last):
  File "/Library/Frameworks/Python.framework/Versions/3.13/lib/python3.13/multiprocessing/process.py", line 313, in _bootstrap
    self.run()
    ~~~~~~~~^^
  File "/Library/Frameworks/Python.framework/Versions/3.13/lib/python3.13/multiprocessing/process.py", line 108, in run
    self._target(*self._args, **self._kwargs)
    ~~~~~~~~~~~~^^^^^^^^^^^^^^^^^^^^^^^^^^^^^
  File "/Users/rakesh_arrepu/code/Project-HHH/HHH/.venv/lib/python3.13/site-packages/uvicorn/_subprocess.py", line 76, in subprocess_started
    target(sockets=sockets)
    ~~~~~~^^^^^^^^^^^^^^^^^
  File "/Users/rakesh_arrepu/code/Project-HHH/HHH/.venv/lib/python3.13/site-packages/uvicorn/server.py", line 61, in run
    return asyncio.run(self.serve(sockets=sockets))
           ~~~~~~~~~~~^^^^^^^^^^^^^^^^^^^^^^^^^^^^^
  File "/Library/Frameworks/Python.framework/Versions/3.13/lib/python3.13/asyncio/runners.py", line 195, in run
    return runner.run(main)
           ~~~~~~~~~~^^^^^^
  File "/Library/Frameworks/Python.framework/Versions/3.13/lib/python3.13/asyncio/runners.py", line 118, in run
    return self._loop.run_until_complete(task)
           ~~~~~~~~~~~~~~~~~~~~~~~~~~~~~^^^^^^
  File "/Library/Frameworks/Python.framework/Versions/3.13/lib/python3.13/asyncio/base_events.py", line 725, in run_until_complete
    return future.result()
           ~~~~~~~~~~~~~^^
  File "/Users/rakesh_arrepu/code/Project-HHH/HHH/.venv/lib/python3.13/site-packages/uvicorn/server.py", line 68, in serve
    config.load()
    ~~~~~~~~~~~^^
  File "/Users/rakesh_arrepu/code/Project-HHH/HHH/.venv/lib/python3.13/site-packages/uvicorn/config.py", line 467, in load
    self.loaded_app = import_from_string(self.app)
                      ~~~~~~~~~~~~~~~~~~^^^^^^^^^^
  File "/Users/rakesh_arrepu/code/Project-HHH/HHH/.venv/lib/python3.13/site-packages/uvicorn/importer.py", line 21, in import_from_string
    module = importlib.import_module(module_str)
  File "/Library/Frameworks/Python.framework/Versions/3.13/lib/python3.13/importlib/__init__.py", line 88, in import_module
    return _bootstrap._gcd_import(name[level:], package, level)
           ~~~~~~~~~~~~~~~~~~~~~~^^^^^^^^^^^^^^^^^^^^^^^^^^^^^^
  File "<frozen importlib._bootstrap>", line 1387, in _gcd_import
  File "<frozen importlib._bootstrap>", line 1360, in _find_and_load
  File "<frozen importlib._bootstrap>", line 1331, in _find_and_load_unlocked
  File "<frozen importlib._bootstrap>", line 935, in _load_unlocked
  File "<frozen importlib._bootstrap_external>", line 1026, in exec_module
  File "<frozen importlib._bootstrap>", line 488, in _call_with_frames_removed
  File "/Users/rakesh_arrepu/code/Project-HHH/HHH/backend/main.py", line 169, in <module>
    graphql_app = GraphQLRouter(schema, context_getter=get_graphql_context, error_formatter=graphql_error_formatter)
  File "/Users/rakesh_arrepu/code/Project-HHH/HHH/.venv/lib/python3.13/site-packages/strawberry/fastapi/router.py", line 161, in __init__
    super().__init__(
    ~~~~~~~~~~~~~~~~^
        prefix=prefix,
        ^^^^^^^^^^^^^^
    ...<16 lines>...
        **kwargs,
        ^^^^^^^^^
    )
    ^
TypeError: APIRouter.__init__() got an unexpected keyword argument 'error_formatter'
WARNING:  StatReload detected changes in 'src/api/graphql/schema.py'. Reloading...
Process SpawnProcess-46:
Traceback (most recent call last):
  File "/Library/Frameworks/Python.framework/Versions/3.13/lib/python3.13/multiprocessing/process.py", line 313, in _bootstrap
    self.run()
    ~~~~~~~~^^
  File "/Library/Frameworks/Python.framework/Versions/3.13/lib/python3.13/multiprocessing/process.py", line 108, in run
    self._target(*self._args, **self._kwargs)
    ~~~~~~~~~~~~^^^^^^^^^^^^^^^^^^^^^^^^^^^^^
  File "/Users/rakesh_arrepu/code/Project-HHH/HHH/.venv/lib/python3.13/site-packages/uvicorn/_subprocess.py", line 76, in subprocess_started
    target(sockets=sockets)
    ~~~~~~^^^^^^^^^^^^^^^^^
  File "/Users/rakesh_arrepu/code/Project-HHH/HHH/.venv/lib/python3.13/site-packages/uvicorn/server.py", line 61, in run
    return asyncio.run(self.serve(sockets=sockets))
           ~~~~~~~~~~~^^^^^^^^^^^^^^^^^^^^^^^^^^^^^
  File "/Library/Frameworks/Python.framework/Versions/3.13/lib/python3.13/asyncio/runners.py", line 195, in run
    return runner.run(main)
           ~~~~~~~~~~^^^^^^
  File "/Library/Frameworks/Python.framework/Versions/3.13/lib/python3.13/asyncio/runners.py", line 118, in run
    return self._loop.run_until_complete(task)
           ~~~~~~~~~~~~~~~~~~~~~~~~~~~~~^^^^^^
  File "/Library/Frameworks/Python.framework/Versions/3.13/lib/python3.13/asyncio/base_events.py", line 725, in run_until_complete
    return future.result()
           ~~~~~~~~~~~~~^^
  File "/Users/rakesh_arrepu/code/Project-HHH/HHH/.venv/lib/python3.13/site-packages/uvicorn/server.py", line 68, in serve
    config.load()
    ~~~~~~~~~~~^^
  File "/Users/rakesh_arrepu/code/Project-HHH/HHH/.venv/lib/python3.13/site-packages/uvicorn/config.py", line 467, in load
    self.loaded_app = import_from_string(self.app)
                      ~~~~~~~~~~~~~~~~~~^^^^^^^^^^
  File "/Users/rakesh_arrepu/code/Project-HHH/HHH/.venv/lib/python3.13/site-packages/uvicorn/importer.py", line 21, in import_from_string
    module = importlib.import_module(module_str)
  File "/Library/Frameworks/Python.framework/Versions/3.13/lib/python3.13/importlib/__init__.py", line 88, in import_module
    return _bootstrap._gcd_import(name[level:], package, level)
           ~~~~~~~~~~~~~~~~~~~~~~^^^^^^^^^^^^^^^^^^^^^^^^^^^^^^
  File "<frozen importlib._bootstrap>", line 1387, in _gcd_import
  File "<frozen importlib._bootstrap>", line 1360, in _find_and_load
  File "<frozen importlib._bootstrap>", line 1331, in _find_and_load_unlocked
  File "<frozen importlib._bootstrap>", line 935, in _load_unlocked
  File "<frozen importlib._bootstrap_external>", line 1026, in exec_module
  File "<frozen importlib._bootstrap>", line 488, in _call_with_frames_removed
  File "/Users/rakesh_arrepu/code/Project-HHH/HHH/backend/main.py", line 169, in <module>
    graphql_app = GraphQLRouter(schema, context_getter=get_graphql_context, error_formatter=graphql_error_formatter)
  File "/Users/rakesh_arrepu/code/Project-HHH/HHH/.venv/lib/python3.13/site-packages/strawberry/fastapi/router.py", line 161, in __init__
    super().__init__(
    ~~~~~~~~~~~~~~~~^
        prefix=prefix,
        ^^^^^^^^^^^^^^
    ...<16 lines>...
        **kwargs,
        ^^^^^^^^^
    )
    ^
TypeError: APIRouter.__init__() got an unexpected keyword argument 'error_formatter'
WARNING:  StatReload detected changes in 'src/core/security.py'. Reloading...
Process SpawnProcess-47:
Traceback (most recent call last):
  File "/Library/Frameworks/Python.framework/Versions/3.13/lib/python3.13/multiprocessing/process.py", line 313, in _bootstrap
    self.run()
    ~~~~~~~~^^
  File "/Library/Frameworks/Python.framework/Versions/3.13/lib/python3.13/multiprocessing/process.py", line 108, in run
    self._target(*self._args, **self._kwargs)
    ~~~~~~~~~~~~^^^^^^^^^^^^^^^^^^^^^^^^^^^^^
  File "/Users/rakesh_arrepu/code/Project-HHH/HHH/.venv/lib/python3.13/site-packages/uvicorn/_subprocess.py", line 76, in subprocess_started
    target(sockets=sockets)
    ~~~~~~^^^^^^^^^^^^^^^^^
  File "/Users/rakesh_arrepu/code/Project-HHH/HHH/.venv/lib/python3.13/site-packages/uvicorn/server.py", line 61, in run
    return asyncio.run(self.serve(sockets=sockets))
           ~~~~~~~~~~~^^^^^^^^^^^^^^^^^^^^^^^^^^^^^
  File "/Library/Frameworks/Python.framework/Versions/3.13/lib/python3.13/asyncio/runners.py", line 195, in run
    return runner.run(main)
           ~~~~~~~~~~^^^^^^
  File "/Library/Frameworks/Python.framework/Versions/3.13/lib/python3.13/asyncio/runners.py", line 118, in run
    return self._loop.run_until_complete(task)
           ~~~~~~~~~~~~~~~~~~~~~~~~~~~~~^^^^^^
  File "/Library/Frameworks/Python.framework/Versions/3.13/lib/python3.13/asyncio/base_events.py", line 725, in run_until_complete
    return future.result()
           ~~~~~~~~~~~~~^^
  File "/Users/rakesh_arrepu/code/Project-HHH/HHH/.venv/lib/python3.13/site-packages/uvicorn/server.py", line 68, in serve
    config.load()
    ~~~~~~~~~~~^^
  File "/Users/rakesh_arrepu/code/Project-HHH/HHH/.venv/lib/python3.13/site-packages/uvicorn/config.py", line 467, in load
    self.loaded_app = import_from_string(self.app)
                      ~~~~~~~~~~~~~~~~~~^^^^^^^^^^
  File "/Users/rakesh_arrepu/code/Project-HHH/HHH/.venv/lib/python3.13/site-packages/uvicorn/importer.py", line 21, in import_from_string
    module = importlib.import_module(module_str)
  File "/Library/Frameworks/Python.framework/Versions/3.13/lib/python3.13/importlib/__init__.py", line 88, in import_module
    return _bootstrap._gcd_import(name[level:], package, level)
           ~~~~~~~~~~~~~~~~~~~~~~^^^^^^^^^^^^^^^^^^^^^^^^^^^^^^
  File "<frozen importlib._bootstrap>", line 1387, in _gcd_import
  File "<frozen importlib._bootstrap>", line 1360, in _find_and_load
  File "<frozen importlib._bootstrap>", line 1331, in _find_and_load_unlocked
  File "<frozen importlib._bootstrap>", line 935, in _load_unlocked
  File "<frozen importlib._bootstrap_external>", line 1026, in exec_module
  File "<frozen importlib._bootstrap>", line 488, in _call_with_frames_removed
  File "/Users/rakesh_arrepu/code/Project-HHH/HHH/backend/main.py", line 169, in <module>
    graphql_app = GraphQLRouter(schema, context_getter=get_graphql_context, error_formatter=graphql_error_formatter)
  File "/Users/rakesh_arrepu/code/Project-HHH/HHH/.venv/lib/python3.13/site-packages/strawberry/fastapi/router.py", line 161, in __init__
    super().__init__(
    ~~~~~~~~~~~~~~~~^
        prefix=prefix,
        ^^^^^^^^^^^^^^
    ...<16 lines>...
        **kwargs,
        ^^^^^^^^^
    )
    ^
TypeError: APIRouter.__init__() got an unexpected keyword argument 'error_formatter'
WARNING:  StatReload detected changes in 'src/api/rest/v1/analytics.py'. Reloading...
Process SpawnProcess-48:
Traceback (most recent call last):
  File "/Library/Frameworks/Python.framework/Versions/3.13/lib/python3.13/multiprocessing/process.py", line 313, in _bootstrap
    self.run()
    ~~~~~~~~^^
  File "/Library/Frameworks/Python.framework/Versions/3.13/lib/python3.13/multiprocessing/process.py", line 108, in run
    self._target(*self._args, **self._kwargs)
    ~~~~~~~~~~~~^^^^^^^^^^^^^^^^^^^^^^^^^^^^^
  File "/Users/rakesh_arrepu/code/Project-HHH/HHH/.venv/lib/python3.13/site-packages/uvicorn/_subprocess.py", line 76, in subprocess_started
    target(sockets=sockets)
    ~~~~~~^^^^^^^^^^^^^^^^^
  File "/Users/rakesh_arrepu/code/Project-HHH/HHH/.venv/lib/python3.13/site-packages/uvicorn/server.py", line 61, in run
    return asyncio.run(self.serve(sockets=sockets))
           ~~~~~~~~~~~^^^^^^^^^^^^^^^^^^^^^^^^^^^^^
  File "/Library/Frameworks/Python.framework/Versions/3.13/lib/python3.13/asyncio/runners.py", line 195, in run
    return runner.run(main)
           ~~~~~~~~~~^^^^^^
  File "/Library/Frameworks/Python.framework/Versions/3.13/lib/python3.13/asyncio/runners.py", line 118, in run
    return self._loop.run_until_complete(task)
           ~~~~~~~~~~~~~~~~~~~~~~~~~~~~~^^^^^^
  File "/Library/Frameworks/Python.framework/Versions/3.13/lib/python3.13/asyncio/base_events.py", line 725, in run_until_complete
    return future.result()
           ~~~~~~~~~~~~~^^
  File "/Users/rakesh_arrepu/code/Project-HHH/HHH/.venv/lib/python3.13/site-packages/uvicorn/server.py", line 68, in serve
    config.load()
    ~~~~~~~~~~~^^
  File "/Users/rakesh_arrepu/code/Project-HHH/HHH/.venv/lib/python3.13/site-packages/uvicorn/config.py", line 467, in load
    self.loaded_app = import_from_string(self.app)
                      ~~~~~~~~~~~~~~~~~~^^^^^^^^^^
  File "/Users/rakesh_arrepu/code/Project-HHH/HHH/.venv/lib/python3.13/site-packages/uvicorn/importer.py", line 21, in import_from_string
    module = importlib.import_module(module_str)
  File "/Library/Frameworks/Python.framework/Versions/3.13/lib/python3.13/importlib/__init__.py", line 88, in import_module
    return _bootstrap._gcd_import(name[level:], package, level)
           ~~~~~~~~~~~~~~~~~~~~~~^^^^^^^^^^^^^^^^^^^^^^^^^^^^^^
  File "<frozen importlib._bootstrap>", line 1387, in _gcd_import
  File "<frozen importlib._bootstrap>", line 1360, in _find_and_load
  File "<frozen importlib._bootstrap>", line 1331, in _find_and_load_unlocked
  File "<frozen importlib._bootstrap>", line 935, in _load_unlocked
  File "<frozen importlib._bootstrap_external>", line 1026, in exec_module
  File "<frozen importlib._bootstrap>", line 488, in _call_with_frames_removed
  File "/Users/rakesh_arrepu/code/Project-HHH/HHH/backend/main.py", line 169, in <module>
    graphql_app = GraphQLRouter(schema, context_getter=get_graphql_context, error_formatter=graphql_error_formatter)
  File "/Users/rakesh_arrepu/code/Project-HHH/HHH/.venv/lib/python3.13/site-packages/strawberry/fastapi/router.py", line 161, in __init__
    super().__init__(
    ~~~~~~~~~~~~~~~~^
        prefix=prefix,
        ^^^^^^^^^^^^^^
    ...<16 lines>...
        **kwargs,
        ^^^^^^^^^
    )
    ^
TypeError: APIRouter.__init__() got an unexpected keyword argument 'error_formatter'
WARNING:  StatReload detected changes in 'main.py'. Reloading...
Process SpawnProcess-49:
Traceback (most recent call last):
  File "/Library/Frameworks/Python.framework/Versions/3.13/lib/python3.13/multiprocessing/process.py", line 313, in _bootstrap
    self.run()
    ~~~~~~~~^^
  File "/Library/Frameworks/Python.framework/Versions/3.13/lib/python3.13/multiprocessing/process.py", line 108, in run
    self._target(*self._args, **self._kwargs)
    ~~~~~~~~~~~~^^^^^^^^^^^^^^^^^^^^^^^^^^^^^
  File "/Users/rakesh_arrepu/code/Project-HHH/HHH/.venv/lib/python3.13/site-packages/uvicorn/_subprocess.py", line 76, in subprocess_started
    target(sockets=sockets)
    ~~~~~~^^^^^^^^^^^^^^^^^
  File "/Users/rakesh_arrepu/code/Project-HHH/HHH/.venv/lib/python3.13/site-packages/uvicorn/server.py", line 61, in run
    return asyncio.run(self.serve(sockets=sockets))
           ~~~~~~~~~~~^^^^^^^^^^^^^^^^^^^^^^^^^^^^^
  File "/Library/Frameworks/Python.framework/Versions/3.13/lib/python3.13/asyncio/runners.py", line 195, in run
    return runner.run(main)
           ~~~~~~~~~~^^^^^^
  File "/Library/Frameworks/Python.framework/Versions/3.13/lib/python3.13/asyncio/runners.py", line 118, in run
    return self._loop.run_until_complete(task)
           ~~~~~~~~~~~~~~~~~~~~~~~~~~~~~^^^^^^
  File "/Library/Frameworks/Python.framework/Versions/3.13/lib/python3.13/asyncio/base_events.py", line 725, in run_until_complete
    return future.result()
           ~~~~~~~~~~~~~^^
  File "/Users/rakesh_arrepu/code/Project-HHH/HHH/.venv/lib/python3.13/site-packages/uvicorn/server.py", line 68, in serve
    config.load()
    ~~~~~~~~~~~^^
  File "/Users/rakesh_arrepu/code/Project-HHH/HHH/.venv/lib/python3.13/site-packages/uvicorn/config.py", line 467, in load
    self.loaded_app = import_from_string(self.app)
                      ~~~~~~~~~~~~~~~~~~^^^^^^^^^^
  File "/Users/rakesh_arrepu/code/Project-HHH/HHH/.venv/lib/python3.13/site-packages/uvicorn/importer.py", line 21, in import_from_string
    module = importlib.import_module(module_str)
  File "/Library/Frameworks/Python.framework/Versions/3.13/lib/python3.13/importlib/__init__.py", line 88, in import_module
    return _bootstrap._gcd_import(name[level:], package, level)
           ~~~~~~~~~~~~~~~~~~~~~~^^^^^^^^^^^^^^^^^^^^^^^^^^^^^^
  File "<frozen importlib._bootstrap>", line 1387, in _gcd_import
  File "<frozen importlib._bootstrap>", line 1360, in _find_and_load
  File "<frozen importlib._bootstrap>", line 1331, in _find_and_load_unlocked
  File "<frozen importlib._bootstrap>", line 935, in _load_unlocked
  File "<frozen importlib._bootstrap_external>", line 1026, in exec_module
  File "<frozen importlib._bootstrap>", line 488, in _call_with_frames_removed
  File "/Users/rakesh_arrepu/code/Project-HHH/HHH/backend/main.py", line 176, in <module>
    graphql_app = GraphQLRouter(schema, context_getter=get_graphql_context, error_formatter=graphql_error_formatter)
  File "/Users/rakesh_arrepu/code/Project-HHH/HHH/.venv/lib/python3.13/site-packages/strawberry/fastapi/router.py", line 161, in __init__
    super().__init__(
    ~~~~~~~~~~~~~~~~^
        prefix=prefix,
        ^^^^^^^^^^^^^^
    ...<16 lines>...
        **kwargs,
        ^^^^^^^^^
    )
    ^
TypeError: APIRouter.__init__() got an unexpected keyword argument 'error_formatter'
WARNING:  StatReload detected changes in 'main.py'. Reloading...
Process SpawnProcess-50:
Traceback (most recent call last):
  File "/Library/Frameworks/Python.framework/Versions/3.13/lib/python3.13/multiprocessing/process.py", line 313, in _bootstrap
    self.run()
    ~~~~~~~~^^
  File "/Library/Frameworks/Python.framework/Versions/3.13/lib/python3.13/multiprocessing/process.py", line 108, in run
    self._target(*self._args, **self._kwargs)
    ~~~~~~~~~~~~^^^^^^^^^^^^^^^^^^^^^^^^^^^^^
  File "/Users/rakesh_arrepu/code/Project-HHH/HHH/.venv/lib/python3.13/site-packages/uvicorn/_subprocess.py", line 76, in subprocess_started
    target(sockets=sockets)
    ~~~~~~^^^^^^^^^^^^^^^^^
  File "/Users/rakesh_arrepu/code/Project-HHH/HHH/.venv/lib/python3.13/site-packages/uvicorn/server.py", line 61, in run
    return asyncio.run(self.serve(sockets=sockets))
           ~~~~~~~~~~~^^^^^^^^^^^^^^^^^^^^^^^^^^^^^
  File "/Library/Frameworks/Python.framework/Versions/3.13/lib/python3.13/asyncio/runners.py", line 195, in run
    return runner.run(main)
           ~~~~~~~~~~^^^^^^
  File "/Library/Frameworks/Python.framework/Versions/3.13/lib/python3.13/asyncio/runners.py", line 118, in run
    return self._loop.run_until_complete(task)
           ~~~~~~~~~~~~~~~~~~~~~~~~~~~~~^^^^^^
  File "/Library/Frameworks/Python.framework/Versions/3.13/lib/python3.13/asyncio/base_events.py", line 725, in run_until_complete
    return future.result()
           ~~~~~~~~~~~~~^^
  File "/Users/rakesh_arrepu/code/Project-HHH/HHH/.venv/lib/python3.13/site-packages/uvicorn/server.py", line 68, in serve
    config.load()
    ~~~~~~~~~~~^^
  File "/Users/rakesh_arrepu/code/Project-HHH/HHH/.venv/lib/python3.13/site-packages/uvicorn/config.py", line 467, in load
    self.loaded_app = import_from_string(self.app)
                      ~~~~~~~~~~~~~~~~~~^^^^^^^^^^
  File "/Users/rakesh_arrepu/code/Project-HHH/HHH/.venv/lib/python3.13/site-packages/uvicorn/importer.py", line 21, in import_from_string
    module = importlib.import_module(module_str)
  File "/Library/Frameworks/Python.framework/Versions/3.13/lib/python3.13/importlib/__init__.py", line 88, in import_module
    return _bootstrap._gcd_import(name[level:], package, level)
           ~~~~~~~~~~~~~~~~~~~~~~^^^^^^^^^^^^^^^^^^^^^^^^^^^^^^
  File "<frozen importlib._bootstrap>", line 1387, in _gcd_import
  File "<frozen importlib._bootstrap>", line 1360, in _find_and_load
  File "<frozen importlib._bootstrap>", line 1331, in _find_and_load_unlocked
  File "<frozen importlib._bootstrap>", line 935, in _load_unlocked
  File "<frozen importlib._bootstrap_external>", line 1026, in exec_module
  File "<frozen importlib._bootstrap>", line 488, in _call_with_frames_removed
  File "/Users/rakesh_arrepu/code/Project-HHH/HHH/backend/main.py", line 173, in <module>
    graphql_app = GraphQLRouter(schema, context_getter=get_graphql_context, error_formatter=graphql_error_formatter)
  File "/Users/rakesh_arrepu/code/Project-HHH/HHH/.venv/lib/python3.13/site-packages/strawberry/fastapi/router.py", line 161, in __init__
    super().__init__(
    ~~~~~~~~~~~~~~~~^
        prefix=prefix,
        ^^^^^^^^^^^^^^
    ...<16 lines>...
        **kwargs,
        ^^^^^^^^^
    )
    ^
TypeError: APIRouter.__init__() got an unexpected keyword argument 'error_formatter'
WARNING:  StatReload detected changes in 'tests/integration/test_error_envelopes.py'. Reloading...
Process SpawnProcess-51:
Traceback (most recent call last):
  File "/Library/Frameworks/Python.framework/Versions/3.13/lib/python3.13/multiprocessing/process.py", line 313, in _bootstrap
    self.run()
    ~~~~~~~~^^
  File "/Library/Frameworks/Python.framework/Versions/3.13/lib/python3.13/multiprocessing/process.py", line 108, in run
    self._target(*self._args, **self._kwargs)
    ~~~~~~~~~~~~^^^^^^^^^^^^^^^^^^^^^^^^^^^^^
  File "/Users/rakesh_arrepu/code/Project-HHH/HHH/.venv/lib/python3.13/site-packages/uvicorn/_subprocess.py", line 76, in subprocess_started
    target(sockets=sockets)
    ~~~~~~^^^^^^^^^^^^^^^^^
  File "/Users/rakesh_arrepu/code/Project-HHH/HHH/.venv/lib/python3.13/site-packages/uvicorn/server.py", line 61, in run
    return asyncio.run(self.serve(sockets=sockets))
           ~~~~~~~~~~~^^^^^^^^^^^^^^^^^^^^^^^^^^^^^
  File "/Library/Frameworks/Python.framework/Versions/3.13/lib/python3.13/asyncio/runners.py", line 195, in run
    return runner.run(main)
           ~~~~~~~~~~^^^^^^
  File "/Library/Frameworks/Python.framework/Versions/3.13/lib/python3.13/asyncio/runners.py", line 118, in run
    return self._loop.run_until_complete(task)
           ~~~~~~~~~~~~~~~~~~~~~~~~~~~~~^^^^^^
  File "/Library/Frameworks/Python.framework/Versions/3.13/lib/python3.13/asyncio/base_events.py", line 725, in run_until_complete
    return future.result()
           ~~~~~~~~~~~~~^^
  File "/Users/rakesh_arrepu/code/Project-HHH/HHH/.venv/lib/python3.13/site-packages/uvicorn/server.py", line 68, in serve
    config.load()
    ~~~~~~~~~~~^^
  File "/Users/rakesh_arrepu/code/Project-HHH/HHH/.venv/lib/python3.13/site-packages/uvicorn/config.py", line 467, in load
    self.loaded_app = import_from_string(self.app)
                      ~~~~~~~~~~~~~~~~~~^^^^^^^^^^
  File "/Users/rakesh_arrepu/code/Project-HHH/HHH/.venv/lib/python3.13/site-packages/uvicorn/importer.py", line 21, in import_from_string
    module = importlib.import_module(module_str)
  File "/Library/Frameworks/Python.framework/Versions/3.13/lib/python3.13/importlib/__init__.py", line 88, in import_module
    return _bootstrap._gcd_import(name[level:], package, level)
           ~~~~~~~~~~~~~~~~~~~~~~^^^^^^^^^^^^^^^^^^^^^^^^^^^^^^
  File "<frozen importlib._bootstrap>", line 1387, in _gcd_import
  File "<frozen importlib._bootstrap>", line 1360, in _find_and_load
  File "<frozen importlib._bootstrap>", line 1331, in _find_and_load_unlocked
  File "<frozen importlib._bootstrap>", line 935, in _load_unlocked
  File "<frozen importlib._bootstrap_external>", line 1026, in exec_module
  File "<frozen importlib._bootstrap>", line 488, in _call_with_frames_removed
  File "/Users/rakesh_arrepu/code/Project-HHH/HHH/backend/main.py", line 173, in <module>
    graphql_app = GraphQLRouter(schema, context_getter=get_graphql_context, error_formatter=graphql_error_formatter)
  File "/Users/rakesh_arrepu/code/Project-HHH/HHH/.venv/lib/python3.13/site-packages/strawberry/fastapi/router.py", line 161, in __init__
    super().__init__(
    ~~~~~~~~~~~~~~~~^
        prefix=prefix,
        ^^^^^^^^^^^^^^
    ...<16 lines>...
        **kwargs,
        ^^^^^^^^^
    )
    ^
TypeError: APIRouter.__init__() got an unexpected keyword argument 'error_formatter'
WARNING:  StatReload detected changes in 'src/api/graphql/schema.py'. Reloading...
Process SpawnProcess-52:
Traceback (most recent call last):
  File "/Library/Frameworks/Python.framework/Versions/3.13/lib/python3.13/multiprocessing/process.py", line 313, in _bootstrap
    self.run()
    ~~~~~~~~^^
  File "/Library/Frameworks/Python.framework/Versions/3.13/lib/python3.13/multiprocessing/process.py", line 108, in run
    self._target(*self._args, **self._kwargs)
    ~~~~~~~~~~~~^^^^^^^^^^^^^^^^^^^^^^^^^^^^^
  File "/Users/rakesh_arrepu/code/Project-HHH/HHH/.venv/lib/python3.13/site-packages/uvicorn/_subprocess.py", line 76, in subprocess_started
    target(sockets=sockets)
    ~~~~~~^^^^^^^^^^^^^^^^^
  File "/Users/rakesh_arrepu/code/Project-HHH/HHH/.venv/lib/python3.13/site-packages/uvicorn/server.py", line 61, in run
    return asyncio.run(self.serve(sockets=sockets))
           ~~~~~~~~~~~^^^^^^^^^^^^^^^^^^^^^^^^^^^^^
  File "/Library/Frameworks/Python.framework/Versions/3.13/lib/python3.13/asyncio/runners.py", line 195, in run
    return runner.run(main)
           ~~~~~~~~~~^^^^^^
  File "/Library/Frameworks/Python.framework/Versions/3.13/lib/python3.13/asyncio/runners.py", line 118, in run
    return self._loop.run_until_complete(task)
           ~~~~~~~~~~~~~~~~~~~~~~~~~~~~~^^^^^^
  File "/Library/Frameworks/Python.framework/Versions/3.13/lib/python3.13/asyncio/base_events.py", line 725, in run_until_complete
    return future.result()
           ~~~~~~~~~~~~~^^
  File "/Users/rakesh_arrepu/code/Project-HHH/HHH/.venv/lib/python3.13/site-packages/uvicorn/server.py", line 68, in serve
    config.load()
    ~~~~~~~~~~~^^
  File "/Users/rakesh_arrepu/code/Project-HHH/HHH/.venv/lib/python3.13/site-packages/uvicorn/config.py", line 467, in load
    self.loaded_app = import_from_string(self.app)
                      ~~~~~~~~~~~~~~~~~~^^^^^^^^^^
  File "/Users/rakesh_arrepu/code/Project-HHH/HHH/.venv/lib/python3.13/site-packages/uvicorn/importer.py", line 21, in import_from_string
    module = importlib.import_module(module_str)
  File "/Library/Frameworks/Python.framework/Versions/3.13/lib/python3.13/importlib/__init__.py", line 88, in import_module
    return _bootstrap._gcd_import(name[level:], package, level)
           ~~~~~~~~~~~~~~~~~~~~~~^^^^^^^^^^^^^^^^^^^^^^^^^^^^^^
  File "<frozen importlib._bootstrap>", line 1387, in _gcd_import
  File "<frozen importlib._bootstrap>", line 1360, in _find_and_load
  File "<frozen importlib._bootstrap>", line 1331, in _find_and_load_unlocked
  File "<frozen importlib._bootstrap>", line 935, in _load_unlocked
  File "<frozen importlib._bootstrap_external>", line 1026, in exec_module
  File "<frozen importlib._bootstrap>", line 488, in _call_with_frames_removed
  File "/Users/rakesh_arrepu/code/Project-HHH/HHH/backend/main.py", line 173, in <module>
    graphql_app = GraphQLRouter(schema, context_getter=get_graphql_context, error_formatter=graphql_error_formatter)
  File "/Users/rakesh_arrepu/code/Project-HHH/HHH/.venv/lib/python3.13/site-packages/strawberry/fastapi/router.py", line 161, in __init__
    super().__init__(
    ~~~~~~~~~~~~~~~~^
        prefix=prefix,
        ^^^^^^^^^^^^^^
    ...<16 lines>...
        **kwargs,
        ^^^^^^^^^
    )
    ^
TypeError: APIRouter.__init__() got an unexpected keyword argument 'error_formatter'
WARNING:  StatReload detected changes in 'main.py'. Reloading...
Process SpawnProcess-53:
Traceback (most recent call last):
  File "/Library/Frameworks/Python.framework/Versions/3.13/lib/python3.13/multiprocessing/process.py", line 313, in _bootstrap
    self.run()
    ~~~~~~~~^^
  File "/Library/Frameworks/Python.framework/Versions/3.13/lib/python3.13/multiprocessing/process.py", line 108, in run
    self._target(*self._args, **self._kwargs)
    ~~~~~~~~~~~~^^^^^^^^^^^^^^^^^^^^^^^^^^^^^
  File "/Users/rakesh_arrepu/code/Project-HHH/HHH/.venv/lib/python3.13/site-packages/uvicorn/_subprocess.py", line 76, in subprocess_started
    target(sockets=sockets)
    ~~~~~~^^^^^^^^^^^^^^^^^
  File "/Users/rakesh_arrepu/code/Project-HHH/HHH/.venv/lib/python3.13/site-packages/uvicorn/server.py", line 61, in run
    return asyncio.run(self.serve(sockets=sockets))
           ~~~~~~~~~~~^^^^^^^^^^^^^^^^^^^^^^^^^^^^^
  File "/Library/Frameworks/Python.framework/Versions/3.13/lib/python3.13/asyncio/runners.py", line 195, in run
    return runner.run(main)
           ~~~~~~~~~~^^^^^^
  File "/Library/Frameworks/Python.framework/Versions/3.13/lib/python3.13/asyncio/runners.py", line 118, in run
    return self._loop.run_until_complete(task)
           ~~~~~~~~~~~~~~~~~~~~~~~~~~~~~^^^^^^
  File "/Library/Frameworks/Python.framework/Versions/3.13/lib/python3.13/asyncio/base_events.py", line 725, in run_until_complete
    return future.result()
           ~~~~~~~~~~~~~^^
  File "/Users/rakesh_arrepu/code/Project-HHH/HHH/.venv/lib/python3.13/site-packages/uvicorn/server.py", line 68, in serve
    config.load()
    ~~~~~~~~~~~^^
  File "/Users/rakesh_arrepu/code/Project-HHH/HHH/.venv/lib/python3.13/site-packages/uvicorn/config.py", line 467, in load
    self.loaded_app = import_from_string(self.app)
                      ~~~~~~~~~~~~~~~~~~^^^^^^^^^^
  File "/Users/rakesh_arrepu/code/Project-HHH/HHH/.venv/lib/python3.13/site-packages/uvicorn/importer.py", line 21, in import_from_string
    module = importlib.import_module(module_str)
  File "/Library/Frameworks/Python.framework/Versions/3.13/lib/python3.13/importlib/__init__.py", line 88, in import_module
    return _bootstrap._gcd_import(name[level:], package, level)
           ~~~~~~~~~~~~~~~~~~~~~~^^^^^^^^^^^^^^^^^^^^^^^^^^^^^^
  File "<frozen importlib._bootstrap>", line 1387, in _gcd_import
  File "<frozen importlib._bootstrap>", line 1360, in _find_and_load
  File "<frozen importlib._bootstrap>", line 1331, in _find_and_load_unlocked
  File "<frozen importlib._bootstrap>", line 935, in _load_unlocked
  File "<frozen importlib._bootstrap_external>", line 1026, in exec_module
  File "<frozen importlib._bootstrap>", line 488, in _call_with_frames_removed
  File "/Users/rakesh_arrepu/code/Project-HHH/HHH/backend/main.py", line 173, in <module>
    graphql_app = GraphQL(schema, context_getter=get_graphql_context, error_formatter=graphql_error_formatter)
TypeError: GraphQL.__init__() got an unexpected keyword argument 'context_getter'
WARNING:  StatReload detected changes in 'main.py'. Reloading...
Process SpawnProcess-54:
Traceback (most recent call last):
  File "/Library/Frameworks/Python.framework/Versions/3.13/lib/python3.13/multiprocessing/process.py", line 313, in _bootstrap
    self.run()
    ~~~~~~~~^^
  File "/Library/Frameworks/Python.framework/Versions/3.13/lib/python3.13/multiprocessing/process.py", line 108, in run
    self._target(*self._args, **self._kwargs)
    ~~~~~~~~~~~~^^^^^^^^^^^^^^^^^^^^^^^^^^^^^
  File "/Users/rakesh_arrepu/code/Project-HHH/HHH/.venv/lib/python3.13/site-packages/uvicorn/_subprocess.py", line 76, in subprocess_started
    target(sockets=sockets)
    ~~~~~~^^^^^^^^^^^^^^^^^
  File "/Users/rakesh_arrepu/code/Project-HHH/HHH/.venv/lib/python3.13/site-packages/uvicorn/server.py", line 61, in run
    return asyncio.run(self.serve(sockets=sockets))
           ~~~~~~~~~~~^^^^^^^^^^^^^^^^^^^^^^^^^^^^^
  File "/Library/Frameworks/Python.framework/Versions/3.13/lib/python3.13/asyncio/runners.py", line 195, in run
    return runner.run(main)
           ~~~~~~~~~~^^^^^^
  File "/Library/Frameworks/Python.framework/Versions/3.13/lib/python3.13/asyncio/runners.py", line 118, in run
    return self._loop.run_until_complete(task)
           ~~~~~~~~~~~~~~~~~~~~~~~~~~~~~^^^^^^
  File "/Library/Frameworks/Python.framework/Versions/3.13/lib/python3.13/asyncio/base_events.py", line 725, in run_until_complete
    return future.result()
           ~~~~~~~~~~~~~^^
  File "/Users/rakesh_arrepu/code/Project-HHH/HHH/.venv/lib/python3.13/site-packages/uvicorn/server.py", line 68, in serve
    config.load()
    ~~~~~~~~~~~^^
  File "/Users/rakesh_arrepu/code/Project-HHH/HHH/.venv/lib/python3.13/site-packages/uvicorn/config.py", line 467, in load
    self.loaded_app = import_from_string(self.app)
                      ~~~~~~~~~~~~~~~~~~^^^^^^^^^^
  File "/Users/rakesh_arrepu/code/Project-HHH/HHH/.venv/lib/python3.13/site-packages/uvicorn/importer.py", line 21, in import_from_string
    module = importlib.import_module(module_str)
  File "/Library/Frameworks/Python.framework/Versions/3.13/lib/python3.13/importlib/__init__.py", line 88, in import_module
    return _bootstrap._gcd_import(name[level:], package, level)
           ~~~~~~~~~~~~~~~~~~~~~~^^^^^^^^^^^^^^^^^^^^^^^^^^^^^^
  File "<frozen importlib._bootstrap>", line 1387, in _gcd_import
  File "<frozen importlib._bootstrap>", line 1360, in _find_and_load
  File "<frozen importlib._bootstrap>", line 1331, in _find_and_load_unlocked
  File "<frozen importlib._bootstrap>", line 935, in _load_unlocked
  File "<frozen importlib._bootstrap_external>", line 1026, in exec_module
  File "<frozen importlib._bootstrap>", line 488, in _call_with_frames_removed
  File "/Users/rakesh_arrepu/code/Project-HHH/HHH/backend/main.py", line 173, in <module>
    graphql_app = GraphQLRouter(schema, context_getter=get_graphql_context, error_formatter=graphql_error_formatter)
  File "/Users/rakesh_arrepu/code/Project-HHH/HHH/.venv/lib/python3.13/site-packages/strawberry/fastapi/router.py", line 161, in __init__
    super().__init__(
    ~~~~~~~~~~~~~~~~^
        prefix=prefix,
        ^^^^^^^^^^^^^^
    ...<16 lines>...
        **kwargs,
        ^^^^^^^^^
    )
    ^
TypeError: APIRouter.__init__() got an unexpected keyword argument 'error_formatter'
WARNING:  StatReload detected changes in 'main.py'. Reloading...
Process SpawnProcess-55:
Traceback (most recent call last):
  File "/Library/Frameworks/Python.framework/Versions/3.13/lib/python3.13/multiprocessing/process.py", line 313, in _bootstrap
    self.run()
    ~~~~~~~~^^
  File "/Library/Frameworks/Python.framework/Versions/3.13/lib/python3.13/multiprocessing/process.py", line 108, in run
    self._target(*self._args, **self._kwargs)
    ~~~~~~~~~~~~^^^^^^^^^^^^^^^^^^^^^^^^^^^^^
  File "/Users/rakesh_arrepu/code/Project-HHH/HHH/.venv/lib/python3.13/site-packages/uvicorn/_subprocess.py", line 76, in subprocess_started
    target(sockets=sockets)
    ~~~~~~^^^^^^^^^^^^^^^^^
  File "/Users/rakesh_arrepu/code/Project-HHH/HHH/.venv/lib/python3.13/site-packages/uvicorn/server.py", line 61, in run
    return asyncio.run(self.serve(sockets=sockets))
           ~~~~~~~~~~~^^^^^^^^^^^^^^^^^^^^^^^^^^^^^
  File "/Library/Frameworks/Python.framework/Versions/3.13/lib/python3.13/asyncio/runners.py", line 195, in run
    return runner.run(main)
           ~~~~~~~~~~^^^^^^
  File "/Library/Frameworks/Python.framework/Versions/3.13/lib/python3.13/asyncio/runners.py", line 118, in run
    return self._loop.run_until_complete(task)
           ~~~~~~~~~~~~~~~~~~~~~~~~~~~~~^^^^^^
  File "/Library/Frameworks/Python.framework/Versions/3.13/lib/python3.13/asyncio/base_events.py", line 725, in run_until_complete
    return future.result()
           ~~~~~~~~~~~~~^^
  File "/Users/rakesh_arrepu/code/Project-HHH/HHH/.venv/lib/python3.13/site-packages/uvicorn/server.py", line 68, in serve
    config.load()
    ~~~~~~~~~~~^^
  File "/Users/rakesh_arrepu/code/Project-HHH/HHH/.venv/lib/python3.13/site-packages/uvicorn/config.py", line 467, in load
    self.loaded_app = import_from_string(self.app)
                      ~~~~~~~~~~~~~~~~~~^^^^^^^^^^
  File "/Users/rakesh_arrepu/code/Project-HHH/HHH/.venv/lib/python3.13/site-packages/uvicorn/importer.py", line 21, in import_from_string
    module = importlib.import_module(module_str)
  File "/Library/Frameworks/Python.framework/Versions/3.13/lib/python3.13/importlib/__init__.py", line 88, in import_module
    return _bootstrap._gcd_import(name[level:], package, level)
           ~~~~~~~~~~~~~~~~~~~~~~^^^^^^^^^^^^^^^^^^^^^^^^^^^^^^
  File "<frozen importlib._bootstrap>", line 1387, in _gcd_import
  File "<frozen importlib._bootstrap>", line 1360, in _find_and_load
  File "<frozen importlib._bootstrap>", line 1331, in _find_and_load_unlocked
  File "<frozen importlib._bootstrap>", line 935, in _load_unlocked
  File "<frozen importlib._bootstrap_external>", line 1026, in exec_module
  File "<frozen importlib._bootstrap>", line 488, in _call_with_frames_removed
  File "/Users/rakesh_arrepu/code/Project-HHH/HHH/backend/main.py", line 173, in <module>
    graphql_app = GraphQL(schema, context_getter=get_graphql_context, error_formatter=graphql_error_formatter)
TypeError: GraphQL.__init__() got an unexpected keyword argument 'context_getter'
WARNING:  StatReload detected changes in 'main.py'. Reloading...
Process SpawnProcess-56:
Traceback (most recent call last):
  File "/Library/Frameworks/Python.framework/Versions/3.13/lib/python3.13/multiprocessing/process.py", line 313, in _bootstrap
    self.run()
    ~~~~~~~~^^
  File "/Library/Frameworks/Python.framework/Versions/3.13/lib/python3.13/multiprocessing/process.py", line 108, in run
    self._target(*self._args, **self._kwargs)
    ~~~~~~~~~~~~^^^^^^^^^^^^^^^^^^^^^^^^^^^^^
  File "/Users/rakesh_arrepu/code/Project-HHH/HHH/.venv/lib/python3.13/site-packages/uvicorn/_subprocess.py", line 76, in subprocess_started
    target(sockets=sockets)
    ~~~~~~^^^^^^^^^^^^^^^^^
  File "/Users/rakesh_arrepu/code/Project-HHH/HHH/.venv/lib/python3.13/site-packages/uvicorn/server.py", line 61, in run
    return asyncio.run(self.serve(sockets=sockets))
           ~~~~~~~~~~~^^^^^^^^^^^^^^^^^^^^^^^^^^^^^
  File "/Library/Frameworks/Python.framework/Versions/3.13/lib/python3.13/asyncio/runners.py", line 195, in run
    return runner.run(main)
           ~~~~~~~~~~^^^^^^
  File "/Library/Frameworks/Python.framework/Versions/3.13/lib/python3.13/asyncio/runners.py", line 118, in run
    return self._loop.run_until_complete(task)
           ~~~~~~~~~~~~~~~~~~~~~~~~~~~~~^^^^^^
  File "/Library/Frameworks/Python.framework/Versions/3.13/lib/python3.13/asyncio/base_events.py", line 725, in run_until_complete
    return future.result()
           ~~~~~~~~~~~~~^^
  File "/Users/rakesh_arrepu/code/Project-HHH/HHH/.venv/lib/python3.13/site-packages/uvicorn/server.py", line 68, in serve
    config.load()
    ~~~~~~~~~~~^^
  File "/Users/rakesh_arrepu/code/Project-HHH/HHH/.venv/lib/python3.13/site-packages/uvicorn/config.py", line 467, in load
    self.loaded_app = import_from_string(self.app)
                      ~~~~~~~~~~~~~~~~~~^^^^^^^^^^
  File "/Users/rakesh_arrepu/code/Project-HHH/HHH/.venv/lib/python3.13/site-packages/uvicorn/importer.py", line 21, in import_from_string
    module = importlib.import_module(module_str)
  File "/Library/Frameworks/Python.framework/Versions/3.13/lib/python3.13/importlib/__init__.py", line 88, in import_module
    return _bootstrap._gcd_import(name[level:], package, level)
           ~~~~~~~~~~~~~~~~~~~~~~^^^^^^^^^^^^^^^^^^^^^^^^^^^^^^
  File "<frozen importlib._bootstrap>", line 1387, in _gcd_import
  File "<frozen importlib._bootstrap>", line 1360, in _find_and_load
  File "<frozen importlib._bootstrap>", line 1331, in _find_and_load_unlocked
  File "<frozen importlib._bootstrap>", line 935, in _load_unlocked
  File "<frozen importlib._bootstrap_external>", line 1026, in exec_module
  File "<frozen importlib._bootstrap>", line 488, in _call_with_frames_removed
  File "/Users/rakesh_arrepu/code/Project-HHH/HHH/backend/main.py", line 173, in <module>
    graphql_app = GraphQL(schema, context_getter=get_graphql_context, error_formatter=graphql_error_formatter) # type: ignore
TypeError: GraphQL.__init__() got an unexpected keyword argument 'context_getter'
WARNING:  StatReload detected changes in 'src/api/graphql/schema.py'. Reloading...
Process SpawnProcess-57:
Traceback (most recent call last):
  File "/Library/Frameworks/Python.framework/Versions/3.13/lib/python3.13/multiprocessing/process.py", line 313, in _bootstrap
    self.run()
    ~~~~~~~~^^
  File "/Library/Frameworks/Python.framework/Versions/3.13/lib/python3.13/multiprocessing/process.py", line 108, in run
    self._target(*self._args, **self._kwargs)
    ~~~~~~~~~~~~^^^^^^^^^^^^^^^^^^^^^^^^^^^^^
  File "/Users/rakesh_arrepu/code/Project-HHH/HHH/.venv/lib/python3.13/site-packages/uvicorn/_subprocess.py", line 76, in subprocess_started
    target(sockets=sockets)
    ~~~~~~^^^^^^^^^^^^^^^^^
  File "/Users/rakesh_arrepu/code/Project-HHH/HHH/.venv/lib/python3.13/site-packages/uvicorn/server.py", line 61, in run
    return asyncio.run(self.serve(sockets=sockets))
           ~~~~~~~~~~~^^^^^^^^^^^^^^^^^^^^^^^^^^^^^
  File "/Library/Frameworks/Python.framework/Versions/3.13/lib/python3.13/asyncio/runners.py", line 195, in run
    return runner.run(main)
           ~~~~~~~~~~^^^^^^
  File "/Library/Frameworks/Python.framework/Versions/3.13/lib/python3.13/asyncio/runners.py", line 118, in run
    return self._loop.run_until_complete(task)
           ~~~~~~~~~~~~~~~~~~~~~~~~~~~~~^^^^^^
  File "/Library/Frameworks/Python.framework/Versions/3.13/lib/python3.13/asyncio/base_events.py", line 725, in run_until_complete
    return future.result()
           ~~~~~~~~~~~~~^^
  File "/Users/rakesh_arrepu/code/Project-HHH/HHH/.venv/lib/python3.13/site-packages/uvicorn/server.py", line 68, in serve
    config.load()
    ~~~~~~~~~~~^^
  File "/Users/rakesh_arrepu/code/Project-HHH/HHH/.venv/lib/python3.13/site-packages/uvicorn/config.py", line 467, in load
    self.loaded_app = import_from_string(self.app)
                      ~~~~~~~~~~~~~~~~~~^^^^^^^^^^
  File "/Users/rakesh_arrepu/code/Project-HHH/HHH/.venv/lib/python3.13/site-packages/uvicorn/importer.py", line 21, in import_from_string
    module = importlib.import_module(module_str)
  File "/Library/Frameworks/Python.framework/Versions/3.13/lib/python3.13/importlib/__init__.py", line 88, in import_module
    return _bootstrap._gcd_import(name[level:], package, level)
           ~~~~~~~~~~~~~~~~~~~~~~^^^^^^^^^^^^^^^^^^^^^^^^^^^^^^
  File "<frozen importlib._bootstrap>", line 1387, in _gcd_import
  File "<frozen importlib._bootstrap>", line 1360, in _find_and_load
  File "<frozen importlib._bootstrap>", line 1331, in _find_and_load_unlocked
  File "<frozen importlib._bootstrap>", line 935, in _load_unlocked
  File "<frozen importlib._bootstrap_external>", line 1026, in exec_module
  File "<frozen importlib._bootstrap>", line 488, in _call_with_frames_removed
  File "/Users/rakesh_arrepu/code/Project-HHH/HHH/backend/main.py", line 25, in <module>
    from api.graphql.schema import schema  # type: ignore  # noqa: E402
    ^^^^^^^^^^^^^^^^^^^^^^^^^^^^^^^^^^^^^
  File "/Users/rakesh_arrepu/code/Project-HHH/HHH/backend/src/api/graphql/schema.py", line 813, in <module>
    schema = strawberry.Schema(query=Query, mutation=Mutation, config=StrawberryConfig(error_formatter=graphql_error_formatter))
                                                                      ~~~~~~~~~~~~~~~~^^^^^^^^^^^^^^^^^^^^^^^^^^^^^^^^^^^^^^^^^
TypeError: StrawberryConfig.__init__() got an unexpected keyword argument 'error_formatter'
WARNING:  StatReload detected changes in 'main.py'. Reloading...
Process SpawnProcess-58:
Traceback (most recent call last):
  File "/Library/Frameworks/Python.framework/Versions/3.13/lib/python3.13/multiprocessing/process.py", line 313, in _bootstrap
    self.run()
    ~~~~~~~~^^
  File "/Library/Frameworks/Python.framework/Versions/3.13/lib/python3.13/multiprocessing/process.py", line 108, in run
    self._target(*self._args, **self._kwargs)
    ~~~~~~~~~~~~^^^^^^^^^^^^^^^^^^^^^^^^^^^^^
  File "/Users/rakesh_arrepu/code/Project-HHH/HHH/.venv/lib/python3.13/site-packages/uvicorn/_subprocess.py", line 76, in subprocess_started
    target(sockets=sockets)
    ~~~~~~^^^^^^^^^^^^^^^^^
  File "/Users/rakesh_arrepu/code/Project-HHH/HHH/.venv/lib/python3.13/site-packages/uvicorn/server.py", line 61, in run
    return asyncio.run(self.serve(sockets=sockets))
           ~~~~~~~~~~~^^^^^^^^^^^^^^^^^^^^^^^^^^^^^
  File "/Library/Frameworks/Python.framework/Versions/3.13/lib/python3.13/asyncio/runners.py", line 195, in run
    return runner.run(main)
           ~~~~~~~~~~^^^^^^
  File "/Library/Frameworks/Python.framework/Versions/3.13/lib/python3.13/asyncio/runners.py", line 118, in run
    return self._loop.run_until_complete(task)
           ~~~~~~~~~~~~~~~~~~~~~~~~~~~~~^^^^^^
  File "/Library/Frameworks/Python.framework/Versions/3.13/lib/python3.13/asyncio/base_events.py", line 725, in run_until_complete
    return future.result()
           ~~~~~~~~~~~~~^^
  File "/Users/rakesh_arrepu/code/Project-HHH/HHH/.venv/lib/python3.13/site-packages/uvicorn/server.py", line 68, in serve
    config.load()
    ~~~~~~~~~~~^^
  File "/Users/rakesh_arrepu/code/Project-HHH/HHH/.venv/lib/python3.13/site-packages/uvicorn/config.py", line 467, in load
    self.loaded_app = import_from_string(self.app)
                      ~~~~~~~~~~~~~~~~~~^^^^^^^^^^
  File "/Users/rakesh_arrepu/code/Project-HHH/HHH/.venv/lib/python3.13/site-packages/uvicorn/importer.py", line 21, in import_from_string
    module = importlib.import_module(module_str)
  File "/Library/Frameworks/Python.framework/Versions/3.13/lib/python3.13/importlib/__init__.py", line 88, in import_module
    return _bootstrap._gcd_import(name[level:], package, level)
           ~~~~~~~~~~~~~~~~~~~~~~^^^^^^^^^^^^^^^^^^^^^^^^^^^^^^
  File "<frozen importlib._bootstrap>", line 1387, in _gcd_import
  File "<frozen importlib._bootstrap>", line 1360, in _find_and_load
  File "<frozen importlib._bootstrap>", line 1331, in _find_and_load_unlocked
  File "<frozen importlib._bootstrap>", line 935, in _load_unlocked
  File "<frozen importlib._bootstrap_external>", line 1026, in exec_module
  File "<frozen importlib._bootstrap>", line 488, in _call_with_frames_removed
  File "/Users/rakesh_arrepu/code/Project-HHH/HHH/backend/main.py", line 25, in <module>
    from api.graphql.schema import schema  # type: ignore  # noqa: E402
    ^^^^^^^^^^^^^^^^^^^^^^^^^^^^^^^^^^^^^
  File "/Users/rakesh_arrepu/code/Project-HHH/HHH/backend/src/api/graphql/schema.py", line 813, in <module>
    schema = strawberry.Schema(query=Query, mutation=Mutation, config=StrawberryConfig(error_formatter=graphql_error_formatter))
                                                                      ~~~~~~~~~~~~~~~~^^^^^^^^^^^^^^^^^^^^^^^^^^^^^^^^^^^^^^^^^
TypeError: StrawberryConfig.__init__() got an unexpected keyword argument 'error_formatter'
WARNING:  StatReload detected changes in 'src/core/exceptions.py'. Reloading...
Process SpawnProcess-59:
Traceback (most recent call last):
  File "/Library/Frameworks/Python.framework/Versions/3.13/lib/python3.13/multiprocessing/process.py", line 313, in _bootstrap
    self.run()
    ~~~~~~~~^^
  File "/Library/Frameworks/Python.framework/Versions/3.13/lib/python3.13/multiprocessing/process.py", line 108, in run
    self._target(*self._args, **self._kwargs)
    ~~~~~~~~~~~~^^^^^^^^^^^^^^^^^^^^^^^^^^^^^
  File "/Users/rakesh_arrepu/code/Project-HHH/HHH/.venv/lib/python3.13/site-packages/uvicorn/_subprocess.py", line 76, in subprocess_started
    target(sockets=sockets)
    ~~~~~~^^^^^^^^^^^^^^^^^
  File "/Users/rakesh_arrepu/code/Project-HHH/HHH/.venv/lib/python3.13/site-packages/uvicorn/server.py", line 61, in run
    return asyncio.run(self.serve(sockets=sockets))
           ~~~~~~~~~~~^^^^^^^^^^^^^^^^^^^^^^^^^^^^^
  File "/Library/Frameworks/Python.framework/Versions/3.13/lib/python3.13/asyncio/runners.py", line 195, in run
    return runner.run(main)
           ~~~~~~~~~~^^^^^^
  File "/Library/Frameworks/Python.framework/Versions/3.13/lib/python3.13/asyncio/runners.py", line 118, in run
    return self._loop.run_until_complete(task)
           ~~~~~~~~~~~~~~~~~~~~~~~~~~~~~^^^^^^
  File "/Library/Frameworks/Python.framework/Versions/3.13/lib/python3.13/asyncio/base_events.py", line 725, in run_until_complete
    return future.result()
           ~~~~~~~~~~~~~^^
  File "/Users/rakesh_arrepu/code/Project-HHH/HHH/.venv/lib/python3.13/site-packages/uvicorn/server.py", line 68, in serve
    config.load()
    ~~~~~~~~~~~^^
  File "/Users/rakesh_arrepu/code/Project-HHH/HHH/.venv/lib/python3.13/site-packages/uvicorn/config.py", line 467, in load
    self.loaded_app = import_from_string(self.app)
                      ~~~~~~~~~~~~~~~~~~^^^^^^^^^^
  File "/Users/rakesh_arrepu/code/Project-HHH/HHH/.venv/lib/python3.13/site-packages/uvicorn/importer.py", line 21, in import_from_string
    module = importlib.import_module(module_str)
  File "/Library/Frameworks/Python.framework/Versions/3.13/lib/python3.13/importlib/__init__.py", line 88, in import_module
    return _bootstrap._gcd_import(name[level:], package, level)
           ~~~~~~~~~~~~~~~~~~~~~~^^^^^^^^^^^^^^^^^^^^^^^^^^^^^^
  File "<frozen importlib._bootstrap>", line 1387, in _gcd_import
  File "<frozen importlib._bootstrap>", line 1360, in _find_and_load
  File "<frozen importlib._bootstrap>", line 1331, in _find_and_load_unlocked
  File "<frozen importlib._bootstrap>", line 935, in _load_unlocked
  File "<frozen importlib._bootstrap_external>", line 1026, in exec_module
  File "<frozen importlib._bootstrap>", line 488, in _call_with_frames_removed
  File "/Users/rakesh_arrepu/code/Project-HHH/HHH/backend/main.py", line 25, in <module>
    from api.graphql.schema import schema  # type: ignore  # noqa: E402
    ^^^^^^^^^^^^^^^^^^^^^^^^^^^^^^^^^^^^^
  File "/Users/rakesh_arrepu/code/Project-HHH/HHH/backend/src/api/graphql/schema.py", line 813, in <module>
    schema = strawberry.Schema(query=Query, mutation=Mutation, config=StrawberryConfig(error_formatter=graphql_error_formatter))
                                                                      ~~~~~~~~~~~~~~~~^^^^^^^^^^^^^^^^^^^^^^^^^^^^^^^^^^^^^^^^^
TypeError: StrawberryConfig.__init__() got an unexpected keyword argument 'error_formatter'
WARNING:  StatReload detected changes in 'src/api/graphql/schema.py'. Reloading...
INFO:     Started server process [8118]
INFO:     Waiting for application startup.
2025-10-27 20:01:38,168 INFO sqlalchemy.engine.Engine BEGIN (implicit)
2025-10-27 20:01:38,168 INFO sqlalchemy.engine.Engine PRAGMA main.table_info("roles")
2025-10-27 20:01:38,168 INFO sqlalchemy.engine.Engine [raw sql] ()
2025-10-27 20:01:38,169 INFO sqlalchemy.engine.Engine PRAGMA main.table_info("users")
2025-10-27 20:01:38,169 INFO sqlalchemy.engine.Engine [raw sql] ()
2025-10-27 20:01:38,169 INFO sqlalchemy.engine.Engine PRAGMA main.table_info("groups")
2025-10-27 20:01:38,169 INFO sqlalchemy.engine.Engine [raw sql] ()
2025-10-27 20:01:38,170 INFO sqlalchemy.engine.Engine PRAGMA main.table_info("group_members")
2025-10-27 20:01:38,170 INFO sqlalchemy.engine.Engine [raw sql] ()
2025-10-27 20:01:38,170 INFO sqlalchemy.engine.Engine PRAGMA main.table_info("section_entries")
2025-10-27 20:01:38,170 INFO sqlalchemy.engine.Engine [raw sql] ()
2025-10-27 20:01:38,170 INFO sqlalchemy.engine.Engine PRAGMA main.table_info("notifications")
2025-10-27 20:01:38,170 INFO sqlalchemy.engine.Engine [raw sql] ()
2025-10-27 20:01:38,170 INFO sqlalchemy.engine.Engine PRAGMA main.table_info("audit_logs")
2025-10-27 20:01:38,170 INFO sqlalchemy.engine.Engine [raw sql] ()
2025-10-27 20:01:38,170 INFO sqlalchemy.engine.Engine PRAGMA main.table_info("backup_logs")
2025-10-27 20:01:38,170 INFO sqlalchemy.engine.Engine [raw sql] ()
2025-10-27 20:01:38,170 INFO sqlalchemy.engine.Engine COMMIT
INFO:     Application startup complete.
WARNING:  StatReload detected changes in 'src/core/exceptions.py'. Reloading...
INFO:     Shutting down
INFO:     Waiting for application shutdown.
INFO:     Application shutdown complete.
INFO:     Finished server process [8118]
INFO:     Started server process [8333]
INFO:     Waiting for application startup.
2025-10-27 20:02:58,957 INFO sqlalchemy.engine.Engine BEGIN (implicit)
2025-10-27 20:02:58,957 INFO sqlalchemy.engine.Engine PRAGMA main.table_info("roles")
2025-10-27 20:02:58,957 INFO sqlalchemy.engine.Engine [raw sql] ()
2025-10-27 20:02:58,958 INFO sqlalchemy.engine.Engine PRAGMA main.table_info("users")
2025-10-27 20:02:58,958 INFO sqlalchemy.engine.Engine [raw sql] ()
2025-10-27 20:02:58,958 INFO sqlalchemy.engine.Engine PRAGMA main.table_info("groups")
2025-10-27 20:02:58,958 INFO sqlalchemy.engine.Engine [raw sql] ()
2025-10-27 20:02:58,958 INFO sqlalchemy.engine.Engine PRAGMA main.table_info("group_members")
2025-10-27 20:02:58,958 INFO sqlalchemy.engine.Engine [raw sql] ()
2025-10-27 20:02:58,958 INFO sqlalchemy.engine.Engine PRAGMA main.table_info("section_entries")
2025-10-27 20:02:58,958 INFO sqlalchemy.engine.Engine [raw sql] ()
2025-10-27 20:02:58,958 INFO sqlalchemy.engine.Engine PRAGMA main.table_info("notifications")
2025-10-27 20:02:58,958 INFO sqlalchemy.engine.Engine [raw sql] ()
2025-10-27 20:02:58,958 INFO sqlalchemy.engine.Engine PRAGMA main.table_info("audit_logs")
2025-10-27 20:02:58,958 INFO sqlalchemy.engine.Engine [raw sql] ()
2025-10-27 20:02:58,958 INFO sqlalchemy.engine.Engine PRAGMA main.table_info("backup_logs")
2025-10-27 20:02:58,958 INFO sqlalchemy.engine.Engine [raw sql] ()
2025-10-27 20:02:58,958 INFO sqlalchemy.engine.Engine COMMIT
INFO:     Application startup complete.
WARNING:  StatReload detected changes in 'src/core/exceptions.py'. Reloading...
INFO:     Shutting down
INFO:     Waiting for application shutdown.
INFO:     Application shutdown complete.
INFO:     Finished server process [8333]
INFO:     Started server process [8368]
INFO:     Waiting for application startup.
2025-10-27 20:04:07,670 INFO sqlalchemy.engine.Engine BEGIN (implicit)
2025-10-27 20:04:07,670 INFO sqlalchemy.engine.Engine PRAGMA main.table_info("roles")
2025-10-27 20:04:07,670 INFO sqlalchemy.engine.Engine [raw sql] ()
2025-10-27 20:04:07,670 INFO sqlalchemy.engine.Engine PRAGMA main.table_info("users")
2025-10-27 20:04:07,670 INFO sqlalchemy.engine.Engine [raw sql] ()
2025-10-27 20:04:07,670 INFO sqlalchemy.engine.Engine PRAGMA main.table_info("groups")
2025-10-27 20:04:07,670 INFO sqlalchemy.engine.Engine [raw sql] ()
2025-10-27 20:04:07,671 INFO sqlalchemy.engine.Engine PRAGMA main.table_info("group_members")
2025-10-27 20:04:07,671 INFO sqlalchemy.engine.Engine [raw sql] ()
2025-10-27 20:04:07,671 INFO sqlalchemy.engine.Engine PRAGMA main.table_info("section_entries")
2025-10-27 20:04:07,671 INFO sqlalchemy.engine.Engine [raw sql] ()
2025-10-27 20:04:07,671 INFO sqlalchemy.engine.Engine PRAGMA main.table_info("notifications")
2025-10-27 20:04:07,671 INFO sqlalchemy.engine.Engine [raw sql] ()
2025-10-27 20:04:07,671 INFO sqlalchemy.engine.Engine PRAGMA main.table_info("audit_logs")
2025-10-27 20:04:07,671 INFO sqlalchemy.engine.Engine [raw sql] ()
2025-10-27 20:04:07,671 INFO sqlalchemy.engine.Engine PRAGMA main.table_info("backup_logs")
2025-10-27 20:04:07,671 INFO sqlalchemy.engine.Engine [raw sql] ()
2025-10-27 20:04:07,671 INFO sqlalchemy.engine.Engine COMMIT
INFO:     Application startup complete.
WARNING:  StatReload detected changes in 'src/api/graphql/schema.py'. Reloading...
INFO:     Shutting down
INFO:     Waiting for application shutdown.
INFO:     Application shutdown complete.
INFO:     Finished server process [8368]
INFO:     Started server process [8400]
INFO:     Waiting for application startup.
2025-10-27 20:05:03,681 INFO sqlalchemy.engine.Engine BEGIN (implicit)
2025-10-27 20:05:03,681 INFO sqlalchemy.engine.Engine PRAGMA main.table_info("roles")
2025-10-27 20:05:03,681 INFO sqlalchemy.engine.Engine [raw sql] ()
2025-10-27 20:05:03,682 INFO sqlalchemy.engine.Engine PRAGMA main.table_info("users")
2025-10-27 20:05:03,682 INFO sqlalchemy.engine.Engine [raw sql] ()
2025-10-27 20:05:03,682 INFO sqlalchemy.engine.Engine PRAGMA main.table_info("groups")
2025-10-27 20:05:03,682 INFO sqlalchemy.engine.Engine [raw sql] ()
2025-10-27 20:05:03,682 INFO sqlalchemy.engine.Engine PRAGMA main.table_info("group_members")
2025-10-27 20:05:03,682 INFO sqlalchemy.engine.Engine [raw sql] ()
2025-10-27 20:05:03,682 INFO sqlalchemy.engine.Engine PRAGMA main.table_info("section_entries")
2025-10-27 20:05:03,682 INFO sqlalchemy.engine.Engine [raw sql] ()
2025-10-27 20:05:03,682 INFO sqlalchemy.engine.Engine PRAGMA main.table_info("notifications")
2025-10-27 20:05:03,682 INFO sqlalchemy.engine.Engine [raw sql] ()
2025-10-27 20:05:03,682 INFO sqlalchemy.engine.Engine PRAGMA main.table_info("audit_logs")
2025-10-27 20:05:03,682 INFO sqlalchemy.engine.Engine [raw sql] ()
2025-10-27 20:05:03,682 INFO sqlalchemy.engine.Engine PRAGMA main.table_info("backup_logs")
2025-10-27 20:05:03,682 INFO sqlalchemy.engine.Engine [raw sql] ()
2025-10-27 20:05:03,682 INFO sqlalchemy.engine.Engine COMMIT
INFO:     Application startup complete.
WARNING:  StatReload detected changes in 'src/api/graphql/schema.py'. Reloading...
INFO:     Shutting down
INFO:     Waiting for application shutdown.
INFO:     Application shutdown complete.
INFO:     Finished server process [8400]
INFO:     Started server process [8638]
INFO:     Waiting for application startup.
2025-10-27 20:06:23,141 INFO sqlalchemy.engine.Engine BEGIN (implicit)
2025-10-27 20:06:23,141 INFO sqlalchemy.engine.Engine PRAGMA main.table_info("roles")
2025-10-27 20:06:23,141 INFO sqlalchemy.engine.Engine [raw sql] ()
2025-10-27 20:06:23,142 INFO sqlalchemy.engine.Engine PRAGMA main.table_info("users")
2025-10-27 20:06:23,142 INFO sqlalchemy.engine.Engine [raw sql] ()
2025-10-27 20:06:23,143 INFO sqlalchemy.engine.Engine PRAGMA main.table_info("groups")
2025-10-27 20:06:23,143 INFO sqlalchemy.engine.Engine [raw sql] ()
2025-10-27 20:06:23,143 INFO sqlalchemy.engine.Engine PRAGMA main.table_info("group_members")
2025-10-27 20:06:23,143 INFO sqlalchemy.engine.Engine [raw sql] ()
2025-10-27 20:06:23,143 INFO sqlalchemy.engine.Engine PRAGMA main.table_info("section_entries")
2025-10-27 20:06:23,143 INFO sqlalchemy.engine.Engine [raw sql] ()
2025-10-27 20:06:23,143 INFO sqlalchemy.engine.Engine PRAGMA main.table_info("notifications")
2025-10-27 20:06:23,143 INFO sqlalchemy.engine.Engine [raw sql] ()
2025-10-27 20:06:23,143 INFO sqlalchemy.engine.Engine PRAGMA main.table_info("audit_logs")
2025-10-27 20:06:23,143 INFO sqlalchemy.engine.Engine [raw sql] ()
2025-10-27 20:06:23,143 INFO sqlalchemy.engine.Engine PRAGMA main.table_info("backup_logs")
2025-10-27 20:06:23,143 INFO sqlalchemy.engine.Engine [raw sql] ()
2025-10-27 20:06:23,143 INFO sqlalchemy.engine.Engine COMMIT
INFO:     Application startup complete.
WARNING:  StatReload detected changes in 'src/api/graphql/schema.py'. Reloading...
INFO:     Shutting down
INFO:     Waiting for application shutdown.
INFO:     Application shutdown complete.
INFO:     Finished server process [8638]
INFO:     Started server process [8658]
INFO:     Waiting for application startup.
2025-10-27 20:06:55,187 INFO sqlalchemy.engine.Engine BEGIN (implicit)
2025-10-27 20:06:55,187 INFO sqlalchemy.engine.Engine PRAGMA main.table_info("roles")
2025-10-27 20:06:55,187 INFO sqlalchemy.engine.Engine [raw sql] ()
2025-10-27 20:06:55,188 INFO sqlalchemy.engine.Engine PRAGMA main.table_info("users")
2025-10-27 20:06:55,188 INFO sqlalchemy.engine.Engine [raw sql] ()
2025-10-27 20:06:55,188 INFO sqlalchemy.engine.Engine PRAGMA main.table_info("groups")
2025-10-27 20:06:55,188 INFO sqlalchemy.engine.Engine [raw sql] ()
2025-10-27 20:06:55,188 INFO sqlalchemy.engine.Engine PRAGMA main.table_info("group_members")
2025-10-27 20:06:55,188 INFO sqlalchemy.engine.Engine [raw sql] ()
2025-10-27 20:06:55,188 INFO sqlalchemy.engine.Engine PRAGMA main.table_info("section_entries")
2025-10-27 20:06:55,188 INFO sqlalchemy.engine.Engine [raw sql] ()
2025-10-27 20:06:55,188 INFO sqlalchemy.engine.Engine PRAGMA main.table_info("notifications")
2025-10-27 20:06:55,188 INFO sqlalchemy.engine.Engine [raw sql] ()
2025-10-27 20:06:55,188 INFO sqlalchemy.engine.Engine PRAGMA main.table_info("audit_logs")
2025-10-27 20:06:55,188 INFO sqlalchemy.engine.Engine [raw sql] ()
2025-10-27 20:06:55,188 INFO sqlalchemy.engine.Engine PRAGMA main.table_info("backup_logs")
2025-10-27 20:06:55,188 INFO sqlalchemy.engine.Engine [raw sql] ()
2025-10-27 20:06:55,188 INFO sqlalchemy.engine.Engine COMMIT
INFO:     Application startup complete.
WARNING:  StatReload detected changes in 'src/api/graphql/schema.py'. Reloading...
INFO:     Shutting down
INFO:     Waiting for application shutdown.
INFO:     Application shutdown complete.
INFO:     Finished server process [8658]
INFO:     Started server process [9431]
INFO:     Waiting for application startup.
2025-10-27 20:39:40,529 INFO sqlalchemy.engine.Engine BEGIN (implicit)
2025-10-27 20:39:40,529 INFO sqlalchemy.engine.Engine PRAGMA main.table_info("roles")
2025-10-27 20:39:40,529 INFO sqlalchemy.engine.Engine [raw sql] ()
2025-10-27 20:39:40,530 INFO sqlalchemy.engine.Engine PRAGMA main.table_info("users")
2025-10-27 20:39:40,530 INFO sqlalchemy.engine.Engine [raw sql] ()
2025-10-27 20:39:40,530 INFO sqlalchemy.engine.Engine PRAGMA main.table_info("groups")
2025-10-27 20:39:40,530 INFO sqlalchemy.engine.Engine [raw sql] ()
2025-10-27 20:39:40,530 INFO sqlalchemy.engine.Engine PRAGMA main.table_info("group_members")
2025-10-27 20:39:40,530 INFO sqlalchemy.engine.Engine [raw sql] ()
2025-10-27 20:39:40,530 INFO sqlalchemy.engine.Engine PRAGMA main.table_info("section_entries")
2025-10-27 20:39:40,530 INFO sqlalchemy.engine.Engine [raw sql] ()
2025-10-27 20:39:40,530 INFO sqlalchemy.engine.Engine PRAGMA main.table_info("notifications")
2025-10-27 20:39:40,530 INFO sqlalchemy.engine.Engine [raw sql] ()
2025-10-27 20:39:40,531 INFO sqlalchemy.engine.Engine PRAGMA main.table_info("audit_logs")
2025-10-27 20:39:40,531 INFO sqlalchemy.engine.Engine [raw sql] ()
2025-10-27 20:39:40,531 INFO sqlalchemy.engine.Engine PRAGMA main.table_info("backup_logs")
2025-10-27 20:39:40,531 INFO sqlalchemy.engine.Engine [raw sql] ()
2025-10-27 20:39:40,531 INFO sqlalchemy.engine.Engine COMMIT
INFO:     Application startup complete.
WARNING:  StatReload detected changes in 'src/api/graphql/schema.py'. Reloading...
INFO:     Shutting down
INFO:     Waiting for application shutdown.
INFO:     Application shutdown complete.
INFO:     Finished server process [9431]
Process SpawnProcess-67:
Traceback (most recent call last):
  File "/Library/Frameworks/Python.framework/Versions/3.13/lib/python3.13/multiprocessing/process.py", line 313, in _bootstrap
    self.run()
    ~~~~~~~~^^
  File "/Library/Frameworks/Python.framework/Versions/3.13/lib/python3.13/multiprocessing/process.py", line 108, in run
    self._target(*self._args, **self._kwargs)
    ~~~~~~~~~~~~^^^^^^^^^^^^^^^^^^^^^^^^^^^^^
  File "/Users/rakesh_arrepu/code/Project-HHH/HHH/.venv/lib/python3.13/site-packages/uvicorn/_subprocess.py", line 76, in subprocess_started
    target(sockets=sockets)
    ~~~~~~^^^^^^^^^^^^^^^^^
  File "/Users/rakesh_arrepu/code/Project-HHH/HHH/.venv/lib/python3.13/site-packages/uvicorn/server.py", line 61, in run
    return asyncio.run(self.serve(sockets=sockets))
           ~~~~~~~~~~~^^^^^^^^^^^^^^^^^^^^^^^^^^^^^
  File "/Library/Frameworks/Python.framework/Versions/3.13/lib/python3.13/asyncio/runners.py", line 195, in run
    return runner.run(main)
           ~~~~~~~~~~^^^^^^
  File "/Library/Frameworks/Python.framework/Versions/3.13/lib/python3.13/asyncio/runners.py", line 118, in run
    return self._loop.run_until_complete(task)
           ~~~~~~~~~~~~~~~~~~~~~~~~~~~~~^^^^^^
  File "/Library/Frameworks/Python.framework/Versions/3.13/lib/python3.13/asyncio/base_events.py", line 725, in run_until_complete
    return future.result()
           ~~~~~~~~~~~~~^^
  File "/Users/rakesh_arrepu/code/Project-HHH/HHH/.venv/lib/python3.13/site-packages/uvicorn/server.py", line 68, in serve
    config.load()
    ~~~~~~~~~~~^^
  File "/Users/rakesh_arrepu/code/Project-HHH/HHH/.venv/lib/python3.13/site-packages/uvicorn/config.py", line 467, in load
    self.loaded_app = import_from_string(self.app)
                      ~~~~~~~~~~~~~~~~~~^^^^^^^^^^
  File "/Users/rakesh_arrepu/code/Project-HHH/HHH/.venv/lib/python3.13/site-packages/uvicorn/importer.py", line 21, in import_from_string
    module = importlib.import_module(module_str)
  File "/Library/Frameworks/Python.framework/Versions/3.13/lib/python3.13/importlib/__init__.py", line 88, in import_module
    return _bootstrap._gcd_import(name[level:], package, level)
           ~~~~~~~~~~~~~~~~~~~~~~^^^^^^^^^^^^^^^^^^^^^^^^^^^^^^
  File "<frozen importlib._bootstrap>", line 1387, in _gcd_import
  File "<frozen importlib._bootstrap>", line 1360, in _find_and_load
  File "<frozen importlib._bootstrap>", line 1331, in _find_and_load_unlocked
  File "<frozen importlib._bootstrap>", line 935, in _load_unlocked
  File "<frozen importlib._bootstrap_external>", line 1026, in exec_module
  File "<frozen importlib._bootstrap>", line 488, in _call_with_frames_removed
  File "/Users/rakesh_arrepu/code/Project-HHH/HHH/backend/main.py", line 25, in <module>
    from api.graphql.schema import schema  # type: ignore  # noqa: E402
    ^^^^^^^^^^^^^^^^^^^^^^^^^^^^^^^^^^^^^
  File "/Users/rakesh_arrepu/code/Project-HHH/HHH/backend/src/api/graphql/schema.py", line 54, in <module>
    @dataclass
     ^^^^^^^^^
  File "/Library/Frameworks/Python.framework/Versions/3.13/lib/python3.13/dataclasses.py", line 1305, in dataclass
    return wrap(cls)
  File "/Library/Frameworks/Python.framework/Versions/3.13/lib/python3.13/dataclasses.py", line 1295, in wrap
    return _process_class(cls, init, repr, eq, order, unsafe_hash,
                          frozen, match_args, kw_only, slots,
                          weakref_slot)
  File "/Library/Frameworks/Python.framework/Versions/3.13/lib/python3.13/dataclasses.py", line 1032, in _process_class
    raise TypeError(f'{name!r} is a field but has no type annotation')
TypeError: 'section_type_snake' is a field but has no type annotation
WARNING:  StatReload detected changes in 'src/api/graphql/schema.py'. Reloading...
INFO:     Started server process [9491]
INFO:     Waiting for application startup.
2025-10-27 20:43:19,524 INFO sqlalchemy.engine.Engine BEGIN (implicit)
2025-10-27 20:43:19,524 INFO sqlalchemy.engine.Engine PRAGMA main.table_info("roles")
2025-10-27 20:43:19,524 INFO sqlalchemy.engine.Engine [raw sql] ()
2025-10-27 20:43:19,525 INFO sqlalchemy.engine.Engine PRAGMA main.table_info("users")
2025-10-27 20:43:19,525 INFO sqlalchemy.engine.Engine [raw sql] ()
2025-10-27 20:43:19,525 INFO sqlalchemy.engine.Engine PRAGMA main.table_info("groups")
2025-10-27 20:43:19,525 INFO sqlalchemy.engine.Engine [raw sql] ()
2025-10-27 20:43:19,525 INFO sqlalchemy.engine.Engine PRAGMA main.table_info("group_members")
2025-10-27 20:43:19,525 INFO sqlalchemy.engine.Engine [raw sql] ()
2025-10-27 20:43:19,525 INFO sqlalchemy.engine.Engine PRAGMA main.table_info("section_entries")
2025-10-27 20:43:19,525 INFO sqlalchemy.engine.Engine [raw sql] ()
2025-10-27 20:43:19,525 INFO sqlalchemy.engine.Engine PRAGMA main.table_info("notifications")
2025-10-27 20:43:19,525 INFO sqlalchemy.engine.Engine [raw sql] ()
2025-10-27 20:43:19,526 INFO sqlalchemy.engine.Engine PRAGMA main.table_info("audit_logs")
2025-10-27 20:43:19,526 INFO sqlalchemy.engine.Engine [raw sql] ()
2025-10-27 20:43:19,526 INFO sqlalchemy.engine.Engine PRAGMA main.table_info("backup_logs")
2025-10-27 20:43:19,526 INFO sqlalchemy.engine.Engine [raw sql] ()
2025-10-27 20:43:19,526 INFO sqlalchemy.engine.Engine COMMIT
INFO:     Application startup complete.
WARNING:  StatReload detected changes in 'src/api/graphql/schema.py'. Reloading...
INFO:     Shutting down
INFO:     Waiting for application shutdown.
INFO:     Application shutdown complete.
INFO:     Finished server process [9491]
Process SpawnProcess-69:
Traceback (most recent call last):
  File "/Library/Frameworks/Python.framework/Versions/3.13/lib/python3.13/multiprocessing/process.py", line 313, in _bootstrap
    self.run()
    ~~~~~~~~^^
  File "/Library/Frameworks/Python.framework/Versions/3.13/lib/python3.13/multiprocessing/process.py", line 108, in run
    self._target(*self._args, **self._kwargs)
    ~~~~~~~~~~~~^^^^^^^^^^^^^^^^^^^^^^^^^^^^^
  File "/Users/rakesh_arrepu/code/Project-HHH/HHH/.venv/lib/python3.13/site-packages/uvicorn/_subprocess.py", line 76, in subprocess_started
    target(sockets=sockets)
    ~~~~~~^^^^^^^^^^^^^^^^^
  File "/Users/rakesh_arrepu/code/Project-HHH/HHH/.venv/lib/python3.13/site-packages/uvicorn/server.py", line 61, in run
    return asyncio.run(self.serve(sockets=sockets))
           ~~~~~~~~~~~^^^^^^^^^^^^^^^^^^^^^^^^^^^^^
  File "/Library/Frameworks/Python.framework/Versions/3.13/lib/python3.13/asyncio/runners.py", line 195, in run
    return runner.run(main)
           ~~~~~~~~~~^^^^^^
  File "/Library/Frameworks/Python.framework/Versions/3.13/lib/python3.13/asyncio/runners.py", line 118, in run
    return self._loop.run_until_complete(task)
           ~~~~~~~~~~~~~~~~~~~~~~~~~~~~~^^^^^^
  File "/Library/Frameworks/Python.framework/Versions/3.13/lib/python3.13/asyncio/base_events.py", line 725, in run_until_complete
    return future.result()
           ~~~~~~~~~~~~~^^
  File "/Users/rakesh_arrepu/code/Project-HHH/HHH/.venv/lib/python3.13/site-packages/uvicorn/server.py", line 68, in serve
    config.load()
    ~~~~~~~~~~~^^
  File "/Users/rakesh_arrepu/code/Project-HHH/HHH/.venv/lib/python3.13/site-packages/uvicorn/config.py", line 467, in load
    self.loaded_app = import_from_string(self.app)
                      ~~~~~~~~~~~~~~~~~~^^^^^^^^^^
  File "/Users/rakesh_arrepu/code/Project-HHH/HHH/.venv/lib/python3.13/site-packages/uvicorn/importer.py", line 21, in import_from_string
    module = importlib.import_module(module_str)
  File "/Library/Frameworks/Python.framework/Versions/3.13/lib/python3.13/importlib/__init__.py", line 88, in import_module
    return _bootstrap._gcd_import(name[level:], package, level)
           ~~~~~~~~~~~~~~~~~~~~~~^^^^^^^^^^^^^^^^^^^^^^^^^^^^^^
  File "<frozen importlib._bootstrap>", line 1387, in _gcd_import
  File "<frozen importlib._bootstrap>", line 1360, in _find_and_load
  File "<frozen importlib._bootstrap>", line 1331, in _find_and_load_unlocked
  File "<frozen importlib._bootstrap>", line 935, in _load_unlocked
  File "<frozen importlib._bootstrap_external>", line 1026, in exec_module
  File "<frozen importlib._bootstrap>", line 488, in _call_with_frames_removed
  File "/Users/rakesh_arrepu/code/Project-HHH/HHH/backend/main.py", line 25, in <module>
    from api.graphql.schema import schema  # type: ignore  # noqa: E402
    ^^^^^^^^^^^^^^^^^^^^^^^^^^^^^^^^^^^^^
  File "/Users/rakesh_arrepu/code/Project-HHH/HHH/backend/src/api/graphql/schema.py", line 54, in <module>
    @dataclass
     ^^^^^^^^^
  File "/Library/Frameworks/Python.framework/Versions/3.13/lib/python3.13/dataclasses.py", line 1305, in dataclass
    return wrap(cls)
  File "/Library/Frameworks/Python.framework/Versions/3.13/lib/python3.13/dataclasses.py", line 1295, in wrap
    return _process_class(cls, init, repr, eq, order, unsafe_hash,
                          frozen, match_args, kw_only, slots,
                          weakref_slot)
  File "/Library/Frameworks/Python.framework/Versions/3.13/lib/python3.13/dataclasses.py", line 1032, in _process_class
    raise TypeError(f'{name!r} is a field but has no type annotation')
TypeError: 'section_type_alias' is a field but has no type annotation
WARNING:  StatReload detected changes in 'src/api/graphql/schema.py'. Reloading...
INFO:     Started server process [9988]
INFO:     Waiting for application startup.
2025-10-27 20:46:44,732 INFO sqlalchemy.engine.Engine BEGIN (implicit)
2025-10-27 20:46:44,732 INFO sqlalchemy.engine.Engine PRAGMA main.table_info("roles")
2025-10-27 20:46:44,733 INFO sqlalchemy.engine.Engine [raw sql] ()
2025-10-27 20:46:44,734 INFO sqlalchemy.engine.Engine PRAGMA main.table_info("users")
2025-10-27 20:46:44,734 INFO sqlalchemy.engine.Engine [raw sql] ()
2025-10-27 20:46:44,734 INFO sqlalchemy.engine.Engine PRAGMA main.table_info("groups")
2025-10-27 20:46:44,734 INFO sqlalchemy.engine.Engine [raw sql] ()
2025-10-27 20:46:44,734 INFO sqlalchemy.engine.Engine PRAGMA main.table_info("group_members")
2025-10-27 20:46:44,734 INFO sqlalchemy.engine.Engine [raw sql] ()
2025-10-27 20:46:44,735 INFO sqlalchemy.engine.Engine PRAGMA main.table_info("section_entries")
2025-10-27 20:46:44,735 INFO sqlalchemy.engine.Engine [raw sql] ()
2025-10-27 20:46:44,735 INFO sqlalchemy.engine.Engine PRAGMA main.table_info("notifications")
2025-10-27 20:46:44,735 INFO sqlalchemy.engine.Engine [raw sql] ()
2025-10-27 20:46:44,735 INFO sqlalchemy.engine.Engine PRAGMA main.table_info("audit_logs")
2025-10-27 20:46:44,735 INFO sqlalchemy.engine.Engine [raw sql] ()
2025-10-27 20:46:44,735 INFO sqlalchemy.engine.Engine PRAGMA main.table_info("backup_logs")
2025-10-27 20:46:44,735 INFO sqlalchemy.engine.Engine [raw sql] ()
2025-10-27 20:46:44,735 INFO sqlalchemy.engine.Engine COMMIT
INFO:     Application startup complete.
WARNING:  StatReload detected changes in 'src/api/graphql/schema.py'. Reloading...
INFO:     Shutting down
INFO:     Waiting for application shutdown.
INFO:     Application shutdown complete.
INFO:     Finished server process [9988]
INFO:     Started server process [10235]
INFO:     Waiting for application startup.
2025-10-27 20:48:13,913 INFO sqlalchemy.engine.Engine BEGIN (implicit)
2025-10-27 20:48:13,913 INFO sqlalchemy.engine.Engine PRAGMA main.table_info("roles")
2025-10-27 20:48:13,913 INFO sqlalchemy.engine.Engine [raw sql] ()
2025-10-27 20:48:13,915 INFO sqlalchemy.engine.Engine PRAGMA main.table_info("users")
2025-10-27 20:48:13,915 INFO sqlalchemy.engine.Engine [raw sql] ()
2025-10-27 20:48:13,915 INFO sqlalchemy.engine.Engine PRAGMA main.table_info("groups")
2025-10-27 20:48:13,915 INFO sqlalchemy.engine.Engine [raw sql] ()
2025-10-27 20:48:13,915 INFO sqlalchemy.engine.Engine PRAGMA main.table_info("group_members")
2025-10-27 20:48:13,915 INFO sqlalchemy.engine.Engine [raw sql] ()
2025-10-27 20:48:13,915 INFO sqlalchemy.engine.Engine PRAGMA main.table_info("section_entries")
2025-10-27 20:48:13,915 INFO sqlalchemy.engine.Engine [raw sql] ()
2025-10-27 20:48:13,915 INFO sqlalchemy.engine.Engine PRAGMA main.table_info("notifications")
2025-10-27 20:48:13,915 INFO sqlalchemy.engine.Engine [raw sql] ()
2025-10-27 20:48:13,915 INFO sqlalchemy.engine.Engine PRAGMA main.table_info("audit_logs")
2025-10-27 20:48:13,915 INFO sqlalchemy.engine.Engine [raw sql] ()
2025-10-27 20:48:13,915 INFO sqlalchemy.engine.Engine PRAGMA main.table_info("backup_logs")
2025-10-27 20:48:13,915 INFO sqlalchemy.engine.Engine [raw sql] ()
2025-10-27 20:48:13,915 INFO sqlalchemy.engine.Engine COMMIT
INFO:     Application startup complete.
WARNING:  StatReload detected changes in 'src/api/graphql/schema.py'. Reloading...
INFO:     Shutting down
INFO:     Waiting for application shutdown.
INFO:     Application shutdown complete.
INFO:     Finished server process [10235]
INFO:     Started server process [10262]
INFO:     Waiting for application startup.
2025-10-27 20:49:10,297 INFO sqlalchemy.engine.Engine BEGIN (implicit)
2025-10-27 20:49:10,298 INFO sqlalchemy.engine.Engine PRAGMA main.table_info("roles")
2025-10-27 20:49:10,298 INFO sqlalchemy.engine.Engine [raw sql] ()
2025-10-27 20:49:10,299 INFO sqlalchemy.engine.Engine PRAGMA main.table_info("users")
2025-10-27 20:49:10,299 INFO sqlalchemy.engine.Engine [raw sql] ()
2025-10-27 20:49:10,299 INFO sqlalchemy.engine.Engine PRAGMA main.table_info("groups")
2025-10-27 20:49:10,299 INFO sqlalchemy.engine.Engine [raw sql] ()
2025-10-27 20:49:10,299 INFO sqlalchemy.engine.Engine PRAGMA main.table_info("group_members")
2025-10-27 20:49:10,299 INFO sqlalchemy.engine.Engine [raw sql] ()
2025-10-27 20:49:10,299 INFO sqlalchemy.engine.Engine PRAGMA main.table_info("section_entries")
2025-10-27 20:49:10,299 INFO sqlalchemy.engine.Engine [raw sql] ()
2025-10-27 20:49:10,299 INFO sqlalchemy.engine.Engine PRAGMA main.table_info("notifications")
2025-10-27 20:49:10,299 INFO sqlalchemy.engine.Engine [raw sql] ()
2025-10-27 20:49:10,299 INFO sqlalchemy.engine.Engine PRAGMA main.table_info("audit_logs")
2025-10-27 20:49:10,299 INFO sqlalchemy.engine.Engine [raw sql] ()
2025-10-27 20:49:10,299 INFO sqlalchemy.engine.Engine PRAGMA main.table_info("backup_logs")
2025-10-27 20:49:10,299 INFO sqlalchemy.engine.Engine [raw sql] ()
2025-10-27 20:49:10,299 INFO sqlalchemy.engine.Engine COMMIT
INFO:     Application startup complete.
WARNING:  StatReload detected changes in 'src/api/graphql/schema.py'. Reloading...
INFO:     Shutting down
INFO:     Waiting for application shutdown.
INFO:     Application shutdown complete.
INFO:     Finished server process [10262]
INFO:     Started server process [10284]
INFO:     Waiting for application startup.
2025-10-27 20:49:46,212 INFO sqlalchemy.engine.Engine BEGIN (implicit)
2025-10-27 20:49:46,212 INFO sqlalchemy.engine.Engine PRAGMA main.table_info("roles")
2025-10-27 20:49:46,212 INFO sqlalchemy.engine.Engine [raw sql] ()
2025-10-27 20:49:46,213 INFO sqlalchemy.engine.Engine PRAGMA main.table_info("users")
2025-10-27 20:49:46,213 INFO sqlalchemy.engine.Engine [raw sql] ()
2025-10-27 20:49:46,213 INFO sqlalchemy.engine.Engine PRAGMA main.table_info("groups")
2025-10-27 20:49:46,213 INFO sqlalchemy.engine.Engine [raw sql] ()
2025-10-27 20:49:46,213 INFO sqlalchemy.engine.Engine PRAGMA main.table_info("group_members")
2025-10-27 20:49:46,213 INFO sqlalchemy.engine.Engine [raw sql] ()
2025-10-27 20:49:46,213 INFO sqlalchemy.engine.Engine PRAGMA main.table_info("section_entries")
2025-10-27 20:49:46,213 INFO sqlalchemy.engine.Engine [raw sql] ()
2025-10-27 20:49:46,213 INFO sqlalchemy.engine.Engine PRAGMA main.table_info("notifications")
2025-10-27 20:49:46,213 INFO sqlalchemy.engine.Engine [raw sql] ()
2025-10-27 20:49:46,213 INFO sqlalchemy.engine.Engine PRAGMA main.table_info("audit_logs")
2025-10-27 20:49:46,213 INFO sqlalchemy.engine.Engine [raw sql] ()
2025-10-27 20:49:46,213 INFO sqlalchemy.engine.Engine PRAGMA main.table_info("backup_logs")
2025-10-27 20:49:46,213 INFO sqlalchemy.engine.Engine [raw sql] ()
2025-10-27 20:49:46,213 INFO sqlalchemy.engine.Engine COMMIT
INFO:     Application startup complete.
INFO:     Shutting down
INFO:     Waiting for application shutdown.
INFO:     Application shutdown complete.
INFO:     Finished server process [10284]
INFO:     Stopping reloader process [60941]
